#
# There is insufficient memory for the Java Runtime Environment to continue.
# Native memory allocation (malloc) failed to allocate 2430576 bytes for Chunk::new
# Possible reasons:
#   The system is out of physical RAM or swap space
#   The process is running with CompressedOops enabled, and the Java Heap may be blocking the growth of the native heap
# Possible solutions:
#   Reduce memory load on the system
#   Increase physical memory or swap space
#   Check if swap backing store is full
#   Decrease Java heap size (-Xmx/-Xms)
#   Decrease number of Java threads
#   Decrease Java thread stack sizes (-Xss)
#   Set larger code cache with -XX:ReservedCodeCacheSize=
#   JVM is running with Unscaled Compressed Oops mode in which the Java heap is
#     placed in the first 4GB address space. The Java Heap base address is the
#     maximum limit for the native heap growth. Please use -XX:HeapBaseMinAddress
#     to set the Java Heap base and to place the Java Heap above 4GB virtual address.
# This output file may be truncated or incomplete.
#
#  Out of Memory Error (arena.cpp:189), pid=12128, tid=22276
#
# JRE version: OpenJDK Runtime Environment (17.0.6) (build 17.0.6+0-b2043.56-10027231)
# Java VM: OpenJDK 64-Bit Server VM (17.0.6+0-b2043.56-10027231, mixed mode, tiered, compressed oops, compressed class ptrs, g1 gc, windows-amd64)
# No core dump will be written. Minidumps are not enabled by default on client versions of Windows
#

---------------  S U M M A R Y ------------

Command Line: --add-opens=java.base/java.util=ALL-UNNAMED --add-opens=java.base/java.lang=ALL-UNNAMED --add-opens=java.base/java.lang.invoke=ALL-UNNAMED --add-opens=java.base/java.util=ALL-UNNAMED --add-opens=java.prefs/java.util.prefs=ALL-UNNAMED --add-opens=java.prefs/java.util.prefs=ALL-UNNAMED --add-opens=java.base/java.nio.charset=ALL-UNNAMED --add-opens=java.base/java.net=ALL-UNNAMED --add-opens=java.base/java.util.concurrent.atomic=ALL-UNNAMED -Xmx1536M -Dfile.encoding=windows-1252 -Duser.country=US -Duser.language=en -Duser.variant org.gradle.launcher.daemon.bootstrap.GradleDaemon 7.5

Host: Intel(R) Core(TM) i5-1035G1 CPU @ 1.00GHz, 8 cores, 15G,  Windows 10 , 64 bit Build 19041 (10.0.19041.4717)
Time: Tue Sep 10 15:49:29 2024 Pakistan Standard Time elapsed time: 52.323717 seconds (0d 0h 0m 52s)

---------------  T H R E A D  ---------------

Current thread (0x000001fedd659f90):  JavaThread "C2 CompilerThread1" daemon [_thread_in_native, id=22276, stack(0x0000005997100000,0x0000005997200000)]


Current CompileTask:
C2:  52323 10172   !   4       org.gradle.internal.service.DefaultServiceRegistry$ManagedObjectServiceProvider::getInstance (47 bytes)

Stack: [0x0000005997100000,0x0000005997200000]
Native frames: (J=compiled Java code, j=interpreted, Vv=VM code, C=native code)
V  [jvm.dll+0x683c9a]
V  [jvm.dll+0x8427a4]
V  [jvm.dll+0x843f9e]
V  [jvm.dll+0x844603]
V  [jvm.dll+0x249b75]
V  [jvm.dll+0xabcac]
V  [jvm.dll+0xac27c]
V  [jvm.dll+0x368857]
V  [jvm.dll+0x332f31]
V  [jvm.dll+0x3323da]
V  [jvm.dll+0x21c201]
V  [jvm.dll+0x21b621]
V  [jvm.dll+0x1a4fdd]
V  [jvm.dll+0x22b098]
V  [jvm.dll+0x229159]
V  [jvm.dll+0x7f81ec]
V  [jvm.dll+0x7f274a]
V  [jvm.dll+0x682ad5]
C  [ucrtbase.dll+0x21bb2]
C  [KERNEL32.DLL+0x17374]
C  [ntdll.dll+0x4cc91]


---------------  P R O C E S S  ---------------

Threads class SMR info:
_java_thread_list=0x000001fee3378740, length=129, elements={
0x000001fec0015fc0, 0x000001fed8c04260, 0x000001fed8c04d20, 0x000001fed84ee4f0,
0x000001fed8c37010, 0x000001fed8c38440, 0x000001fed8c4db80, 0x000001fed8c537f0,
0x000001fed8c57410, 0x000001fed8c584d0, 0x000001fed8dbb020, 0x000001fed8dc1510,
0x000001fedc259ee0, 0x000001feda642250, 0x000001fedbc5fad0, 0x000001fedc15e160,
0x000001fedc0b0f10, 0x000001fed9cdb4c0, 0x000001fedaa26cc0, 0x000001fed8f4c3b0,
0x000001fed8f4b070, 0x000001fed8f4c880, 0x000001fed8f4ba10, 0x000001fed8f4bee0,
0x000001fedc0f9ed0, 0x000001fedc0f7d20, 0x000001fedc0fad40, 0x000001fedc0fb210,
0x000001fedc0fcef0, 0x000001fedc0fca20, 0x000001fedc0febd0, 0x000001fedc0f9a00,
0x000001fedc0fa3a0, 0x000001fedc0f9060, 0x000001fedc0ff570, 0x000001fedc0fe700,
0x000001fedc0fd3c0, 0x000001fedc0f86c0, 0x000001fedc0fd890, 0x000001fedc0fbbb0,
0x000001fedc0fdd60, 0x000001fedc0fe230, 0x000001fedc0fc080, 0x000001fedc0fc550,
0x000001fedc9db000, 0x000001fedc9da660, 0x000001fedc9db4d0, 0x000001fedc9d8980,
0x000001fedc9de4f0, 0x000001fedc9d8e50, 0x000001fedc9db9a0, 0x000001fedc9de9c0,
0x000001fedc9d9320, 0x000001fedc9df360, 0x000001fedc9d97f0, 0x000001fedc9dd680,
0x000001fedc9dee90, 0x000001fedc9d9cc0, 0x000001fedc9d7b10, 0x000001fedc9d84b0,
0x000001fedc9de020, 0x000001fedc9dcce0, 0x000001fedc9dab30, 0x000001fedc9dc810,
0x000001fedc9dbe70, 0x000001fedc9da190, 0x000001fedc9dc340, 0x000001fedc9d7fe0,
0x000001fedc9dd1b0, 0x000001fedc9ddb50, 0x000001feda67f810, 0x000001feda6801b0,
0x000001feda67c320, 0x000001feda67e4d0, 0x000001feda67e9a0, 0x000001feda67ee70,
0x000001feda680680, 0x000001feda67f340, 0x000001feda67fce0, 0x000001feda67c7f0,
0x000001feda6819c0, 0x000001feda67d660, 0x000001feda680b50, 0x000001feda681020,
0x000001feda67ccc0, 0x000001feda67d190, 0x000001feda6814f0, 0x000001feda67db30,
0x000001feda67e000, 0x000001feda67b980, 0x000001feda681e90, 0x000001feda67a640,
0x000001feda67ab10, 0x000001feda67afe0, 0x000001feda67b4b0, 0x000001feda67be50,
0x000001fedaf6ea40, 0x000001fedaf6d700, 0x000001fedaf6ef10, 0x000001fedaf6dbd0,
0x000001fedaf6e0a0, 0x000001fedaf70250, 0x000001fedaf6d230, 0x000001fedaf6f3e0,
0x000001fedaf70720, 0x000001fedaf6f8b0, 0x000001fedaf6fd80, 0x000001fedaf70bf0,
0x000001fedaf6e570, 0x000001fedcf7a8c0, 0x000001fedcf7b260, 0x000001fedcf7ec20,
0x000001fedcf78710, 0x000001fedcf79580, 0x000001fedcf7ddb0, 0x000001fedcf7ca70,
0x000001fedcf7b730, 0x000001fedcf7d8e0, 0x000001fedcf79a50, 0x000001fedcf7e280,
0x000001fedcf79f20, 0x000001fedcf7f0f0, 0x000001fedcf7e750, 0x000001fedcf78be0,
0x000001fedcf7bc00, 0x000001fedcf7c0d0, 0x000001fedc897f90, 0x000001fedd659f90,
0x000001fedd65a4a0
}

Java Threads: ( => current thread )
  0x000001fec0015fc0 JavaThread "main" [_thread_blocked, id=22368, stack(0x0000005993a00000,0x0000005993b00000)]
  0x000001fed8c04260 JavaThread "Reference Handler" daemon [_thread_blocked, id=25172, stack(0x0000005994100000,0x0000005994200000)]
  0x000001fed8c04d20 JavaThread "Finalizer" daemon [_thread_blocked, id=20296, stack(0x0000005994200000,0x0000005994300000)]
  0x000001fed84ee4f0 JavaThread "Signal Dispatcher" daemon [_thread_blocked, id=18324, stack(0x0000005994300000,0x0000005994400000)]
  0x000001fed8c37010 JavaThread "Attach Listener" daemon [_thread_blocked, id=28216, stack(0x0000005994400000,0x0000005994500000)]
  0x000001fed8c38440 JavaThread "Service Thread" daemon [_thread_blocked, id=21192, stack(0x0000005994500000,0x0000005994600000)]
  0x000001fed8c4db80 JavaThread "Monitor Deflation Thread" daemon [_thread_blocked, id=10740, stack(0x0000005994600000,0x0000005994700000)]
  0x000001fed8c537f0 JavaThread "C2 CompilerThread0" daemon [_thread_in_native, id=27672, stack(0x0000005994700000,0x0000005994800000)]
  0x000001fed8c57410 JavaThread "C1 CompilerThread0" daemon [_thread_blocked, id=18280, stack(0x0000005994800000,0x0000005994900000)]
  0x000001fed8c584d0 JavaThread "Sweeper thread" daemon [_thread_blocked, id=17320, stack(0x0000005994900000,0x0000005994a00000)]
  0x000001fed8dbb020 JavaThread "Common-Cleaner" daemon [_thread_blocked, id=24556, stack(0x0000005994a00000,0x0000005994b00000)]
  0x000001fed8dc1510 JavaThread "Notification Thread" daemon [_thread_blocked, id=13384, stack(0x0000005994b00000,0x0000005994c00000)]
  0x000001fedc259ee0 JavaThread "Daemon health stats" [_thread_blocked, id=14940, stack(0x0000005995400000,0x0000005995500000)]
  0x000001feda642250 JavaThread "Incoming local TCP Connector on port 53378" [_thread_in_native, id=18600, stack(0x0000005995300000,0x0000005995400000)]
  0x000001fedbc5fad0 JavaThread "Daemon periodic checks" [_thread_blocked, id=26768, stack(0x0000005995500000,0x0000005995600000)]
  0x000001fedc15e160 JavaThread "Daemon" [_thread_blocked, id=22284, stack(0x0000005995600000,0x0000005995700000)]
  0x000001fedc0b0f10 JavaThread "Handler for socket connection from /127.0.0.1:53378 to /127.0.0.1:53379" [_thread_in_native, id=14848, stack(0x0000005995700000,0x0000005995800000)]
  0x000001fed9cdb4c0 JavaThread "Cancel handler" [_thread_blocked, id=4816, stack(0x0000005995800000,0x0000005995900000)]
  0x000001fedaa26cc0 JavaThread "Daemon worker" [_thread_in_vm, id=25776, stack(0x0000005994d00000,0x0000005994e00000)]
  0x000001fed8f4c3b0 JavaThread "Asynchronous log dispatcher for DefaultDaemonConnection: socket connection from /127.0.0.1:53378 to /127.0.0.1:53379" [_thread_blocked, id=27404, stack(0x0000005995900000,0x0000005995a00000)]
  0x000001fed8f4b070 JavaThread "Stdin handler" [_thread_blocked, id=15308, stack(0x0000005995a00000,0x0000005995b00000)]
  0x000001fed8f4c880 JavaThread "Daemon client event forwarder" [_thread_blocked, id=24668, stack(0x0000005995b00000,0x0000005995c00000)]
  0x000001fed8f4ba10 JavaThread "Cache worker for journal cache (C:\Users\javedmughal\.gradle\caches\journal-1)" [_thread_blocked, id=27596, stack(0x0000005995c00000,0x0000005995d00000)]
  0x000001fed8f4bee0 JavaThread "File lock request listener" [_thread_in_native, id=7548, stack(0x0000005995d00000,0x0000005995e00000)]
  0x000001fedc0f9ed0 JavaThread "Cache worker for file hash cache (C:\Users\javedmughal\.gradle\caches\7.5\fileHashes)" [_thread_blocked, id=19700, stack(0x0000005996100000,0x0000005996200000)]
  0x000001fedc0f7d20 JavaThread "File watcher server" daemon [_thread_in_native, id=26888, stack(0x0000005996400000,0x0000005996500000)]
  0x000001fedc0fad40 JavaThread "File watcher consumer" daemon [_thread_blocked, id=14120, stack(0x0000005996500000,0x0000005996600000)]
  0x000001fedc0fb210 JavaThread "Cache worker for checksums cache (D:\javed_mughal\my_work\personal\Github_Projects\barcode_scanner_app\android\.gradle\7.5\checksums)" [_thread_blocked, id=24740, stack(0x0000005996600000,0x0000005996700000)]
  0x000001fedc0fcef0 JavaThread "Cache worker for cache directory md-rule (C:\Users\javedmughal\.gradle\caches\7.5\md-rule)" [_thread_blocked, id=27268, stack(0x0000005996700000,0x0000005996800000)]
  0x000001fedc0fca20 JavaThread "Cache worker for file content cache (C:\Users\javedmughal\.gradle\caches\7.5\fileContent)" [_thread_blocked, id=14588, stack(0x0000005996800000,0x0000005996900000)]
  0x000001fedc0febd0 JavaThread "Cache worker for file hash cache (D:\javed_mughal\my_work\personal\Github_Projects\barcode_scanner_app\android\.gradle\7.5\fileHashes)" [_thread_blocked, id=23024, stack(0x0000005996900000,0x0000005996a00000)]
  0x000001fedc0f9a00 JavaThread "Cache worker for cache directory md-supplier (C:\Users\javedmughal\.gradle\caches\7.5\md-supplier)" [_thread_blocked, id=22220, stack(0x0000005996200000,0x0000005996300000)]
  0x000001fedc0fa3a0 JavaThread "File lock release action executor" [_thread_blocked, id=24172, stack(0x0000005996300000,0x0000005996400000)]
  0x000001fedc0f9060 JavaThread "Cache worker for execution history cache (C:\Users\javedmughal\.gradle\caches\7.5\executionHistory)" [_thread_blocked, id=25264, stack(0x0000005996b00000,0x0000005996c00000)]
  0x000001fedc0ff570 JavaThread "jar transforms" [_thread_blocked, id=4520, stack(0x0000005996d00000,0x0000005996e00000)]
  0x000001fedc0fe700 JavaThread "jar transforms Thread 2" [_thread_blocked, id=16452, stack(0x0000005996e00000,0x0000005996f00000)]
  0x000001fedc0fd3c0 JavaThread "jar transforms Thread 3" [_thread_blocked, id=14364, stack(0x0000005996c00000,0x0000005996d00000)]
  0x000001fedc0f86c0 JavaThread "jar transforms Thread 4" [_thread_blocked, id=10608, stack(0x0000005996f00000,0x0000005997000000)]
  0x000001fedc0fd890 JavaThread "Cache worker for dependencies-accessors (D:\javed_mughal\my_work\personal\Github_Projects\barcode_scanner_app\android\.gradle\7.5\dependencies-accessors)" [_thread_blocked, id=15128, stack(0x0000005997000000,0x0000005997100000)]
  0x000001fedc0fbbb0 JavaThread "jar transforms Thread 5" [_thread_blocked, id=1528, stack(0x0000005997200000,0x0000005997300000)]
  0x000001fedc0fdd60 JavaThread "Cache worker for Build Output Cleanup Cache (D:\javed_mughal\my_work\personal\Github_Projects\barcode_scanner_app\android\.gradle\buildOutputCleanup)" [_thread_blocked, id=21988, stack(0x0000005997300000,0x0000005997400000)]
  0x000001fedc0fe230 JavaThread "Unconstrained build operations" [_thread_blocked, id=27304, stack(0x0000005997400000,0x0000005997500000)]
  0x000001fedc0fc080 JavaThread "Unconstrained build operations Thread 2" [_thread_blocked, id=21420, stack(0x0000005997500000,0x0000005997600000)]
  0x000001fedc0fc550 JavaThread "Unconstrained build operations Thread 3" [_thread_blocked, id=16808, stack(0x0000005997600000,0x0000005997700000)]
  0x000001fedc9db000 JavaThread "Unconstrained build operations Thread 4" [_thread_blocked, id=16104, stack(0x0000005997700000,0x0000005997800000)]
  0x000001fedc9da660 JavaThread "Unconstrained build operations Thread 5" [_thread_blocked, id=25180, stack(0x0000005997800000,0x0000005997900000)]
  0x000001fedc9db4d0 JavaThread "Unconstrained build operations Thread 6" [_thread_blocked, id=24332, stack(0x0000005997900000,0x0000005997a00000)]
  0x000001fedc9d8980 JavaThread "Unconstrained build operations Thread 7" [_thread_blocked, id=19128, stack(0x0000005997a00000,0x0000005997b00000)]
  0x000001fedc9de4f0 JavaThread "Unconstrained build operations Thread 8" [_thread_blocked, id=7584, stack(0x0000005997b00000,0x0000005997c00000)]
  0x000001fedc9d8e50 JavaThread "Unconstrained build operations Thread 9" [_thread_blocked, id=25396, stack(0x0000005997c00000,0x0000005997d00000)]
  0x000001fedc9db9a0 JavaThread "Unconstrained build operations Thread 10" [_thread_blocked, id=20940, stack(0x0000005997d00000,0x0000005997e00000)]
  0x000001fedc9de9c0 JavaThread "Unconstrained build operations Thread 11" [_thread_blocked, id=15568, stack(0x0000005997e00000,0x0000005997f00000)]
  0x000001fedc9d9320 JavaThread "Unconstrained build operations Thread 12" [_thread_blocked, id=7132, stack(0x0000005997f00000,0x0000005998000000)]
  0x000001fedc9df360 JavaThread "Unconstrained build operations Thread 13" [_thread_blocked, id=22912, stack(0x0000005998000000,0x0000005998100000)]
  0x000001fedc9d97f0 JavaThread "Unconstrained build operations Thread 14" [_thread_blocked, id=21528, stack(0x0000005998100000,0x0000005998200000)]
  0x000001fedc9dd680 JavaThread "Unconstrained build operations Thread 15" [_thread_blocked, id=3260, stack(0x0000005998200000,0x0000005998300000)]
  0x000001fedc9dee90 JavaThread "Unconstrained build operations Thread 16" [_thread_blocked, id=23820, stack(0x0000005998300000,0x0000005998400000)]
  0x000001fedc9d9cc0 JavaThread "Unconstrained build operations Thread 17" [_thread_blocked, id=14068, stack(0x0000005998400000,0x0000005998500000)]
  0x000001fedc9d7b10 JavaThread "Unconstrained build operations Thread 18" [_thread_blocked, id=28640, stack(0x0000005998500000,0x0000005998600000)]
  0x000001fedc9d84b0 JavaThread "Unconstrained build operations Thread 19" [_thread_blocked, id=20356, stack(0x0000005998600000,0x0000005998700000)]
  0x000001fedc9de020 JavaThread "Unconstrained build operations Thread 20" [_thread_blocked, id=9456, stack(0x0000005998700000,0x0000005998800000)]
  0x000001fedc9dcce0 JavaThread "Unconstrained build operations Thread 21" [_thread_blocked, id=27324, stack(0x0000005998800000,0x0000005998900000)]
  0x000001fedc9dab30 JavaThread "Unconstrained build operations Thread 22" [_thread_blocked, id=27676, stack(0x0000005998900000,0x0000005998a00000)]
  0x000001fedc9dc810 JavaThread "Unconstrained build operations Thread 23" [_thread_blocked, id=7956, stack(0x0000005998a00000,0x0000005998b00000)]
  0x000001fedc9dbe70 JavaThread "Unconstrained build operations Thread 24" [_thread_blocked, id=25992, stack(0x0000005998b00000,0x0000005998c00000)]
  0x000001fedc9da190 JavaThread "Unconstrained build operations Thread 25" [_thread_blocked, id=20952, stack(0x0000005998c00000,0x0000005998d00000)]
  0x000001fedc9dc340 JavaThread "Unconstrained build operations Thread 26" [_thread_blocked, id=11568, stack(0x0000005998d00000,0x0000005998e00000)]
  0x000001fedc9d7fe0 JavaThread "Unconstrained build operations Thread 27" [_thread_blocked, id=19640, stack(0x0000005998e00000,0x0000005998f00000)]
  0x000001fedc9dd1b0 JavaThread "Unconstrained build operations Thread 28" [_thread_blocked, id=11288, stack(0x0000005998f00000,0x0000005999000000)]
  0x000001fedc9ddb50 JavaThread "Unconstrained build operations Thread 29" [_thread_blocked, id=2760, stack(0x0000005999000000,0x0000005999100000)]
  0x000001feda67f810 JavaThread "Unconstrained build operations Thread 30" [_thread_blocked, id=16052, stack(0x0000005999100000,0x0000005999200000)]
  0x000001feda6801b0 JavaThread "Unconstrained build operations Thread 31" [_thread_blocked, id=9556, stack(0x0000005999200000,0x0000005999300000)]
  0x000001feda67c320 JavaThread "Unconstrained build operations Thread 32" [_thread_blocked, id=16648, stack(0x0000005999300000,0x0000005999400000)]
  0x000001feda67e4d0 JavaThread "Unconstrained build operations Thread 33" [_thread_blocked, id=11616, stack(0x0000005999400000,0x0000005999500000)]
  0x000001feda67e9a0 JavaThread "Unconstrained build operations Thread 34" [_thread_blocked, id=20936, stack(0x0000005999500000,0x0000005999600000)]
  0x000001feda67ee70 JavaThread "Unconstrained build operations Thread 35" [_thread_blocked, id=18504, stack(0x0000005999600000,0x0000005999700000)]
  0x000001feda680680 JavaThread "Unconstrained build operations Thread 36" [_thread_blocked, id=25024, stack(0x0000005999700000,0x0000005999800000)]
  0x000001feda67f340 JavaThread "Unconstrained build operations Thread 37" [_thread_blocked, id=13060, stack(0x0000005999800000,0x0000005999900000)]
  0x000001feda67fce0 JavaThread "Unconstrained build operations Thread 38" [_thread_blocked, id=12428, stack(0x0000005999900000,0x0000005999a00000)]
  0x000001feda67c7f0 JavaThread "Unconstrained build operations Thread 39" [_thread_blocked, id=23004, stack(0x0000005999a00000,0x0000005999b00000)]
  0x000001feda6819c0 JavaThread "Unconstrained build operations Thread 40" [_thread_blocked, id=22680, stack(0x0000005999b00000,0x0000005999c00000)]
  0x000001feda67d660 JavaThread "Unconstrained build operations Thread 41" [_thread_blocked, id=25252, stack(0x0000005999c00000,0x0000005999d00000)]
  0x000001feda680b50 JavaThread "Unconstrained build operations Thread 42" [_thread_blocked, id=3912, stack(0x0000005999d00000,0x0000005999e00000)]
  0x000001feda681020 JavaThread "Unconstrained build operations Thread 43" [_thread_blocked, id=5568, stack(0x0000005999e00000,0x0000005999f00000)]
  0x000001feda67ccc0 JavaThread "Unconstrained build operations Thread 44" [_thread_blocked, id=27100, stack(0x0000005999f00000,0x000000599a000000)]
  0x000001feda67d190 JavaThread "Unconstrained build operations Thread 45" [_thread_blocked, id=21632, stack(0x000000599a000000,0x000000599a100000)]
  0x000001feda6814f0 JavaThread "Unconstrained build operations Thread 46" [_thread_blocked, id=7524, stack(0x000000599a100000,0x000000599a200000)]
  0x000001feda67db30 JavaThread "Unconstrained build operations Thread 47" [_thread_blocked, id=3512, stack(0x000000599a200000,0x000000599a300000)]
  0x000001feda67e000 JavaThread "Unconstrained build operations Thread 48" [_thread_blocked, id=25056, stack(0x000000599a300000,0x000000599a400000)]
  0x000001feda67b980 JavaThread "Unconstrained build operations Thread 49" [_thread_blocked, id=9660, stack(0x000000599a400000,0x000000599a500000)]
  0x000001feda681e90 JavaThread "Unconstrained build operations Thread 50" [_thread_blocked, id=22460, stack(0x000000599a500000,0x000000599a600000)]
  0x000001feda67a640 JavaThread "Unconstrained build operations Thread 51" [_thread_blocked, id=18544, stack(0x000000599a600000,0x000000599a700000)]
  0x000001feda67ab10 JavaThread "Unconstrained build operations Thread 52" [_thread_blocked, id=9924, stack(0x000000599a700000,0x000000599a800000)]
  0x000001feda67afe0 JavaThread "Unconstrained build operations Thread 53" [_thread_blocked, id=14700, stack(0x000000599a800000,0x000000599a900000)]
  0x000001feda67b4b0 JavaThread "Unconstrained build operations Thread 54" [_thread_blocked, id=18648, stack(0x000000599a900000,0x000000599aa00000)]
  0x000001feda67be50 JavaThread "Unconstrained build operations Thread 55" [_thread_blocked, id=24960, stack(0x000000599aa00000,0x000000599ab00000)]
  0x000001fedaf6ea40 JavaThread "Unconstrained build operations Thread 56" [_thread_blocked, id=19400, stack(0x000000599ab00000,0x000000599ac00000)]
  0x000001fedaf6d700 JavaThread "Unconstrained build operations Thread 57" [_thread_blocked, id=3312, stack(0x000000599ac00000,0x000000599ad00000)]
  0x000001fedaf6ef10 JavaThread "Unconstrained build operations Thread 58" [_thread_blocked, id=14496, stack(0x000000599ad00000,0x000000599ae00000)]
  0x000001fedaf6dbd0 JavaThread "Unconstrained build operations Thread 59" [_thread_blocked, id=24880, stack(0x000000599ae00000,0x000000599af00000)]
  0x000001fedaf6e0a0 JavaThread "Unconstrained build operations Thread 60" [_thread_blocked, id=15420, stack(0x000000599af00000,0x000000599b000000)]
  0x000001fedaf70250 JavaThread "Unconstrained build operations Thread 61" [_thread_blocked, id=11748, stack(0x000000599b000000,0x000000599b100000)]
  0x000001fedaf6d230 JavaThread "Unconstrained build operations Thread 62" [_thread_blocked, id=28084, stack(0x000000599b100000,0x000000599b200000)]
  0x000001fedaf6f3e0 JavaThread "Unconstrained build operations Thread 63" [_thread_blocked, id=27412, stack(0x000000599b200000,0x000000599b300000)]
  0x000001fedaf70720 JavaThread "Unconstrained build operations Thread 64" [_thread_blocked, id=17288, stack(0x000000599b300000,0x000000599b400000)]
  0x000001fedaf6f8b0 JavaThread "Unconstrained build operations Thread 65" [_thread_blocked, id=27332, stack(0x000000599b400000,0x000000599b500000)]
  0x000001fedaf6fd80 JavaThread "Unconstrained build operations Thread 66" [_thread_blocked, id=25804, stack(0x000000599b500000,0x000000599b600000)]
  0x000001fedaf70bf0 JavaThread "Unconstrained build operations Thread 67" [_thread_blocked, id=23608, stack(0x000000599b600000,0x000000599b700000)]
  0x000001fedaf6e570 JavaThread "Unconstrained build operations Thread 68" [_thread_blocked, id=27316, stack(0x000000599b700000,0x000000599b800000)]
  0x000001fedcf7a8c0 JavaThread "Unconstrained build operations Thread 69" [_thread_blocked, id=26864, stack(0x000000599b800000,0x000000599b900000)]
  0x000001fedcf7b260 JavaThread "Unconstrained build operations Thread 70" [_thread_blocked, id=19012, stack(0x000000599b900000,0x000000599ba00000)]
  0x000001fedcf7ec20 JavaThread "Unconstrained build operations Thread 71" [_thread_blocked, id=21732, stack(0x000000599ba00000,0x000000599bb00000)]
  0x000001fedcf78710 JavaThread "Unconstrained build operations Thread 72" [_thread_blocked, id=23264, stack(0x000000599bb00000,0x000000599bc00000)]
  0x000001fedcf79580 JavaThread "Unconstrained build operations Thread 73" [_thread_blocked, id=4080, stack(0x000000599bc00000,0x000000599bd00000)]
  0x000001fedcf7ddb0 JavaThread "Unconstrained build operations Thread 74" [_thread_blocked, id=15676, stack(0x000000599bd00000,0x000000599be00000)]
  0x000001fedcf7ca70 JavaThread "Unconstrained build operations Thread 75" [_thread_blocked, id=14400, stack(0x000000599be00000,0x000000599bf00000)]
  0x000001fedcf7b730 JavaThread "Unconstrained build operations Thread 76" [_thread_blocked, id=27692, stack(0x000000599bf00000,0x000000599c000000)]
  0x000001fedcf7d8e0 JavaThread "Unconstrained build operations Thread 77" [_thread_blocked, id=26140, stack(0x000000599c000000,0x000000599c100000)]
  0x000001fedcf79a50 JavaThread "Unconstrained build operations Thread 78" [_thread_blocked, id=10028, stack(0x000000599c100000,0x000000599c200000)]
  0x000001fedcf7e280 JavaThread "Unconstrained build operations Thread 79" [_thread_blocked, id=26660, stack(0x000000599c200000,0x000000599c300000)]
  0x000001fedcf79f20 JavaThread "Unconstrained build operations Thread 80" [_thread_blocked, id=26820, stack(0x000000599c300000,0x000000599c400000)]
  0x000001fedcf7f0f0 JavaThread "jar transforms Thread 6" [_thread_blocked, id=2640, stack(0x000000599c400000,0x000000599c500000)]
  0x000001fedcf7e750 JavaThread "jar transforms Thread 7" [_thread_blocked, id=22248, stack(0x000000599c500000,0x000000599c600000)]
  0x000001fedcf78be0 JavaThread "jar transforms Thread 8" [_thread_blocked, id=13228, stack(0x000000599c600000,0x000000599c700000)]
  0x000001fedcf7bc00 JavaThread "Memory manager" [_thread_blocked, id=12012, stack(0x000000599c700000,0x000000599c800000)]
  0x000001fedcf7c0d0 JavaThread "Cache worker for kotlin-dsl (C:\Users\javedmughal\.gradle\caches\7.5\kotlin-dsl)" [_thread_blocked, id=25552, stack(0x0000005993700000,0x0000005993800000)]
  0x000001fedc897f90 JavaThread "File lock release action executor Thread 2" [_thread_blocked, id=28440, stack(0x0000005993800000,0x0000005993900000)]
=>0x000001fedd659f90 JavaThread "C2 CompilerThread1" daemon [_thread_in_native, id=22276, stack(0x0000005997100000,0x0000005997200000)]
  0x000001fedd65a4a0 JavaThread "C2 CompilerThread2" daemon [_thread_in_native, id=11292, stack(0x000000599c800000,0x000000599c900000)]

Other Threads:
  0x000001fed8bf07d0 VMThread "VM Thread" [stack: 0x0000005994000000,0x0000005994100000] [id=22088]
  0x000001fec0077350 WatcherThread [stack: 0x0000005994c00000,0x0000005994d00000] [id=24804]
  0x000001fec0060d90 GCTaskThread "GC Thread#0" [stack: 0x0000005993b00000,0x0000005993c00000] [id=8064]
  0x000001feda2681a0 GCTaskThread "GC Thread#1" [stack: 0x0000005994e00000,0x0000005994f00000] [id=1708]
  0x000001feda268450 GCTaskThread "GC Thread#2" [stack: 0x0000005994f00000,0x0000005995000000] [id=7076]
  0x000001feda267430 GCTaskThread "GC Thread#3" [stack: 0x0000005995000000,0x0000005995100000] [id=27352]
  0x000001feda266ed0 GCTaskThread "GC Thread#4" [stack: 0x0000005995100000,0x0000005995200000] [id=24756]
  0x000001feda2676e0 GCTaskThread "GC Thread#5" [stack: 0x0000005995200000,0x0000005995300000] [id=22640]
  0x000001feda267990 GCTaskThread "GC Thread#6" [stack: 0x0000005995e00000,0x0000005995f00000] [id=24316]
  0x000001fedbf59320 GCTaskThread "GC Thread#7" [stack: 0x0000005995f00000,0x0000005996000000] [id=25512]
  0x000001fec006eff0 ConcurrentGCThread "G1 Main Marker" [stack: 0x0000005993c00000,0x0000005993d00000] [id=7540]
  0x000001fec00710c0 ConcurrentGCThread "G1 Conc#0" [stack: 0x0000005993d00000,0x0000005993e00000] [id=22712]
  0x000001fedbf5b610 ConcurrentGCThread "G1 Conc#1" [stack: 0x0000005996000000,0x0000005996100000] [id=15168]
  0x000001fed83c6360 ConcurrentGCThread "G1 Refine#0" [stack: 0x0000005993e00000,0x0000005993f00000] [id=4860]
  0x000001fed83c6a30 ConcurrentGCThread "G1 Service" [stack: 0x0000005993f00000,0x0000005994000000] [id=25700]

Threads with active compile tasks:
C2 CompilerThread0    53219 10398       4       org.gradle.internal.instantiation.generator.AbstractClassGenerator$DslMixInPropertyType::visitInstanceMethod (104 bytes)
C2 CompilerThread1    53219 10172   !   4       org.gradle.internal.service.DefaultServiceRegistry$ManagedObjectServiceProvider::getInstance (47 bytes)
C2 CompilerThread2    53220 10171       4       org.gradle.internal.service.DefaultServiceRegistry$SingletonService::get (5 bytes)

VM state: not at safepoint (normal execution)

VM Mutex/Monitor currently owned by a thread:  ([mutex/lock_event])
[0x000001fec0011bf0] Metaspace_lock - owner thread: 0x000001fedaa26cc0

Heap address: 0x00000000a0000000, size: 1536 MB, Compressed Oops mode: 32-bit

CDS archive(s) not mapped
Compressed class space mapped at: 0x0000000100000000-0x0000000140000000, reserved size: 1073741824
Narrow klass base: 0x0000000000000000, Narrow klass shift: 3, Narrow klass range: 0x140000000

GC Precious Log:
 CPUs: 8 total, 8 available
 Memory: 16151M
 Large Page Support: Disabled
 NUMA Support: Disabled
 Compressed Oops: Enabled (32-bit)
 Heap Region Size: 1M
 Heap Min Capacity: 8M
 Heap Initial Capacity: 254M
 Heap Max Capacity: 1536M
 Pre-touch: Disabled
 Parallel Workers: 8
 Concurrent Workers: 2
 Concurrent Refinement Workers: 8
 Periodic GC: Disabled

Heap:
 garbage-first heap   total 132096K, used 110388K [0x00000000a0000000, 0x0000000100000000)
  region size 1024K, 3 young (3072K), 1 survivors (1024K)
 Metaspace       used 84706K, committed 85440K, reserved 1122304K
  class space    used 11497K, committed 11840K, reserved 1048576K

Heap Regions: E=young(eden), S=young(survivor), O=old, HS=humongous(starts), HC=humongous(continues), CS=collection set, F=free, OA=open archive, CA=closed archive, TAMS=top-at-mark-start (previous, next)
|   0|0x00000000a0000000, 0x00000000a0100000, 0x00000000a0100000|100%| O|  |TAMS 0x00000000a0100000, 0x00000000a0000000| Untracked 
|   1|0x00000000a0100000, 0x00000000a0200000, 0x00000000a0200000|100%| O|  |TAMS 0x00000000a0200000, 0x00000000a0100000| Untracked 
|   2|0x00000000a0200000, 0x00000000a0300000, 0x00000000a0300000|100%| O|  |TAMS 0x00000000a0300000, 0x00000000a0200000| Untracked 
|   3|0x00000000a0300000, 0x00000000a0400000, 0x00000000a0400000|100%|HS|  |TAMS 0x00000000a0400000, 0x00000000a0300000| Complete 
|   4|0x00000000a0400000, 0x00000000a0500000, 0x00000000a0500000|100%|HC|  |TAMS 0x00000000a0500000, 0x00000000a0400000| Complete 
|   5|0x00000000a0500000, 0x00000000a0600000, 0x00000000a0600000|100%|HC|  |TAMS 0x00000000a0600000, 0x00000000a0500000| Complete 
|   6|0x00000000a0600000, 0x00000000a0700000, 0x00000000a0700000|100%| O|  |TAMS 0x00000000a0700000, 0x00000000a0600000| Untracked 
|   7|0x00000000a0700000, 0x00000000a0800000, 0x00000000a0800000|100%| O|  |TAMS 0x00000000a0800000, 0x00000000a0700000| Untracked 
|   8|0x00000000a0800000, 0x00000000a0900000, 0x00000000a0900000|100%| O|  |TAMS 0x00000000a0900000, 0x00000000a0800000| Untracked 
|   9|0x00000000a0900000, 0x00000000a0a00000, 0x00000000a0a00000|100%| O|  |TAMS 0x00000000a0a00000, 0x00000000a0900000| Untracked 
|  10|0x00000000a0a00000, 0x00000000a0b00000, 0x00000000a0b00000|100%| O|  |TAMS 0x00000000a0b00000, 0x00000000a0a00000| Untracked 
|  11|0x00000000a0b00000, 0x00000000a0c00000, 0x00000000a0c00000|100%| O|  |TAMS 0x00000000a0c00000, 0x00000000a0b00000| Untracked 
|  12|0x00000000a0c00000, 0x00000000a0d00000, 0x00000000a0d00000|100%| O|  |TAMS 0x00000000a0d00000, 0x00000000a0c00000| Untracked 
|  13|0x00000000a0d00000, 0x00000000a0e00000, 0x00000000a0e00000|100%| O|  |TAMS 0x00000000a0e00000, 0x00000000a0d00000| Untracked 
|  14|0x00000000a0e00000, 0x00000000a0f00000, 0x00000000a0f00000|100%| O|  |TAMS 0x00000000a0f00000, 0x00000000a0e00000| Untracked 
|  15|0x00000000a0f00000, 0x00000000a1000000, 0x00000000a1000000|100%| O|  |TAMS 0x00000000a1000000, 0x00000000a0f00000| Untracked 
|  16|0x00000000a1000000, 0x00000000a1100000, 0x00000000a1100000|100%| O|  |TAMS 0x00000000a1100000, 0x00000000a1000000| Untracked 
|  17|0x00000000a1100000, 0x00000000a1200000, 0x00000000a1200000|100%| O|  |TAMS 0x00000000a1200000, 0x00000000a1100000| Untracked 
|  18|0x00000000a1200000, 0x00000000a1300000, 0x00000000a1300000|100%| O|  |TAMS 0x00000000a1300000, 0x00000000a1200000| Untracked 
|  19|0x00000000a1300000, 0x00000000a1400000, 0x00000000a1400000|100%|HS|  |TAMS 0x00000000a1400000, 0x00000000a1300000| Complete 
|  20|0x00000000a1400000, 0x00000000a1500000, 0x00000000a1500000|100%| O|  |TAMS 0x00000000a1500000, 0x00000000a1400000| Untracked 
|  21|0x00000000a1500000, 0x00000000a1600000, 0x00000000a1600000|100%| O|  |TAMS 0x00000000a1600000, 0x00000000a1500000| Untracked 
|  22|0x00000000a1600000, 0x00000000a1700000, 0x00000000a1700000|100%| O|  |TAMS 0x00000000a1700000, 0x00000000a1600000| Untracked 
|  23|0x00000000a1700000, 0x00000000a1800000, 0x00000000a1800000|100%| O|  |TAMS 0x00000000a1800000, 0x00000000a1700000| Untracked 
|  24|0x00000000a1800000, 0x00000000a1900000, 0x00000000a1900000|100%| O|  |TAMS 0x00000000a1900000, 0x00000000a1800000| Untracked 
|  25|0x00000000a1900000, 0x00000000a1a00000, 0x00000000a1a00000|100%|HS|  |TAMS 0x00000000a1900000, 0x00000000a1900000| Complete 
|  26|0x00000000a1a00000, 0x00000000a1b00000, 0x00000000a1b00000|100%| O|  |TAMS 0x00000000a1b00000, 0x00000000a1a00000| Untracked 
|  27|0x00000000a1b00000, 0x00000000a1c00000, 0x00000000a1c00000|100%| O|  |TAMS 0x00000000a1c00000, 0x00000000a1b00000| Untracked 
|  28|0x00000000a1c00000, 0x00000000a1d00000, 0x00000000a1d00000|100%| O|  |TAMS 0x00000000a1d00000, 0x00000000a1c00000| Untracked 
|  29|0x00000000a1d00000, 0x00000000a1e00000, 0x00000000a1e00000|100%| O|  |TAMS 0x00000000a1e00000, 0x00000000a1d00000| Untracked 
|  30|0x00000000a1e00000, 0x00000000a1f00000, 0x00000000a1f00000|100%| O|  |TAMS 0x00000000a1f00000, 0x00000000a1e00000| Untracked 
|  31|0x00000000a1f00000, 0x00000000a2000000, 0x00000000a2000000|100%|HS|  |TAMS 0x00000000a2000000, 0x00000000a1f00000| Complete 
|  32|0x00000000a2000000, 0x00000000a2100000, 0x00000000a2100000|100%|HS|  |TAMS 0x00000000a2100000, 0x00000000a2000000| Complete 
|  33|0x00000000a2100000, 0x00000000a2200000, 0x00000000a2200000|100%|HS|  |TAMS 0x00000000a2200000, 0x00000000a2100000| Complete 
|  34|0x00000000a2200000, 0x00000000a2300000, 0x00000000a2300000|100%|HC|  |TAMS 0x00000000a2300000, 0x00000000a2200000| Complete 
|  35|0x00000000a2300000, 0x00000000a2400000, 0x00000000a2400000|100%|HC|  |TAMS 0x00000000a2400000, 0x00000000a2300000| Complete 
|  36|0x00000000a2400000, 0x00000000a2500000, 0x00000000a2500000|100%| O|  |TAMS 0x00000000a2400000, 0x00000000a2400000| Untracked 
|  37|0x00000000a2500000, 0x00000000a2600000, 0x00000000a2600000|100%|HS|  |TAMS 0x00000000a2600000, 0x00000000a2500000| Complete 
|  38|0x00000000a2600000, 0x00000000a2700000, 0x00000000a2700000|100%|HC|  |TAMS 0x00000000a2700000, 0x00000000a2600000| Complete 
|  39|0x00000000a2700000, 0x00000000a2800000, 0x00000000a2800000|100%| O|  |TAMS 0x00000000a2800000, 0x00000000a2700000| Untracked 
|  40|0x00000000a2800000, 0x00000000a2900000, 0x00000000a2900000|100%| O|  |TAMS 0x00000000a2900000, 0x00000000a2800000| Untracked 
|  41|0x00000000a2900000, 0x00000000a2a00000, 0x00000000a2a00000|100%| O|  |TAMS 0x00000000a2a00000, 0x00000000a2900000| Untracked 
|  42|0x00000000a2a00000, 0x00000000a2b00000, 0x00000000a2b00000|100%| O|  |TAMS 0x00000000a2b00000, 0x00000000a2a00000| Untracked 
|  43|0x00000000a2b00000, 0x00000000a2c00000, 0x00000000a2c00000|100%| O|  |TAMS 0x00000000a2c00000, 0x00000000a2b00000| Untracked 
|  44|0x00000000a2c00000, 0x00000000a2d00000, 0x00000000a2d00000|100%| O|  |TAMS 0x00000000a2c59e00, 0x00000000a2c00000| Untracked 
|  45|0x00000000a2d00000, 0x00000000a2e00000, 0x00000000a2e00000|100%| O|  |TAMS 0x00000000a2d00000, 0x00000000a2d00000| Untracked 
|  46|0x00000000a2e00000, 0x00000000a2f00000, 0x00000000a2f00000|100%| O|  |TAMS 0x00000000a2e00000, 0x00000000a2e00000| Untracked 
|  47|0x00000000a2f00000, 0x00000000a3000000, 0x00000000a3000000|100%| O|  |TAMS 0x00000000a2f00000, 0x00000000a2f00000| Untracked 
|  48|0x00000000a3000000, 0x00000000a3100000, 0x00000000a3100000|100%| O|  |TAMS 0x00000000a3000000, 0x00000000a3000000| Untracked 
|  49|0x00000000a3100000, 0x00000000a3200000, 0x00000000a3200000|100%| O|  |TAMS 0x00000000a3100000, 0x00000000a3100000| Untracked 
|  50|0x00000000a3200000, 0x00000000a3300000, 0x00000000a3300000|100%| O|  |TAMS 0x00000000a3200000, 0x00000000a3200000| Untracked 
|  51|0x00000000a3300000, 0x00000000a3400000, 0x00000000a3400000|100%| O|  |TAMS 0x00000000a3300000, 0x00000000a3300000| Untracked 
|  52|0x00000000a3400000, 0x00000000a3500000, 0x00000000a3500000|100%| O|  |TAMS 0x00000000a3400000, 0x00000000a3400000| Untracked 
|  53|0x00000000a3500000, 0x00000000a3600000, 0x00000000a3600000|100%| O|  |TAMS 0x00000000a3500000, 0x00000000a3500000| Untracked 
|  54|0x00000000a3600000, 0x00000000a3700000, 0x00000000a3700000|100%| O|  |TAMS 0x00000000a3600000, 0x00000000a3600000| Untracked 
|  55|0x00000000a3700000, 0x00000000a3800000, 0x00000000a3800000|100%| O|  |TAMS 0x00000000a3700000, 0x00000000a3700000| Untracked 
|  56|0x00000000a3800000, 0x00000000a3900000, 0x00000000a3900000|100%| O|  |TAMS 0x00000000a3800000, 0x00000000a3800000| Untracked 
|  57|0x00000000a3900000, 0x00000000a3a00000, 0x00000000a3a00000|100%| O|  |TAMS 0x00000000a3900000, 0x00000000a3900000| Untracked 
|  58|0x00000000a3a00000, 0x00000000a3b00000, 0x00000000a3b00000|100%| O|  |TAMS 0x00000000a3a00000, 0x00000000a3a00000| Untracked 
|  59|0x00000000a3b00000, 0x00000000a3c00000, 0x00000000a3c00000|100%| O|  |TAMS 0x00000000a3b00000, 0x00000000a3b00000| Untracked 
|  60|0x00000000a3c00000, 0x00000000a3d00000, 0x00000000a3d00000|100%| O|  |TAMS 0x00000000a3c00000, 0x00000000a3c00000| Untracked 
|  61|0x00000000a3d00000, 0x00000000a3e00000, 0x00000000a3e00000|100%| O|  |TAMS 0x00000000a3d00000, 0x00000000a3d00000| Untracked 
|  62|0x00000000a3e00000, 0x00000000a3f00000, 0x00000000a3f00000|100%| O|  |TAMS 0x00000000a3e00000, 0x00000000a3e00000| Untracked 
|  63|0x00000000a3f00000, 0x00000000a4000000, 0x00000000a4000000|100%| O|  |TAMS 0x00000000a3f00000, 0x00000000a3f00000| Untracked 
|  64|0x00000000a4000000, 0x00000000a4100000, 0x00000000a4100000|100%| O|  |TAMS 0x00000000a4000000, 0x00000000a4000000| Untracked 
|  65|0x00000000a4100000, 0x00000000a4200000, 0x00000000a4200000|100%| O|  |TAMS 0x00000000a4100000, 0x00000000a4100000| Untracked 
|  66|0x00000000a4200000, 0x00000000a4300000, 0x00000000a4300000|100%| O|  |TAMS 0x00000000a4200000, 0x00000000a4200000| Untracked 
|  67|0x00000000a4300000, 0x00000000a4400000, 0x00000000a4400000|100%| O|  |TAMS 0x00000000a4300000, 0x00000000a4300000| Untracked 
|  68|0x00000000a4400000, 0x00000000a4500000, 0x00000000a4500000|100%| O|  |TAMS 0x00000000a4400000, 0x00000000a4400000| Untracked 
|  69|0x00000000a4500000, 0x00000000a4600000, 0x00000000a4600000|100%| O|  |TAMS 0x00000000a4500000, 0x00000000a4500000| Untracked 
|  70|0x00000000a4600000, 0x00000000a4700000, 0x00000000a4700000|100%| O|  |TAMS 0x00000000a4600000, 0x00000000a4600000| Untracked 
|  71|0x00000000a4700000, 0x00000000a4800000, 0x00000000a4800000|100%| O|  |TAMS 0x00000000a4700000, 0x00000000a4700000| Untracked 
|  72|0x00000000a4800000, 0x00000000a4900000, 0x00000000a4900000|100%| O|  |TAMS 0x00000000a4800000, 0x00000000a4800000| Untracked 
|  73|0x00000000a4900000, 0x00000000a4a00000, 0x00000000a4a00000|100%| O|  |TAMS 0x00000000a4900000, 0x00000000a4900000| Untracked 
|  74|0x00000000a4a00000, 0x00000000a4b00000, 0x00000000a4b00000|100%| O|  |TAMS 0x00000000a4a00000, 0x00000000a4a00000| Untracked 
|  75|0x00000000a4b00000, 0x00000000a4c00000, 0x00000000a4c00000|100%| O|  |TAMS 0x00000000a4b00000, 0x00000000a4b00000| Untracked 
|  76|0x00000000a4c00000, 0x00000000a4d00000, 0x00000000a4d00000|100%| O|  |TAMS 0x00000000a4c00000, 0x00000000a4c00000| Untracked 
|  77|0x00000000a4d00000, 0x00000000a4e00000, 0x00000000a4e00000|100%| O|  |TAMS 0x00000000a4d00000, 0x00000000a4d00000| Untracked 
|  78|0x00000000a4e00000, 0x00000000a4f00000, 0x00000000a4f00000|100%| O|  |TAMS 0x00000000a4e00000, 0x00000000a4e00000| Untracked 
|  79|0x00000000a4f00000, 0x00000000a5000000, 0x00000000a5000000|100%| O|  |TAMS 0x00000000a4f00000, 0x00000000a4f00000| Untracked 
|  80|0x00000000a5000000, 0x00000000a5100000, 0x00000000a5100000|100%|HS|  |TAMS 0x00000000a5000000, 0x00000000a5000000| Complete 
|  81|0x00000000a5100000, 0x00000000a5200000, 0x00000000a5200000|100%|HS|  |TAMS 0x00000000a5100000, 0x00000000a5100000| Complete 
|  82|0x00000000a5200000, 0x00000000a5300000, 0x00000000a5300000|100%|HC|  |TAMS 0x00000000a5200000, 0x00000000a5200000| Complete 
|  83|0x00000000a5300000, 0x00000000a5400000, 0x00000000a5400000|100%| O|  |TAMS 0x00000000a5300000, 0x00000000a5300000| Untracked 
|  84|0x00000000a5400000, 0x00000000a5500000, 0x00000000a5500000|100%| O|  |TAMS 0x00000000a5400000, 0x00000000a5400000| Untracked 
|  85|0x00000000a5500000, 0x00000000a5600000, 0x00000000a5600000|100%| O|  |TAMS 0x00000000a5500000, 0x00000000a5500000| Untracked 
|  86|0x00000000a5600000, 0x00000000a5700000, 0x00000000a5700000|100%| O|  |TAMS 0x00000000a5600000, 0x00000000a5600000| Untracked 
|  87|0x00000000a5700000, 0x00000000a5800000, 0x00000000a5800000|100%| O|  |TAMS 0x00000000a5700000, 0x00000000a5700000| Untracked 
|  88|0x00000000a5800000, 0x00000000a5900000, 0x00000000a5900000|100%| O|  |TAMS 0x00000000a5800000, 0x00000000a5800000| Untracked 
|  89|0x00000000a5900000, 0x00000000a5a00000, 0x00000000a5a00000|100%| O|  |TAMS 0x00000000a5900000, 0x00000000a5900000| Untracked 
|  90|0x00000000a5a00000, 0x00000000a5b00000, 0x00000000a5b00000|100%| O|  |TAMS 0x00000000a5a00000, 0x00000000a5a00000| Untracked 
|  91|0x00000000a5b00000, 0x00000000a5c00000, 0x00000000a5c00000|100%| O|  |TAMS 0x00000000a5b00000, 0x00000000a5b00000| Untracked 
|  92|0x00000000a5c00000, 0x00000000a5d00000, 0x00000000a5d00000|100%| O|  |TAMS 0x00000000a5c00000, 0x00000000a5c00000| Untracked 
|  93|0x00000000a5d00000, 0x00000000a5e00000, 0x00000000a5e00000|100%|HS|  |TAMS 0x00000000a5d00000, 0x00000000a5d00000| Complete 
|  94|0x00000000a5e00000, 0x00000000a5f00000, 0x00000000a5f00000|100%|HS|  |TAMS 0x00000000a5e00000, 0x00000000a5e00000| Complete 
|  95|0x00000000a5f00000, 0x00000000a6000000, 0x00000000a6000000|100%| O|  |TAMS 0x00000000a5f00000, 0x00000000a5f00000| Untracked 
|  96|0x00000000a6000000, 0x00000000a6100000, 0x00000000a6100000|100%| O|  |TAMS 0x00000000a6000000, 0x00000000a6000000| Untracked 
|  97|0x00000000a6100000, 0x00000000a6200000, 0x00000000a6200000|100%| O|  |TAMS 0x00000000a6100000, 0x00000000a6100000| Untracked 
|  98|0x00000000a6200000, 0x00000000a6300000, 0x00000000a6300000|100%| O|  |TAMS 0x00000000a6200000, 0x00000000a6200000| Untracked 
|  99|0x00000000a6300000, 0x00000000a6400000, 0x00000000a6400000|100%| O|  |TAMS 0x00000000a6300000, 0x00000000a6300000| Untracked 
| 100|0x00000000a6400000, 0x00000000a6500000, 0x00000000a6500000|100%| O|  |TAMS 0x00000000a6400000, 0x00000000a6400000| Untracked 
| 101|0x00000000a6500000, 0x00000000a6600000, 0x00000000a6600000|100%| O|  |TAMS 0x00000000a6500000, 0x00000000a6500000| Untracked 
| 102|0x00000000a6600000, 0x00000000a6700000, 0x00000000a6700000|100%| O|  |TAMS 0x00000000a6600000, 0x00000000a6600000| Untracked 
| 103|0x00000000a6700000, 0x00000000a6800000, 0x00000000a6800000|100%| O|  |TAMS 0x00000000a6700000, 0x00000000a6700000| Untracked 
| 104|0x00000000a6800000, 0x00000000a6900000, 0x00000000a6900000|100%| O|  |TAMS 0x00000000a6800000, 0x00000000a6800000| Untracked 
| 105|0x00000000a6900000, 0x00000000a69e1600, 0x00000000a6a00000| 88%| O|  |TAMS 0x00000000a6900000, 0x00000000a6900000| Untracked 
| 106|0x00000000a6a00000, 0x00000000a6a00000, 0x00000000a6b00000|  0%| F|  |TAMS 0x00000000a6a00000, 0x00000000a6a00000| Untracked 
| 107|0x00000000a6b00000, 0x00000000a6b00000, 0x00000000a6c00000|  0%| F|  |TAMS 0x00000000a6b00000, 0x00000000a6b00000| Untracked 
| 108|0x00000000a6c00000, 0x00000000a6c00000, 0x00000000a6d00000|  0%| F|  |TAMS 0x00000000a6c00000, 0x00000000a6c00000| Untracked 
| 109|0x00000000a6d00000, 0x00000000a6d00000, 0x00000000a6e00000|  0%| F|  |TAMS 0x00000000a6d00000, 0x00000000a6d00000| Untracked 
| 110|0x00000000a6e00000, 0x00000000a6e00000, 0x00000000a6f00000|  0%| F|  |TAMS 0x00000000a6e00000, 0x00000000a6e00000| Untracked 
| 111|0x00000000a6f00000, 0x00000000a6f00000, 0x00000000a7000000|  0%| F|  |TAMS 0x00000000a6f00000, 0x00000000a6f00000| Untracked 
| 112|0x00000000a7000000, 0x00000000a7000000, 0x00000000a7100000|  0%| F|  |TAMS 0x00000000a7000000, 0x00000000a7000000| Untracked 
| 113|0x00000000a7100000, 0x00000000a7100000, 0x00000000a7200000|  0%| F|  |TAMS 0x00000000a7100000, 0x00000000a7100000| Untracked 
| 114|0x00000000a7200000, 0x00000000a7200000, 0x00000000a7300000|  0%| F|  |TAMS 0x00000000a7200000, 0x00000000a7200000| Untracked 
| 115|0x00000000a7300000, 0x00000000a7300000, 0x00000000a7400000|  0%| F|  |TAMS 0x00000000a7300000, 0x00000000a7300000| Untracked 
| 116|0x00000000a7400000, 0x00000000a7400000, 0x00000000a7500000|  0%| F|  |TAMS 0x00000000a7400000, 0x00000000a7400000| Untracked 
| 117|0x00000000a7500000, 0x00000000a7500000, 0x00000000a7600000|  0%| F|  |TAMS 0x00000000a7500000, 0x00000000a7500000| Untracked 
| 118|0x00000000a7600000, 0x00000000a7600000, 0x00000000a7700000|  0%| F|  |TAMS 0x00000000a7600000, 0x00000000a7600000| Untracked 
| 197|0x00000000ac500000, 0x00000000ac500000, 0x00000000ac600000|  0%| F|  |TAMS 0x00000000ac500000, 0x00000000ac500000| Untracked 
| 198|0x00000000ac600000, 0x00000000ac600000, 0x00000000ac700000|  0%| F|  |TAMS 0x00000000ac600000, 0x00000000ac600000| Untracked 
| 199|0x00000000ac700000, 0x00000000ac7ebcb0, 0x00000000ac800000| 92%| S|CS|TAMS 0x00000000ac700000, 0x00000000ac700000| Complete 
| 200|0x00000000ac800000, 0x00000000ac800000, 0x00000000ac900000|  0%| F|  |TAMS 0x00000000ac800000, 0x00000000ac800000| Untracked 
| 201|0x00000000ac900000, 0x00000000ac900000, 0x00000000aca00000|  0%| F|  |TAMS 0x00000000ac900000, 0x00000000ac900000| Untracked 
| 202|0x00000000aca00000, 0x00000000aca00000, 0x00000000acb00000|  0%| F|  |TAMS 0x00000000aca00000, 0x00000000aca00000| Untracked 
| 203|0x00000000acb00000, 0x00000000acb00000, 0x00000000acc00000|  0%| F|  |TAMS 0x00000000acb00000, 0x00000000acb00000| Untracked 
| 204|0x00000000acc00000, 0x00000000acc00000, 0x00000000acd00000|  0%| F|  |TAMS 0x00000000acc00000, 0x00000000acc00000| Untracked 
| 205|0x00000000acd00000, 0x00000000acd59d18, 0x00000000ace00000| 35%| E|  |TAMS 0x00000000acd00000, 0x00000000acd00000| Complete 
| 253|0x00000000afd00000, 0x00000000afe00000, 0x00000000afe00000|100%| E|CS|TAMS 0x00000000afd00000, 0x00000000afd00000| Complete 

Card table byte_map: [0x000001fed2ad0000,0x000001fed2dd0000] _byte_map_base: 0x000001fed25d0000

Marking Bits (Prev, Next): (CMBitMap*) 0x000001fec00612b0, (CMBitMap*) 0x000001fec00612f0
 Prev Bits: [0x000001fed30d0000, 0x000001fed48d0000)
 Next Bits: [0x000001fed48d0000, 0x000001fed60d0000)

Polling page: 0x000001febd6c0000

Metaspace:

Usage:
  Non-class:     71.49 MB used.
      Class:     11.23 MB used.
       Both:     82.72 MB used.

Virtual space:
  Non-class space:       72.00 MB reserved,      71.88 MB (>99%) committed,  9 nodes.
      Class space:        1.00 GB reserved,      11.56 MB (  1%) committed,  1 nodes.
             Both:        1.07 GB reserved,      83.44 MB (  8%) committed. 

Chunk freelists:
   Non-Class:  48.00 KB
       Class:  403.00 KB
        Both:  451.00 KB

MaxMetaspaceSize: unlimited
CompressedClassSpaceSize: 1.00 GB
Initial GC threshold: 21.00 MB
Current GC threshold: 87.44 MB
CDS: off
MetaspaceReclaimPolicy: balanced
 - commit_granule_bytes: 65536.
 - commit_granule_words: 8192.
 - virtual_space_node_default_size: 1048576.
 - enlarge_chunks_in_place: 1.
 - new_chunks_are_fully_committed: 0.
 - uncommit_free_chunks: 1.
 - use_allocation_guard: 0.
 - handle_deallocations: 1.


Internal statistics:

num_allocs_failed_limit: 9.
num_arena_births: 814.
num_arena_deaths: 0.
num_vsnodes_births: 10.
num_vsnodes_deaths: 0.
num_space_committed: 1335.
num_space_uncommitted: 0.
num_chunks_returned_to_freelist: 9.
num_chunks_taken_from_freelist: 3939.
num_chunk_merges: 3.
num_chunk_splits: 2603.
num_chunks_enlarged: 1722.
num_purges: 0.
num_inconsistent_stats: 0.

CodeHeap 'non-profiled nmethods': size=120000Kb used=5514Kb max_used=5964Kb free=114485Kb
 bounds [0x000001fecaf70000, 0x000001fecb550000, 0x000001fed24a0000]
CodeHeap 'profiled nmethods': size=120000Kb used=17440Kb max_used=17866Kb free=102559Kb
 bounds [0x000001fec34a0000, 0x000001fec4620000, 0x000001feca9d0000]
CodeHeap 'non-nmethods': size=5760Kb used=2390Kb max_used=2463Kb free=3369Kb
 bounds [0x000001feca9d0000, 0x000001fecac50000, 0x000001fecaf70000]
 total_blobs=9805 nmethods=8896 adapters=821
 compilation: enabled
              stopped_count=0, restarted_count=0
 full_count=0

Compilation events (20 events):
Event: 52.236 Thread 0x000001fed8c537f0 nmethod 10240 0x000001fecb1b8090 code [0x000001fecb1b8300, 0x000001fecb1b9c40]
Event: 52.237 Thread 0x000001fed8c537f0 10237       4       java.lang.reflect.Field::copy (80 bytes)
Event: 52.241 Thread 0x000001fed8c537f0 nmethod 10237 0x000001fecb3d2090 code [0x000001fecb3d2220, 0x000001fecb3d2398]
Event: 52.244 Thread 0x000001fed8c537f0 10259       4       com.google.common.collect.ImmutableList$Builder::build (17 bytes)
Event: 52.260 Thread 0x000001fed8c537f0 nmethod 10259 0x000001fecb1b7810 code [0x000001fecb1b79a0, 0x000001fecb1b7e58]
Event: 52.260 Thread 0x000001fed8c537f0 10260       4       org.gradle.model.internal.asm.ClassVisitorScope::publicMethod (11 bytes)
Event: 52.264 Thread 0x000001fed8c57410 10261       1       org.gradle.api.internal.AbstractTask::getState (5 bytes)
Event: 52.265 Thread 0x000001fed8c537f0 nmethod 10260 0x000001fecb2f7290 code [0x000001fecb2f7440, 0x000001fecb2f75f8]
Event: 52.265 Thread 0x000001fed8c57410 nmethod 10261 0x000001fecb1b7290 code [0x000001fecb1b7420, 0x000001fecb1b74f8]
Event: 52.271 Thread 0x000001fed8c57410 10262       3       java.util.HashMap$TreeNode::<init> (10 bytes)
Event: 52.271 Thread 0x000001fed8c57410 nmethod 10262 0x000001fec3bfd310 code [0x000001fec3bfd4a0, 0x000001fec3bfd5e8]
Event: 52.271 Thread 0x000001fed8c57410 10263       3       java.util.HashMap$TreeNode::balanceInsertion (245 bytes)
Event: 52.272 Thread 0x000001fed8c57410 nmethod 10263 0x000001fec3a94610 code [0x000001fec3a94860, 0x000001fec3a95278]
Event: 52.287 Thread 0x000001fed8c57410 10264       3       java.util.HashMap$TreeNode::getTreeNode (22 bytes)
Event: 52.287 Thread 0x000001fed8c57410 nmethod 10264 0x000001fec3a94090 code [0x000001fec3a94240, 0x000001fec3a944e8]
Event: 52.287 Thread 0x000001fed8c537f0 10265       4       org.gradle.api.internal.project.taskfactory.DefaultTaskClassInfoStore::createTaskAction (215 bytes)
Event: 52.296 Thread 0x000001fed8c57410 10267       3       org.objectweb.asm.AnnotationWriter::computeAnnotationsSize (42 bytes)
Event: 52.297 Thread 0x000001fed8c57410 nmethod 10267 0x000001fec3a93890 code [0x000001fec3a93a40, 0x000001fec3a93c88]
Event: 52.309 Thread 0x000001fed8c537f0 nmethod 10265 0x000001fecb279a90 code [0x000001fecb279ca0, 0x000001fecb27a320]
Event: 52.309 Thread 0x000001fed8c537f0 10266       4       org.objectweb.asm.SymbolTable::addConstant (330 bytes)

GC Heap History (20 events):
Event: 37.721 GC heap before
{Heap before GC invocations=33 (full 0):
 garbage-first heap   total 132096K, used 109578K [0x00000000a0000000, 0x0000000100000000)
  region size 1024K, 38 young (38912K), 2 survivors (2048K)
 Metaspace       used 75874K, committed 76480K, reserved 1122304K
  class space    used 10225K, committed 10496K, reserved 1048576K
}
Event: 37.728 GC heap after
{Heap after GC invocations=34 (full 0):
 garbage-first heap   total 132096K, used 74762K [0x00000000a0000000, 0x0000000100000000)
  region size 1024K, 4 young (4096K), 4 survivors (4096K)
 Metaspace       used 75874K, committed 76480K, reserved 1122304K
  class space    used 10225K, committed 10496K, reserved 1048576K
}
Event: 39.461 GC heap before
{Heap before GC invocations=34 (full 0):
 garbage-first heap   total 132096K, used 110602K [0x00000000a0000000, 0x0000000100000000)
  region size 1024K, 39 young (39936K), 4 survivors (4096K)
 Metaspace       used 78168K, committed 78784K, reserved 1122304K
  class space    used 10553K, committed 10816K, reserved 1048576K
}
Event: 39.473 GC heap after
{Heap after GC invocations=35 (full 0):
 garbage-first heap   total 132096K, used 77980K [0x00000000a0000000, 0x0000000100000000)
  region size 1024K, 5 young (5120K), 5 survivors (5120K)
 Metaspace       used 78168K, committed 78784K, reserved 1122304K
  class space    used 10553K, committed 10816K, reserved 1048576K
}
Event: 41.103 GC heap before
{Heap before GC invocations=35 (full 0):
 garbage-first heap   total 132096K, used 110748K [0x00000000a0000000, 0x0000000100000000)
  region size 1024K, 37 young (37888K), 5 survivors (5120K)
 Metaspace       used 79841K, committed 80448K, reserved 1122304K
  class space    used 10830K, committed 11072K, reserved 1048576K
}
Event: 41.111 GC heap after
{Heap after GC invocations=36 (full 0):
 garbage-first heap   total 132096K, used 81979K [0x00000000a0000000, 0x0000000100000000)
  region size 1024K, 4 young (4096K), 4 survivors (4096K)
 Metaspace       used 79841K, committed 80448K, reserved 1122304K
  class space    used 10830K, committed 11072K, reserved 1048576K
}
Event: 44.959 GC heap before
{Heap before GC invocations=36 (full 0):
 garbage-first heap   total 132096K, used 109627K [0x00000000a0000000, 0x0000000100000000)
  region size 1024K, 31 young (31744K), 4 survivors (4096K)
 Metaspace       used 80463K, committed 81088K, reserved 1122304K
  class space    used 10890K, committed 11136K, reserved 1048576K
}
Event: 44.971 GC heap after
{Heap after GC invocations=37 (full 0):
 garbage-first heap   total 132096K, used 85720K [0x00000000a0000000, 0x0000000100000000)
  region size 1024K, 4 young (4096K), 4 survivors (4096K)
 Metaspace       used 80463K, committed 81088K, reserved 1122304K
  class space    used 10890K, committed 11136K, reserved 1048576K
}
Event: 48.646 GC heap before
{Heap before GC invocations=37 (full 0):
 garbage-first heap   total 132096K, used 112344K [0x00000000a0000000, 0x0000000100000000)
  region size 1024K, 28 young (28672K), 4 survivors (4096K)
 Metaspace       used 81494K, committed 82112K, reserved 1122304K
  class space    used 11065K, committed 11328K, reserved 1048576K
}
Event: 48.652 GC heap after
{Heap after GC invocations=38 (full 0):
 garbage-first heap   total 132096K, used 94298K [0x00000000a0000000, 0x0000000100000000)
  region size 1024K, 4 young (4096K), 4 survivors (4096K)
 Metaspace       used 81494K, committed 82112K, reserved 1122304K
  class space    used 11065K, committed 11328K, reserved 1048576K
}
Event: 50.583 GC heap before
{Heap before GC invocations=38 (full 0):
 garbage-first heap   total 132096K, used 109658K [0x00000000a0000000, 0x0000000100000000)
  region size 1024K, 20 young (20480K), 4 survivors (4096K)
 Metaspace       used 81673K, committed 82368K, reserved 1122304K
  class space    used 11070K, committed 11392K, reserved 1048576K
}
Event: 50.592 GC heap after
{Heap after GC invocations=39 (full 0):
 garbage-first heap   total 132096K, used 98304K [0x00000000a0000000, 0x0000000100000000)
  region size 1024K, 3 young (3072K), 3 survivors (3072K)
 Metaspace       used 81673K, committed 82368K, reserved 1122304K
  class space    used 11070K, committed 11392K, reserved 1048576K
}
Event: 51.263 GC heap before
{Heap before GC invocations=39 (full 0):
 garbage-first heap   total 132096K, used 113664K [0x00000000a0000000, 0x0000000100000000)
  region size 1024K, 16 young (16384K), 3 survivors (3072K)
 Metaspace       used 82242K, committed 82944K, reserved 1122304K
  class space    used 11169K, committed 11520K, reserved 1048576K
}
Event: 51.270 GC heap after
{Heap after GC invocations=40 (full 0):
 garbage-first heap   total 132096K, used 105094K [0x00000000a0000000, 0x0000000100000000)
  region size 1024K, 2 young (2048K), 2 survivors (2048K)
 Metaspace       used 82242K, committed 82944K, reserved 1122304K
  class space    used 11169K, committed 11520K, reserved 1048576K
}
Event: 51.657 GC heap before
{Heap before GC invocations=40 (full 0):
 garbage-first heap   total 132096K, used 112262K [0x00000000a0000000, 0x0000000100000000)
  region size 1024K, 9 young (9216K), 2 survivors (2048K)
 Metaspace       used 83070K, committed 83840K, reserved 1122304K
  class space    used 11287K, committed 11648K, reserved 1048576K
}
Event: 51.664 GC heap after
{Heap after GC invocations=41 (full 0):
 garbage-first heap   total 132096K, used 106676K [0x00000000a0000000, 0x0000000100000000)
  region size 1024K, 2 young (2048K), 2 survivors (2048K)
 Metaspace       used 83070K, committed 83840K, reserved 1122304K
  class space    used 11287K, committed 11648K, reserved 1048576K
}
Event: 51.868 GC heap before
{Heap before GC invocations=41 (full 0):
 garbage-first heap   total 132096K, used 112820K [0x00000000a0000000, 0x0000000100000000)
  region size 1024K, 8 young (8192K), 2 survivors (2048K)
 Metaspace       used 83620K, committed 84352K, reserved 1122304K
  class space    used 11352K, committed 11712K, reserved 1048576K
}
Event: 51.875 GC heap after
{Heap after GC invocations=42 (full 0):
 garbage-first heap   total 132096K, used 106926K [0x00000000a0000000, 0x0000000100000000)
  region size 1024K, 1 young (1024K), 1 survivors (1024K)
 Metaspace       used 83620K, committed 84352K, reserved 1122304K
  class space    used 11352K, committed 11712K, reserved 1048576K
}
Event: 52.247 GC heap before
{Heap before GC invocations=42 (full 0):
 garbage-first heap   total 132096K, used 114094K [0x00000000a0000000, 0x0000000100000000)
  region size 1024K, 8 young (8192K), 1 survivors (1024K)
 Metaspace       used 84040K, committed 84800K, reserved 1122304K
  class space    used 11409K, committed 11776K, reserved 1048576K
}
Event: 52.251 GC heap after
{Heap after GC invocations=43 (full 0):
 garbage-first heap   total 132096K, used 107773K [0x00000000a0000000, 0x0000000100000000)
  region size 1024K, 1 young (1024K), 1 survivors (1024K)
 Metaspace       used 84040K, committed 84800K, reserved 1122304K
  class space    used 11409K, committed 11776K, reserved 1048576K
}

Dll operation events (2 events):
Event: 0.053 Loaded shared library C:\Program Files\Android\Android Studio\jbr\bin\java.dll
Event: 1.085 Loaded shared library C:\Program Files\Android\Android Studio\jbr\bin\verify.dll

Deoptimization events (20 events):
Event: 50.607 Thread 0x000001fedaa26cc0 Uncommon trap: trap_request=0xffffffcc fr.pc=0x000001fecb5417a8 relative=0x0000000000000288
Event: 50.607 Thread 0x000001fedaa26cc0 Uncommon trap: reason=intrinsic_or_type_checked_inlining action=make_not_entrant pc=0x000001fecb5417a8 method=java.util.Arrays.copyOfRange([Ljava/lang/Object;IILjava/lang/Class;)[Ljava/lang/Object; @ 84 c2
Event: 50.607 Thread 0x000001fedaa26cc0 DEOPT PACKING pc=0x000001fecb5417a8 sp=0x0000005994df60a0
Event: 50.607 Thread 0x000001fedaa26cc0 DEOPT UNPACKING pc=0x000001fecaa2a1a3 sp=0x0000005994df6020 mode 2
Event: 51.369 Thread 0x000001fedaa26cc0 Uncommon trap: trap_request=0xffffff45 fr.pc=0x000001fecb270868 relative=0x0000000000000c68
Event: 51.369 Thread 0x000001fedaa26cc0 Uncommon trap: reason=unstable_if action=reinterpret pc=0x000001fecb270868 method=com.esotericsoftware.kryo.io.Input.readString()Ljava/lang/String; @ 28 c2
Event: 51.369 Thread 0x000001fedaa26cc0 DEOPT PACKING pc=0x000001fecb270868 sp=0x0000005994df8e50
Event: 51.369 Thread 0x000001fedaa26cc0 DEOPT UNPACKING pc=0x000001fecaa2a1a3 sp=0x0000005994df8e28 mode 2
Event: 51.370 Thread 0x000001fedaa26cc0 Uncommon trap: trap_request=0xffffff45 fr.pc=0x000001fecb250380 relative=0x00000000000001e0
Event: 51.370 Thread 0x000001fedaa26cc0 Uncommon trap: reason=unstable_if action=reinterpret pc=0x000001fecb250380 method=com.esotericsoftware.kryo.io.Input.require(I)I @ 65 c2
Event: 51.371 Thread 0x000001fedaa26cc0 DEOPT PACKING pc=0x000001fecb250380 sp=0x0000005994df8cf0
Event: 51.371 Thread 0x000001fedaa26cc0 DEOPT UNPACKING pc=0x000001fecaa2a1a3 sp=0x0000005994df8cb0 mode 2
Event: 51.418 Thread 0x000001fedaa26cc0 Uncommon trap: trap_request=0xffffff45 fr.pc=0x000001fecb363ef0 relative=0x0000000000000070
Event: 51.418 Thread 0x000001fedaa26cc0 Uncommon trap: reason=unstable_if action=reinterpret pc=0x000001fecb363ef0 method=com.google.common.cache.LocalCache.isExpired(Lcom/google/common/cache/ReferenceEntry;J)Z @ 9 c2
Event: 51.420 Thread 0x000001fedaa26cc0 DEOPT PACKING pc=0x000001fecb363ef0 sp=0x0000005994df8fd0
Event: 51.420 Thread 0x000001fedaa26cc0 DEOPT UNPACKING pc=0x000001fecaa2a1a3 sp=0x0000005994df8f60 mode 2
Event: 51.868 Thread 0x000001fedaa26cc0 Uncommon trap: trap_request=0xffffff45 fr.pc=0x000001fecb4ed99c relative=0x00000000000001fc
Event: 51.868 Thread 0x000001fedaa26cc0 Uncommon trap: reason=unstable_if action=reinterpret pc=0x000001fecb4ed99c method=org.gradle.internal.instantiation.generator.AbstractClassGenerator.isNameProperty(Lorg/gradle/internal/instantiation/generator/AbstractClassGenerator$PropertyMetadata;)Z @ 2
Event: 51.868 Thread 0x000001fedaa26cc0 DEOPT PACKING pc=0x000001fecb4ed99c sp=0x0000005994df8cf0
Event: 51.868 Thread 0x000001fedaa26cc0 DEOPT UNPACKING pc=0x000001fecaa2a1a3 sp=0x0000005994df8c80 mode 2

Classes unloaded (0 events):
No events

Classes redefined (0 events):
No events

Internal exceptions (20 events):
Event: 45.513 Thread 0x000001fedaa26cc0 Exception <a 'java/lang/ClassNotFoundException'{0x00000000ac57e650}: java/lang/MathBeanInfo> (0x00000000ac57e650) 
thrown [s\src\hotspot\share\classfile\systemDictionary.cpp, line 256]
Event: 45.514 Thread 0x000001fedaa26cc0 Exception <a 'java/lang/ClassNotFoundException'{0x00000000ac5840a0}: java/lang/MathCustomizer> (0x00000000ac5840a0) 
thrown [s\src\hotspot\share\classfile\systemDictionary.cpp, line 256]
Event: 46.458 Thread 0x000001fedaa26cc0 Exception <a 'java/lang/ClassNotFoundException'{0x00000000a6e74948}: com/android/build/gradle/internal/api/LibraryVariantOutputImpl_DecoratedBeanInfo> (0x00000000a6e74948) 
thrown [s\src\hotspot\share\classfile\systemDictionary.cpp, line 256]
Event: 46.460 Thread 0x000001fedaa26cc0 Exception <a 'java/lang/ClassNotFoundException'{0x00000000a6e804e0}: com/android/build/gradle/internal/api/LibraryVariantOutputImplBeanInfo> (0x00000000a6e804e0) 
thrown [s\src\hotspot\share\classfile\systemDictionary.cpp, line 256]
Event: 46.462 Thread 0x000001fedaa26cc0 Exception <a 'java/lang/ClassNotFoundException'{0x00000000a6e8bdf0}: com/android/build/gradle/internal/api/LibraryVariantOutputImplCustomizer> (0x00000000a6e8bdf0) 
thrown [s\src\hotspot\share\classfile\systemDictionary.cpp, line 256]
Event: 46.464 Thread 0x000001fedaa26cc0 Exception <a 'java/lang/ClassNotFoundException'{0x00000000a6ea06f0}: com/android/build/gradle/internal/api/LibraryVariantOutputImpl_DecoratedCustomizer> (0x00000000a6ea06f0) 
thrown [s\src\hotspot\share\classfile\systemDictionary.cpp, line 256]
Event: 47.962 Thread 0x000001fedaa26cc0 Exception <a 'java/lang/ClassNotFoundException'{0x00000000a6c3c0c8}: build_3m2ji9r8ymv29ppgm4r485oliBeanInfo> (0x00000000a6c3c0c8) 
thrown [s\src\hotspot\share\classfile\systemDictionary.cpp, line 256]
Event: 47.962 Thread 0x000001fedaa26cc0 Exception <a 'java/lang/ClassNotFoundException'{0x00000000a6c42948}: build_3m2ji9r8ymv29ppgm4r485oliCustomizer> (0x00000000a6c42948) 
thrown [s\src\hotspot\share\classfile\systemDictionary.cpp, line 256]
Event: 50.576 Thread 0x000001fedaa26cc0 Exception <a 'java/lang/ClassNotFoundException'{0x00000000a71cc998}: build_3m2ji9r8ymv29ppgm4r485oliBeanInfo> (0x00000000a71cc998) 
thrown [s\src\hotspot\share\classfile\systemDictionary.cpp, line 256]
Event: 50.576 Thread 0x000001fedaa26cc0 Exception <a 'java/lang/ClassNotFoundException'{0x00000000a71d3410}: build_3m2ji9r8ymv29ppgm4r485oliCustomizer> (0x00000000a71d3410) 
thrown [s\src\hotspot\share\classfile\systemDictionary.cpp, line 256]
Event: 50.847 Thread 0x000001fedaa26cc0 Exception <a 'java/lang/ClassNotFoundException'{0x00000000ac877670}: com/android/build/gradle/internal/dsl/TestOptions_DecoratedBeanInfo> (0x00000000ac877670) 
thrown [s\src\hotspot\share\classfile\systemDictionary.cpp, line 256]
Event: 50.848 Thread 0x000001fedaa26cc0 Exception <a 'java/lang/ClassNotFoundException'{0x00000000ac885b80}: com/android/build/gradle/internal/dsl/TestOptionsBeanInfo> (0x00000000ac885b80) 
thrown [s\src\hotspot\share\classfile\systemDictionary.cpp, line 256]
Event: 50.849 Thread 0x000001fedaa26cc0 Exception <a 'java/lang/ClassNotFoundException'{0x00000000ac894070}: com/android/build/gradle/internal/dsl/TestOptionsCustomizer> (0x00000000ac894070) 
thrown [s\src\hotspot\share\classfile\systemDictionary.cpp, line 256]
Event: 50.852 Thread 0x000001fedaa26cc0 Exception <a 'java/lang/ClassNotFoundException'{0x00000000ac8bde00}: com/android/build/gradle/internal/dsl/TestOptions_DecoratedCustomizer> (0x00000000ac8bde00) 
thrown [s\src\hotspot\share\classfile\systemDictionary.cpp, line 256]
Event: 50.856 Thread 0x000001fedaa26cc0 Exception <a 'java/lang/ClassNotFoundException'{0x00000000ac719568}: com/android/build/gradle/internal/dsl/TestOptions$UnitTestOptions_DecoratedBeanInfo> (0x00000000ac719568) 
thrown [s\src\hotspot\share\classfile\systemDictionary.cpp, line 256]
Event: 50.857 Thread 0x000001fedaa26cc0 Exception <a 'java/lang/ClassNotFoundException'{0x00000000ac727c20}: com/android/build/gradle/internal/dsl/TestOptions$UnitTestOptionsBeanInfo> (0x00000000ac727c20) 
thrown [s\src\hotspot\share\classfile\systemDictionary.cpp, line 256]
Event: 50.859 Thread 0x000001fedaa26cc0 Exception <a 'java/lang/ClassNotFoundException'{0x00000000ac736630}: com/android/build/gradle/internal/dsl/TestOptions$UnitTestOptionsCustomizer> (0x00000000ac736630) 
thrown [s\src\hotspot\share\classfile\systemDictionary.cpp, line 256]
Event: 50.862 Thread 0x000001fedaa26cc0 Exception <a 'java/lang/ClassNotFoundException'{0x00000000ac74c0e8}: com/android/build/gradle/internal/dsl/TestOptions$UnitTestOptions_DecoratedCustomizer> (0x00000000ac74c0e8) 
thrown [s\src\hotspot\share\classfile\systemDictionary.cpp, line 256]
Event: 51.470 Thread 0x000001fedaa26cc0 Exception <a 'java/lang/NoSuchMethodError'{0x00000000acb95400}: 'void java.lang.invoke.DirectMethodHandle$Holder.invokeInterface(java.lang.Object, java.lang.Object)'> (0x00000000acb95400) 
thrown [s\src\hotspot\share\interpreter\linkResolver.cpp, line 771]
Event: 51.549 Thread 0x000001fedaa26cc0 Exception <a 'java/lang/NoSuchMethodError'{0x00000000aca66fa0}: 'java.lang.Object java.lang.invoke.DirectMethodHandle$Holder.invokeStatic(java.lang.Object, int, java.lang.Object)'> (0x00000000aca66fa0) 
thrown [s\src\hotspot\share\interpreter\linkResolver.cpp, line 771]

VM Operations (20 events):
Event: 49.479 Executing VM operation: ICBufferFull
Event: 49.481 Executing VM operation: ICBufferFull done
Event: 49.497 Executing VM operation: HandshakeAllThreads
Event: 49.498 Executing VM operation: HandshakeAllThreads done
Event: 49.798 Executing VM operation: HandshakeAllThreads
Event: 49.799 Executing VM operation: HandshakeAllThreads done
Event: 50.583 Executing VM operation: G1CollectForAllocation
Event: 50.592 Executing VM operation: G1CollectForAllocation done
Event: 51.172 Executing VM operation: HandshakeAllThreads
Event: 51.172 Executing VM operation: HandshakeAllThreads done
Event: 51.262 Executing VM operation: G1CollectForAllocation
Event: 51.270 Executing VM operation: G1CollectForAllocation done
Event: 51.657 Executing VM operation: G1CollectForAllocation
Event: 51.664 Executing VM operation: G1CollectForAllocation done
Event: 51.868 Executing VM operation: G1CollectForAllocation
Event: 51.877 Executing VM operation: G1CollectForAllocation done
Event: 51.935 Executing VM operation: HandshakeAllThreads
Event: 51.935 Executing VM operation: HandshakeAllThreads done
Event: 52.247 Executing VM operation: G1CollectForAllocation
Event: 52.251 Executing VM operation: G1CollectForAllocation done

Events (20 events):
Event: 51.110 loading class java/time/format/DateTimeFormatterBuilder$2 done
Event: 51.111 loading class java/time/LocalTime$1
Event: 51.111 loading class java/time/LocalTime$1 done
Event: 51.116 loading class java/nio/channels/Channels$1
Event: 51.117 loading class java/nio/channels/Channels$1 done
Event: 51.334 loading class java/lang/AbstractMethodError
Event: 51.334 loading class java/lang/AbstractMethodError done
Event: 51.342 Thread 0x000001fedd659f90 Thread exited: 0x000001fedd659f90
Event: 51.392 Thread 0x000001fedd659f90 Thread added: 0x000001fedd659f90
Event: 51.450 Thread 0x000001fedd65a4a0 Thread added: 0x000001fedd65a4a0
Event: 51.634 loading class java/util/zip/ZipOutputStream
Event: 51.635 loading class java/util/zip/ZipOutputStream done
Event: 51.710 loading class java/util/TreeMap$DescendingSubMap
Event: 51.711 loading class java/util/TreeMap$NavigableSubMap
Event: 51.711 loading class java/util/TreeMap$NavigableSubMap done
Event: 51.712 loading class java/util/TreeMap$DescendingSubMap done
Event: 51.712 loading class java/util/TreeMap$NavigableSubMap$DescendingSubMapKeyIterator
Event: 51.712 loading class java/util/TreeMap$NavigableSubMap$SubMapIterator
Event: 51.712 loading class java/util/TreeMap$NavigableSubMap$SubMapIterator done
Event: 51.712 loading class java/util/TreeMap$NavigableSubMap$DescendingSubMapKeyIterator done


Dynamic libraries:
0x00007ff7f92a0000 - 0x00007ff7f92aa000 	C:\Program Files\Android\Android Studio\jbr\bin\java.exe
0x00007ff8db9d0000 - 0x00007ff8dbbc8000 	C:\Windows\SYSTEM32\ntdll.dll
0x00007ff8db8c0000 - 0x00007ff8db981000 	C:\Windows\System32\KERNEL32.DLL
0x00007ff8d9650000 - 0x00007ff8d994d000 	C:\Windows\System32\KERNELBASE.dll
0x00007ff8d91e0000 - 0x00007ff8d92e0000 	C:\Windows\System32\ucrtbase.dll
0x00007ff8cb2d0000 - 0x00007ff8cb2e7000 	C:\Program Files\Android\Android Studio\jbr\bin\jli.dll
0x00007ff8cb0e0000 - 0x00007ff8cb0fb000 	C:\Program Files\Android\Android Studio\jbr\bin\VCRUNTIME140.dll
0x00007ff8dae20000 - 0x00007ff8dafbd000 	C:\Windows\System32\USER32.dll
0x00007ff8d95f0000 - 0x00007ff8d9612000 	C:\Windows\System32\win32u.dll
0x00007ff8d9b70000 - 0x00007ff8d9b9b000 	C:\Windows\System32\GDI32.dll
0x00007ff8d94d0000 - 0x00007ff8d95e7000 	C:\Windows\System32\gdi32full.dll
0x00007ff8d90f0000 - 0x00007ff8d918d000 	C:\Windows\System32\msvcp_win.dll
0x00007ff8c3ed0000 - 0x00007ff8c416a000 	C:\Windows\WinSxS\amd64_microsoft.windows.common-controls_6595b64144ccf1df_6.0.19041.4355_none_60b8b9eb71f62e16\COMCTL32.dll
0x00007ff8da910000 - 0x00007ff8da9ae000 	C:\Windows\System32\msvcrt.dll
0x00007ff8d9b40000 - 0x00007ff8d9b6f000 	C:\Windows\System32\IMM32.DLL
0x00007ff8ce790000 - 0x00007ff8ce8ea000 	\\?\AruDhfBJVPjMvBFyibAohKQ\GLOBAL??\C:\Windows\system32\tmumh\20019\AddOn\8.55.0.1333\TmUmEvt64.dll
0x00007ff8db550000 - 0x00007ff8db558000 	C:\Windows\System32\PSAPI.DLL
0x00007ff8dacd0000 - 0x00007ff8dad80000 	C:\Windows\System32\ADVAPI32.dll
0x00007ff8dad80000 - 0x00007ff8dae20000 	C:\Windows\System32\sechost.dll
0x00007ff8da3a0000 - 0x00007ff8da4c3000 	C:\Windows\System32\RPCRT4.dll
0x00007ff8d9620000 - 0x00007ff8d9647000 	C:\Windows\System32\bcrypt.dll
0x0000000060480000 - 0x00000000605fe000 	\\?\AruDhfBJVPjMvBFyibAohKQ\GLOBAL??\C:\Windows\system32\tmumh\20019\TmMon\2.9.0.1176\tmmon64.dll
0x00007ff8cba80000 - 0x00007ff8cba8c000 	C:\Program Files\Android\Android Studio\jbr\bin\vcruntime140_1.dll
0x00007ff8c92e0000 - 0x00007ff8c936d000 	C:\Program Files\Android\Android Studio\jbr\bin\msvcp140.dll
0x00007ff82f2f0000 - 0x00007ff82ff5e000 	C:\Program Files\Android\Android Studio\jbr\bin\server\jvm.dll
0x00007ff8be9d0000 - 0x00007ff8be9d9000 	C:\Windows\SYSTEM32\WSOCK32.dll
0x00007ff8da840000 - 0x00007ff8da8ab000 	C:\Windows\System32\WS2_32.dll
0x00007ff8cfc80000 - 0x00007ff8cfca7000 	C:\Windows\SYSTEM32\WINMM.dll
0x00007ff8d1530000 - 0x00007ff8d153a000 	C:\Windows\SYSTEM32\VERSION.dll
0x00007ff8d76b0000 - 0x00007ff8d76c2000 	C:\Windows\SYSTEM32\kernel.appcore.dll
0x00007ff8d3790000 - 0x00007ff8d379a000 	C:\Program Files\Android\Android Studio\jbr\bin\jimage.dll
0x00007ff8d6ab0000 - 0x00007ff8d6c94000 	C:\Windows\SYSTEM32\DBGHELP.DLL
0x00007ff8cc3e0000 - 0x00007ff8cc414000 	C:\Windows\SYSTEM32\dbgcore.DLL
0x00007ff8d92e0000 - 0x00007ff8d9362000 	C:\Windows\System32\bcryptPrimitives.dll
0x00007ff8cb350000 - 0x00007ff8cb375000 	C:\Program Files\Android\Android Studio\jbr\bin\java.dll
0x00007ff8cb330000 - 0x00007ff8cb348000 	C:\Program Files\Android\Android Studio\jbr\bin\zip.dll
0x00007ff8d9c30000 - 0x00007ff8da39f000 	C:\Windows\System32\SHELL32.dll
0x00007ff8d6f00000 - 0x00007ff8d769f000 	C:\Windows\SYSTEM32\windows.storage.dll
0x00007ff8db560000 - 0x00007ff8db8b3000 	C:\Windows\System32\combase.dll
0x00007ff8d8aa0000 - 0x00007ff8d8ace000 	C:\Windows\SYSTEM32\Wldp.dll
0x00007ff8d9a00000 - 0x00007ff8d9acd000 	C:\Windows\System32\OLEAUT32.dll
0x00007ff8daa10000 - 0x00007ff8daabd000 	C:\Windows\System32\SHCORE.dll
0x00007ff8d9ae0000 - 0x00007ff8d9b35000 	C:\Windows\System32\shlwapi.dll
0x00007ff8d8fb0000 - 0x00007ff8d8fd4000 	C:\Windows\SYSTEM32\profapi.dll
0x00007ff8cb310000 - 0x00007ff8cb329000 	C:\Program Files\Android\Android Studio\jbr\bin\net.dll
0x00007ff8d23d0000 - 0x00007ff8d24dd000 	C:\Windows\SYSTEM32\WINHTTP.dll
0x00007ff8d8800000 - 0x00007ff8d886a000 	C:\Windows\system32\mswsock.dll
0x00007ff8cb2f0000 - 0x00007ff8cb306000 	C:\Program Files\Android\Android Studio\jbr\bin\nio.dll
0x00007ff8d1560000 - 0x00007ff8d1570000 	C:\Program Files\Android\Android Studio\jbr\bin\verify.dll
0x00007ff89aff0000 - 0x00007ff89b017000 	C:\Users\javedmughal\.gradle\native\e1d6ef7f7dcc3fd88c89a11ec53ec762bb8ba0a96d01ffa2cd45eb1d1d8dd5c5\windows-amd64\native-platform.dll
0x00007ff88cd10000 - 0x00007ff88ce54000 	C:\Users\javedmughal\.gradle\native\0d407fdbe67a94daf76414ababcb853783967236a71b16ec16e742cd7a986fd3\windows-amd64\native-platform-file-events.dll
0x00007ff8cfc50000 - 0x00007ff8cfc59000 	C:\Program Files\Android\Android Studio\jbr\bin\management.dll
0x00007ff8cc4d0000 - 0x00007ff8cc4db000 	C:\Program Files\Android\Android Studio\jbr\bin\management_ext.dll
0x00007ff8d8a00000 - 0x00007ff8d8a18000 	C:\Windows\SYSTEM32\CRYPTSP.dll
0x00007ff8d80b0000 - 0x00007ff8d80e4000 	C:\Windows\system32\rsaenh.dll
0x00007ff8d8f20000 - 0x00007ff8d8f4e000 	C:\Windows\SYSTEM32\USERENV.dll
0x00007ff8d89f0000 - 0x00007ff8d89fc000 	C:\Windows\SYSTEM32\CRYPTBASE.dll
0x00007ff8d8490000 - 0x00007ff8d84cb000 	C:\Windows\SYSTEM32\IPHLPAPI.DLL
0x00007ff8d9ad0000 - 0x00007ff8d9ad8000 	C:\Windows\System32\NSI.dll
0x00007ff8d4f10000 - 0x00007ff8d4f27000 	C:\Windows\SYSTEM32\dhcpcsvc6.DLL
0x00007ff8d4d80000 - 0x00007ff8d4d9d000 	C:\Windows\SYSTEM32\dhcpcsvc.DLL
0x00007ff8d84d0000 - 0x00007ff8d859a000 	C:\Windows\SYSTEM32\DNSAPI.dll
0x00007ff8cc500000 - 0x00007ff8cc507000 	C:\Windows\system32\wshunix.dll

dbghelp: loaded successfully - version: 4.0.5 - missing functions: none
symbol engine: initialized successfully - sym options: 0x614 - pdb path: .;C:\Program Files\Android\Android Studio\jbr\bin;C:\Windows\SYSTEM32;C:\Windows\WinSxS\amd64_microsoft.windows.common-controls_6595b64144ccf1df_6.0.19041.4355_none_60b8b9eb71f62e16;\\?\AruDhfBJVPjMvBFyibAohKQ\GLOBAL??\C:\Windows\system32\tmumh\20019\AddOn\8.55.0.1333;\\?\AruDhfBJVPjMvBFyibAohKQ\GLOBAL??\C:\Windows\system32\tmumh\20019\TmMon\2.9.0.1176;C:\Program Files\Android\Android Studio\jbr\bin\server;C:\Users\javedmughal\.gradle\native\e1d6ef7f7dcc3fd88c89a11ec53ec762bb8ba0a96d01ffa2cd45eb1d1d8dd5c5\windows-amd64;C:\Users\javedmughal\.gradle\native\0d407fdbe67a94daf76414ababcb853783967236a71b16ec16e742cd7a986fd3\windows-amd64

VM Arguments:
jvm_args: --add-opens=java.base/java.util=ALL-UNNAMED --add-opens=java.base/java.lang=ALL-UNNAMED --add-opens=java.base/java.lang.invoke=ALL-UNNAMED --add-opens=java.base/java.util=ALL-UNNAMED --add-opens=java.prefs/java.util.prefs=ALL-UNNAMED --add-opens=java.prefs/java.util.prefs=ALL-UNNAMED --add-opens=java.base/java.nio.charset=ALL-UNNAMED --add-opens=java.base/java.net=ALL-UNNAMED --add-opens=java.base/java.util.concurrent.atomic=ALL-UNNAMED -Xmx1536M -Dfile.encoding=windows-1252 -Duser.country=US -Duser.language=en -Duser.variant 
java_command: org.gradle.launcher.daemon.bootstrap.GradleDaemon 7.5
java_class_path (initial): C:\Users\javedmughal\.gradle\wrapper\dists\gradle-7.5-all\6qsw290k5lz422uaf8jf6m7co\gradle-7.5\lib\gradle-launcher-7.5.jar
Launcher Type: SUN_STANDARD

[Global flags]
     intx CICompilerCount                          = 4                                         {product} {ergonomic}
     uint ConcGCThreads                            = 2                                         {product} {ergonomic}
     uint G1ConcRefinementThreads                  = 8                                         {product} {ergonomic}
   size_t G1HeapRegionSize                         = 1048576                                   {product} {ergonomic}
    uintx GCDrainStackTargetSize                   = 64                                        {product} {ergonomic}
   size_t InitialHeapSize                          = 266338304                                 {product} {ergonomic}
   size_t MarkStackSize                            = 4194304                                   {product} {ergonomic}
   size_t MaxHeapSize                              = 1610612736                                {product} {command line}
   size_t MaxNewSize                               = 965738496                                 {product} {ergonomic}
   size_t MinHeapDeltaBytes                        = 1048576                                   {product} {ergonomic}
   size_t MinHeapSize                              = 8388608                                   {product} {ergonomic}
    uintx NonNMethodCodeHeapSize                   = 5839372                                {pd product} {ergonomic}
    uintx NonProfiledCodeHeapSize                  = 122909434                              {pd product} {ergonomic}
    uintx ProfiledCodeHeapSize                     = 122909434                              {pd product} {ergonomic}
    uintx ReservedCodeCacheSize                    = 251658240                              {pd product} {ergonomic}
     bool SegmentedCodeCache                       = true                                      {product} {ergonomic}
   size_t SoftMaxHeapSize                          = 1610612736                             {manageable} {ergonomic}
     bool UseCompressedClassPointers               = true                           {product lp64_product} {ergonomic}
     bool UseCompressedOops                        = true                           {product lp64_product} {ergonomic}
     bool UseG1GC                                  = true                                      {product} {ergonomic}
     bool UseLargePagesIndividualAllocation        = false                                  {pd product} {ergonomic}

Logging:
Log output configuration:
 #0: stdout all=warning uptime,level,tags
 #1: stderr all=off uptime,level,tags

Environment Variables:
JAVA_HOME=C:\Program Files\Android\Android Studio\jbr
CLASSPATH=D:\javed_mughal\my_work\personal\Github_Projects\barcode_scanner_app\android\\gradle\wrapper\gradle-wrapper.jar
PATH=C:\Python312\Scripts\;C:\Python312\;D:\app\client\javedmughal\product\19.0.0\client_1\bin;C:\Program Files\Common Files\Oracle\Java\javapath;C:\Program Files (x86)\Common Files\Oracle\Java\javapath;E:\OraHome_1\bin;E:\OraHome_1\jre\1.4.2\bin\client;E:\OraHome_1\jre\1.4.2\bin;C:\DevSuiteHome_1\jdk\jre\bin\classic;C:\DevSuiteHome_1\jdk\jre\bin;C:\DevSuiteHome_1\jdk\jre\bin\client;C:\DevSuiteHome_1\jlib;C:\DevSuiteHome_1\bin;C:\DevSuiteHome_1\jre\1.4.2\bin\client;C:\DevSuiteHome_1\jre\1.4.2\bin;C:\Windows\system32;C:\Windows;C:\Windows\System32\Wbem;C:\Windows\System32\WindowsPowerShell\v1.0\;C:\Windows\System32\OpenSSH\;C:\Program Files\TortoiseSVN\bin;C:\Program Files (x86)\NVIDIA Corporation\PhysX\Common;C:\Program Files\NVIDIA Corporation\NVIDIA NvDLISR;C:\Program Files\Git\cmd;C:\Program Files (x86)\Java\jre1.8.0_341\bin;C:\Program Files\nodejs\;C:\ProgramData\chocolatey\bin;C:\Users\javedmughal\AppData\Local\Android\Sdk\platform-tools;C:\Program Files\MongoDB\Server\7.0\bin;C:\mongosh-2.0.2-win32-x64\bin;C:\src\flutter\.pub-cache\bin;C:\src\flutter\bin;C:\xampp\php;C:\composer;C:\Program Files\dotnet\;C:\Users\javedmughal\AppData\Local\Android\Sdk\emulator;C:\src\flutter\.pub-cache\bin;C:\Users\javedmughal\AppData\Local\Programs\Microsoft VS Code\bin;C:\Users\javedmughal\AppData\Local\GitHubDesktop\bin;C:\Users\javedmughal\AppData\Roaming\Composer\vendor\bin;C:\xampp\php;;C:\Program Files\JetBrains\PhpStorm 2024.1.2\bin;;D:\sdk\flutter3.10.2\bin\mingit\cmd
USERNAME=javedmughal
OS=Windows_NT
PROCESSOR_IDENTIFIER=Intel64 Family 6 Model 126 Stepping 5, GenuineIntel
TMP=C:\Users\JAVEDM~1\AppData\Local\Temp
TEMP=C:\Users\JAVEDM~1\AppData\Local\Temp


JNI global refs:
JNI global refs: 26, weak refs: 3

JNI global refs memory usage: 843, weak refs: 841


---------------  S Y S T E M  ---------------

OS:
 Windows 10 , 64 bit Build 19041 (10.0.19041.4717)
OS uptime: 1 days 5:47 hours

CPU: total 8 (initial active 8) (4 cores per cpu, 2 threads per core) family 6 model 126 stepping 5 microcode 0xc2, cx8, cmov, fxsr, ht, mmx, 3dnowpref, sse, sse2, sse3, ssse3, sse4.1, sse4.2, popcnt, lzcnt, tsc, tscinvbit, avx, avx2, aes, erms, clmul, bmi1, bmi2, adx, avx512f, avx512dq, avx512cd, avx512bw, avx512vl, sha, fma, vzeroupper, avx512_vpopcntdq, avx512_vpclmulqdq, avx512_vaes, avx512_vnni, clflush, clflushopt, avx512_vbmi2, avx512_vbmi

Memory: 4k page, system-wide physical 16151M (709M free)
TotalPageFile size 23151M (AvailPageFile size 0M)
current process WorkingSet (physical memory assigned to process): 374M, peak: 378M
current process commit charge ("private bytes"): 418M, peak: 419M

vm_info: OpenJDK 64-Bit Server VM (17.0.6+0-b2043.56-10027231) for windows-amd64 JRE (17.0.6+0-b2043.56-10027231), built on Apr 28 2023 00:43:19 by "androidbuild" with MS VC++ 16.10 / 16.11 (VS2019)

END.
