#
# There is insufficient memory for the Java Runtime Environment to continue.
# Native memory allocation (malloc) failed to allocate 1057696 bytes for Chunk::new
# Possible reasons:
#   The system is out of physical RAM or swap space
#   The process is running with CompressedOops enabled, and the Java Heap may be blocking the growth of the native heap
# Possible solutions:
#   Reduce memory load on the system
#   Increase physical memory or swap space
#   Check if swap backing store is full
#   Decrease Java heap size (-Xmx/-Xms)
#   Decrease number of Java threads
#   Decrease Java thread stack sizes (-Xss)
#   Set larger code cache with -XX:ReservedCodeCacheSize=
#   JVM is running with Unscaled Compressed Oops mode in which the Java heap is
#     placed in the first 4GB address space. The Java Heap base address is the
#     maximum limit for the native heap growth. Please use -XX:HeapBaseMinAddress
#     to set the Java Heap base and to place the Java Heap above 4GB virtual address.
# This output file may be truncated or incomplete.
#
#  Out of Memory Error (arena.cpp:189), pid=27956, tid=18348
#
# JRE version: OpenJDK Runtime Environment (17.0.6) (build 17.0.6+0-b2043.56-10027231)
# Java VM: OpenJDK 64-Bit Server VM (17.0.6+0-b2043.56-10027231, mixed mode, tiered, compressed oops, compressed class ptrs, g1 gc, windows-amd64)
# No core dump will be written. Minidumps are not enabled by default on client versions of Windows
#

---------------  S U M M A R Y ------------

Command Line: --add-opens=java.base/java.util=ALL-UNNAMED --add-opens=java.base/java.lang=ALL-UNNAMED --add-opens=java.base/java.lang.invoke=ALL-UNNAMED --add-opens=java.base/java.util=ALL-UNNAMED --add-opens=java.prefs/java.util.prefs=ALL-UNNAMED --add-opens=java.prefs/java.util.prefs=ALL-UNNAMED --add-opens=java.base/java.nio.charset=ALL-UNNAMED --add-opens=java.base/java.net=ALL-UNNAMED --add-opens=java.base/java.util.concurrent.atomic=ALL-UNNAMED -Xmx1536M -Dfile.encoding=windows-1252 -Duser.country=US -Duser.language=en -Duser.variant org.gradle.launcher.daemon.bootstrap.GradleDaemon 7.5

Host: Intel(R) Core(TM) i5-1035G1 CPU @ 1.00GHz, 8 cores, 15G,  Windows 10 , 64 bit Build 19041 (10.0.19041.4717)
Time: Tue Sep 10 15:49:29 2024 Pakistan Standard Time elapsed time: 25.510160 seconds (0d 0h 0m 25s)

---------------  T H R E A D  ---------------

Current thread (0x000001ae5accf520):  JavaThread "C2 CompilerThread0" daemon [_thread_in_native, id=18348, stack(0x0000003802100000,0x0000003802200000)]


Current CompileTask:
C2:  25510 6479   !   4       com.google.common.reflect.TypeVisitor::visit (244 bytes)

Stack: [0x0000003802100000,0x0000003802200000]
Native frames: (J=compiled Java code, j=interpreted, Vv=VM code, C=native code)
V  [jvm.dll+0x683c9a]
V  [jvm.dll+0x8427a4]
V  [jvm.dll+0x843f9e]
V  [jvm.dll+0x844603]
V  [jvm.dll+0x249b75]
V  [jvm.dll+0xabcac]
V  [jvm.dll+0xac27c]
V  [jvm.dll+0x2b0eef]
V  [jvm.dll+0x58a267]
V  [jvm.dll+0x2243b2]
V  [jvm.dll+0x22478f]
V  [jvm.dll+0x21e055]
V  [jvm.dll+0x21b51b]
V  [jvm.dll+0x1a4fdd]
V  [jvm.dll+0x22b098]
V  [jvm.dll+0x229159]
V  [jvm.dll+0x7f81ec]
V  [jvm.dll+0x7f274a]
V  [jvm.dll+0x682ad5]
C  [ucrtbase.dll+0x21bb2]
C  [KERNEL32.DLL+0x17374]
C  [ntdll.dll+0x4cc91]


---------------  P R O C E S S  ---------------

Threads class SMR info:
_java_thread_list=0x000001ae5b50c0e0, length=128, elements={
0x000001ae417052a0, 0x000001ae5ac83620, 0x000001ae5ac845f0, 0x000001ae5acb0900,
0x000001ae5acb31d0, 0x000001ae5acb4520, 0x000001ae5acb7270, 0x000001ae5accf520,
0x000001ae5acd2e20, 0x000001ae5acd3af0, 0x000001ae5ae32a90, 0x000001ae5ae34f70,
0x000001ae5c070b40, 0x000001ae5c071010, 0x000001ae5c070670, 0x000001ae5c0714e0,
0x000001ae5c0701a0, 0x000001ae5c0719b0, 0x000001ae5df7e6e0, 0x000001ae5df7ebb0,
0x000001ae5df7ced0, 0x000001ae5df7e210, 0x000001ae5df80890, 0x000001ae5df7f550,
0x000001ae5df81700, 0x000001ae5df80d60, 0x000001ae5df82570, 0x000001ae5df7d3a0,
0x000001ae5df7c060, 0x000001ae5df81230, 0x000001ae5df82a40, 0x000001ae5df7b6c0,
0x000001ae5df7fef0, 0x000001ae5df7d870, 0x000001ae5df7fa20, 0x000001ae5df820a0,
0x000001ae5df7bb90, 0x000001ae5df7ca00, 0x000001ae60bf7bb0, 0x000001ae60bf76e0,
0x000001ae60bf5a00, 0x000001ae60bf8080, 0x000001ae60bfc3e0, 0x000001ae60bf63a0,
0x000001ae60bfbf10, 0x000001ae60bf9890, 0x000001ae60bfc8b0, 0x000001ae60bf5060,
0x000001ae60bfa700, 0x000001ae60bf5530, 0x000001ae60bfabd0, 0x000001ae60bf6870,
0x000001ae60bf5ed0, 0x000001ae60bfb570, 0x000001ae60bfa230, 0x000001ae60bfb0a0,
0x000001ae60bfba40, 0x000001ae60bf8550, 0x000001ae60bf6d40, 0x000001ae60bf8a20,
0x000001ae60bf7210, 0x000001ae60bf8ef0, 0x000001ae60bf93c0, 0x000001ae5b328000,
0x000001ae5b32b4f0, 0x000001ae5b328e70, 0x000001ae5b32cd00, 0x000001ae5b32e510,
0x000001ae5b32be90, 0x000001ae5b329810, 0x000001ae5b329340, 0x000001ae5b32ab50,
0x000001ae5b32c360, 0x000001ae5b32c830, 0x000001ae5b32d1d0, 0x000001ae5b32a1b0,
0x000001ae5b32b020, 0x000001ae5b32d6a0, 0x000001ae5b3284d0, 0x000001ae5b32e9e0,
0x000001ae5b32eeb0, 0x000001ae5b327b30, 0x000001ae5b32db70, 0x000001ae5b32b9c0,
0x000001ae5b32e040, 0x000001ae5b329ce0, 0x000001ae5b32a680, 0x000001ae5b32f380,
0x000001ae5b3289a0, 0x000001ae5d920880, 0x000001ae5d924be0, 0x000001ae5d91f070,
0x000001ae5d9250b0, 0x000001ae5d920d50, 0x000001ae5d925580, 0x000001ae5d921220,
0x000001ae5d9238a0, 0x000001ae5d922560, 0x000001ae5d925a50, 0x000001ae5d91e200,
0x000001ae5d923d70, 0x000001ae5d9233d0, 0x000001ae5d922a30, 0x000001ae5d922f00,
0x000001ae5d91e6d0, 0x000001ae5d924240, 0x000001ae5d91eba0, 0x000001ae5d9216f0,
0x000001ae5d924710, 0x000001ae5d91f540, 0x000001ae5d91fa10, 0x000001ae5d91fee0,
0x000001ae5d921bc0, 0x000001ae5d9203b0, 0x000001ae5d922090, 0x000001ae60527670,
0x000001ae60527b40, 0x000001ae605284e0, 0x000001ae605254c0, 0x000001ae60526cd0,
0x000001ae605289b0, 0x000001ae6052a1c0, 0x000001ae6052b030, 0x000001ae6052a690,
0x000001ae6052b500, 0x000001ae5e76c1a0, 0x000001ae5d440c10, 0x000001ae60529820
}

Java Threads: ( => current thread )
  0x000001ae417052a0 JavaThread "main" [_thread_blocked, id=19788, stack(0x0000003801400000,0x0000003801500000)]
  0x000001ae5ac83620 JavaThread "Reference Handler" daemon [_thread_blocked, id=21144, stack(0x0000003801b00000,0x0000003801c00000)]
  0x000001ae5ac845f0 JavaThread "Finalizer" daemon [_thread_blocked, id=12396, stack(0x0000003801c00000,0x0000003801d00000)]
  0x000001ae5acb0900 JavaThread "Signal Dispatcher" daemon [_thread_blocked, id=18712, stack(0x0000003801d00000,0x0000003801e00000)]
  0x000001ae5acb31d0 JavaThread "Attach Listener" daemon [_thread_blocked, id=24620, stack(0x0000003801e00000,0x0000003801f00000)]
  0x000001ae5acb4520 JavaThread "Service Thread" daemon [_thread_blocked, id=23648, stack(0x0000003801f00000,0x0000003802000000)]
  0x000001ae5acb7270 JavaThread "Monitor Deflation Thread" daemon [_thread_blocked, id=22596, stack(0x0000003802000000,0x0000003802100000)]
=>0x000001ae5accf520 JavaThread "C2 CompilerThread0" daemon [_thread_in_native, id=18348, stack(0x0000003802100000,0x0000003802200000)]
  0x000001ae5acd2e20 JavaThread "C1 CompilerThread0" daemon [_thread_blocked, id=11624, stack(0x0000003802200000,0x0000003802300000)]
  0x000001ae5acd3af0 JavaThread "Sweeper thread" daemon [_thread_blocked, id=6152, stack(0x0000003802300000,0x0000003802400000)]
  0x000001ae5ae32a90 JavaThread "Common-Cleaner" daemon [_thread_blocked, id=16148, stack(0x0000003802400000,0x0000003802500000)]
  0x000001ae5ae34f70 JavaThread "Notification Thread" daemon [_thread_blocked, id=10100, stack(0x0000003802500000,0x0000003802600000)]
  0x000001ae5c070b40 JavaThread "Daemon health stats" [_thread_blocked, id=27664, stack(0x0000003802d00000,0x0000003802e00000)]
  0x000001ae5c071010 JavaThread "Incoming local TCP Connector on port 53419" [_thread_in_native, id=9776, stack(0x0000003802700000,0x0000003802800000)]
  0x000001ae5c070670 JavaThread "Daemon periodic checks" [_thread_blocked, id=17172, stack(0x0000003802e00000,0x0000003802f00000)]
  0x000001ae5c0714e0 JavaThread "Daemon" [_thread_blocked, id=5536, stack(0x0000003802f00000,0x0000003803000000)]
  0x000001ae5c0701a0 JavaThread "Handler for socket connection from /127.0.0.1:53419 to /127.0.0.1:53420" [_thread_in_native, id=27892, stack(0x0000003803000000,0x0000003803100000)]
  0x000001ae5c0719b0 JavaThread "Cancel handler" [_thread_blocked, id=21516, stack(0x0000003803100000,0x0000003803200000)]
  0x000001ae5df7e6e0 JavaThread "Daemon worker" [_thread_in_vm, id=8796, stack(0x0000003803200000,0x0000003803300000)]
  0x000001ae5df7ebb0 JavaThread "Asynchronous log dispatcher for DefaultDaemonConnection: socket connection from /127.0.0.1:53419 to /127.0.0.1:53420" [_thread_blocked, id=25676, stack(0x0000003803300000,0x0000003803400000)]
  0x000001ae5df7ced0 JavaThread "Stdin handler" [_thread_blocked, id=25608, stack(0x0000003803400000,0x0000003803500000)]
  0x000001ae5df7e210 JavaThread "Daemon client event forwarder" [_thread_blocked, id=4028, stack(0x0000003803500000,0x0000003803600000)]
  0x000001ae5df80890 JavaThread "Cache worker for journal cache (C:\Users\javedmughal\.gradle\caches\journal-1)" [_thread_blocked, id=24600, stack(0x0000003803600000,0x0000003803700000)]
  0x000001ae5df7f550 JavaThread "File lock request listener" [_thread_in_native, id=24692, stack(0x0000003803700000,0x0000003803800000)]
  0x000001ae5df81700 JavaThread "Cache worker for file hash cache (C:\Users\javedmughal\.gradle\caches\7.5\fileHashes)" [_thread_blocked, id=23056, stack(0x0000003803b00000,0x0000003803c00000)]
  0x000001ae5df80d60 JavaThread "File lock release action executor" [_thread_blocked, id=6428, stack(0x0000003803d00000,0x0000003803e00000)]
  0x000001ae5df82570 JavaThread "File watcher server" daemon [_thread_in_native, id=20660, stack(0x0000003803e00000,0x0000003803f00000)]
  0x000001ae5df7d3a0 JavaThread "File watcher consumer" daemon [_thread_blocked, id=26520, stack(0x0000003803f00000,0x0000003804000000)]
  0x000001ae5df7c060 JavaThread "Cache worker for checksums cache (D:\javed_mughal\my_work\personal\Github_Projects\barcode_scanner_app\android\.gradle\7.5\checksums)" [_thread_blocked, id=21756, stack(0x0000003804000000,0x0000003804100000)]
  0x000001ae5df81230 JavaThread "Cache worker for cache directory md-rule (C:\Users\javedmughal\.gradle\caches\7.5\md-rule)" [_thread_blocked, id=6280, stack(0x0000003804100000,0x0000003804200000)]
  0x000001ae5df82a40 JavaThread "Cache worker for file content cache (C:\Users\javedmughal\.gradle\caches\7.5\fileContent)" [_thread_blocked, id=11148, stack(0x0000003804200000,0x0000003804300000)]
  0x000001ae5df7b6c0 JavaThread "Cache worker for file hash cache (D:\javed_mughal\my_work\personal\Github_Projects\barcode_scanner_app\android\.gradle\7.5\fileHashes)" [_thread_blocked, id=4812, stack(0x0000003804300000,0x0000003804400000)]
  0x000001ae5df7fef0 JavaThread "Cache worker for cache directory md-supplier (C:\Users\javedmughal\.gradle\caches\7.5\md-supplier)" [_thread_blocked, id=3680, stack(0x0000003804400000,0x0000003804500000)]
  0x000001ae5df7d870 JavaThread "Cache worker for execution history cache (C:\Users\javedmughal\.gradle\caches\7.5\executionHistory)" [_thread_blocked, id=25656, stack(0x0000003804500000,0x0000003804600000)]
  0x000001ae5df7fa20 JavaThread "jar transforms" [_thread_blocked, id=21716, stack(0x0000003803c00000,0x0000003803d00000)]
  0x000001ae5df820a0 JavaThread "jar transforms Thread 2" [_thread_blocked, id=12496, stack(0x0000003804600000,0x0000003804700000)]
  0x000001ae5df7bb90 JavaThread "jar transforms Thread 3" [_thread_blocked, id=14556, stack(0x0000003804700000,0x0000003804800000)]
  0x000001ae5df7ca00 JavaThread "jar transforms Thread 4" [_thread_blocked, id=24860, stack(0x0000003804800000,0x0000003804900000)]
  0x000001ae60bf7bb0 JavaThread "Cache worker for dependencies-accessors (D:\javed_mughal\my_work\personal\Github_Projects\barcode_scanner_app\android\.gradle\7.5\dependencies-accessors)" [_thread_blocked, id=26132, stack(0x0000003804a00000,0x0000003804b00000)]
  0x000001ae60bf76e0 JavaThread "jar transforms Thread 5" [_thread_blocked, id=27996, stack(0x0000003804900000,0x0000003804a00000)]
  0x000001ae60bf5a00 JavaThread "Cache worker for Build Output Cleanup Cache (D:\javed_mughal\my_work\personal\Github_Projects\barcode_scanner_app\android\.gradle\buildOutputCleanup)" [_thread_blocked, id=2288, stack(0x0000003804b00000,0x0000003804c00000)]
  0x000001ae60bf8080 JavaThread "File lock release action executor Thread 2" [_thread_blocked, id=24060, stack(0x0000003804c00000,0x0000003804d00000)]
  0x000001ae60bfc3e0 JavaThread "Unconstrained build operations" [_thread_blocked, id=19696, stack(0x0000003804d00000,0x0000003804e00000)]
  0x000001ae60bf63a0 JavaThread "Unconstrained build operations Thread 2" [_thread_blocked, id=25484, stack(0x0000003804e00000,0x0000003804f00000)]
  0x000001ae60bfbf10 JavaThread "Unconstrained build operations Thread 3" [_thread_blocked, id=12856, stack(0x0000003804f00000,0x0000003805000000)]
  0x000001ae60bf9890 JavaThread "Unconstrained build operations Thread 4" [_thread_blocked, id=27820, stack(0x0000003805000000,0x0000003805100000)]
  0x000001ae60bfc8b0 JavaThread "Unconstrained build operations Thread 5" [_thread_blocked, id=10204, stack(0x0000003805100000,0x0000003805200000)]
  0x000001ae60bf5060 JavaThread "Unconstrained build operations Thread 6" [_thread_blocked, id=18412, stack(0x0000003805200000,0x0000003805300000)]
  0x000001ae60bfa700 JavaThread "Unconstrained build operations Thread 7" [_thread_blocked, id=18804, stack(0x0000003805300000,0x0000003805400000)]
  0x000001ae60bf5530 JavaThread "Unconstrained build operations Thread 8" [_thread_blocked, id=24368, stack(0x0000003805400000,0x0000003805500000)]
  0x000001ae60bfabd0 JavaThread "Unconstrained build operations Thread 9" [_thread_blocked, id=23944, stack(0x0000003805500000,0x0000003805600000)]
  0x000001ae60bf6870 JavaThread "Unconstrained build operations Thread 10" [_thread_blocked, id=28424, stack(0x0000003805600000,0x0000003805700000)]
  0x000001ae60bf5ed0 JavaThread "Unconstrained build operations Thread 11" [_thread_blocked, id=28512, stack(0x0000003805700000,0x0000003805800000)]
  0x000001ae60bfb570 JavaThread "Unconstrained build operations Thread 12" [_thread_blocked, id=5364, stack(0x0000003805800000,0x0000003805900000)]
  0x000001ae60bfa230 JavaThread "Unconstrained build operations Thread 13" [_thread_blocked, id=26268, stack(0x0000003805900000,0x0000003805a00000)]
  0x000001ae60bfb0a0 JavaThread "Unconstrained build operations Thread 14" [_thread_blocked, id=25176, stack(0x0000003805a00000,0x0000003805b00000)]
  0x000001ae60bfba40 JavaThread "Unconstrained build operations Thread 15" [_thread_blocked, id=23728, stack(0x0000003805b00000,0x0000003805c00000)]
  0x000001ae60bf8550 JavaThread "Unconstrained build operations Thread 16" [_thread_blocked, id=25644, stack(0x0000003805c00000,0x0000003805d00000)]
  0x000001ae60bf6d40 JavaThread "Unconstrained build operations Thread 17" [_thread_blocked, id=4864, stack(0x0000003805d00000,0x0000003805e00000)]
  0x000001ae60bf8a20 JavaThread "Unconstrained build operations Thread 18" [_thread_blocked, id=22332, stack(0x0000003805e00000,0x0000003805f00000)]
  0x000001ae60bf7210 JavaThread "Unconstrained build operations Thread 19" [_thread_blocked, id=10092, stack(0x0000003805f00000,0x0000003806000000)]
  0x000001ae60bf8ef0 JavaThread "Unconstrained build operations Thread 20" [_thread_blocked, id=624, stack(0x0000003806000000,0x0000003806100000)]
  0x000001ae60bf93c0 JavaThread "Unconstrained build operations Thread 21" [_thread_blocked, id=15068, stack(0x0000003806100000,0x0000003806200000)]
  0x000001ae5b328000 JavaThread "Unconstrained build operations Thread 22" [_thread_blocked, id=24808, stack(0x0000003806200000,0x0000003806300000)]
  0x000001ae5b32b4f0 JavaThread "Unconstrained build operations Thread 23" [_thread_blocked, id=23416, stack(0x0000003806300000,0x0000003806400000)]
  0x000001ae5b328e70 JavaThread "Unconstrained build operations Thread 24" [_thread_blocked, id=20120, stack(0x0000003806400000,0x0000003806500000)]
  0x000001ae5b32cd00 JavaThread "Unconstrained build operations Thread 25" [_thread_blocked, id=7228, stack(0x0000003806500000,0x0000003806600000)]
  0x000001ae5b32e510 JavaThread "Unconstrained build operations Thread 26" [_thread_blocked, id=27184, stack(0x0000003806600000,0x0000003806700000)]
  0x000001ae5b32be90 JavaThread "Unconstrained build operations Thread 27" [_thread_blocked, id=17684, stack(0x0000003806700000,0x0000003806800000)]
  0x000001ae5b329810 JavaThread "Unconstrained build operations Thread 28" [_thread_blocked, id=19532, stack(0x0000003806800000,0x0000003806900000)]
  0x000001ae5b329340 JavaThread "Unconstrained build operations Thread 29" [_thread_blocked, id=11572, stack(0x0000003806900000,0x0000003806a00000)]
  0x000001ae5b32ab50 JavaThread "Unconstrained build operations Thread 30" [_thread_blocked, id=14928, stack(0x0000003806a00000,0x0000003806b00000)]
  0x000001ae5b32c360 JavaThread "Unconstrained build operations Thread 31" [_thread_blocked, id=15788, stack(0x0000003806b00000,0x0000003806c00000)]
  0x000001ae5b32c830 JavaThread "Unconstrained build operations Thread 32" [_thread_blocked, id=21556, stack(0x0000003806c00000,0x0000003806d00000)]
  0x000001ae5b32d1d0 JavaThread "Unconstrained build operations Thread 33" [_thread_blocked, id=18452, stack(0x0000003806d00000,0x0000003806e00000)]
  0x000001ae5b32a1b0 JavaThread "Unconstrained build operations Thread 34" [_thread_blocked, id=13744, stack(0x0000003806e00000,0x0000003806f00000)]
  0x000001ae5b32b020 JavaThread "Unconstrained build operations Thread 35" [_thread_blocked, id=15920, stack(0x0000003806f00000,0x0000003807000000)]
  0x000001ae5b32d6a0 JavaThread "Unconstrained build operations Thread 36" [_thread_blocked, id=24112, stack(0x0000003807000000,0x0000003807100000)]
  0x000001ae5b3284d0 JavaThread "Unconstrained build operations Thread 37" [_thread_blocked, id=26436, stack(0x0000003807100000,0x0000003807200000)]
  0x000001ae5b32e9e0 JavaThread "Unconstrained build operations Thread 38" [_thread_blocked, id=1908, stack(0x0000003807200000,0x0000003807300000)]
  0x000001ae5b32eeb0 JavaThread "Unconstrained build operations Thread 39" [_thread_blocked, id=19736, stack(0x0000003807300000,0x0000003807400000)]
  0x000001ae5b327b30 JavaThread "Unconstrained build operations Thread 40" [_thread_blocked, id=22888, stack(0x0000003807400000,0x0000003807500000)]
  0x000001ae5b32db70 JavaThread "Unconstrained build operations Thread 41" [_thread_blocked, id=23768, stack(0x0000003807500000,0x0000003807600000)]
  0x000001ae5b32b9c0 JavaThread "Unconstrained build operations Thread 42" [_thread_blocked, id=12548, stack(0x0000003807600000,0x0000003807700000)]
  0x000001ae5b32e040 JavaThread "Unconstrained build operations Thread 43" [_thread_blocked, id=28228, stack(0x0000003807700000,0x0000003807800000)]
  0x000001ae5b329ce0 JavaThread "Unconstrained build operations Thread 44" [_thread_blocked, id=24012, stack(0x0000003807800000,0x0000003807900000)]
  0x000001ae5b32a680 JavaThread "Unconstrained build operations Thread 45" [_thread_blocked, id=22524, stack(0x0000003807900000,0x0000003807a00000)]
  0x000001ae5b32f380 JavaThread "Unconstrained build operations Thread 46" [_thread_blocked, id=15904, stack(0x0000003807a00000,0x0000003807b00000)]
  0x000001ae5b3289a0 JavaThread "Unconstrained build operations Thread 47" [_thread_blocked, id=3980, stack(0x0000003807b00000,0x0000003807c00000)]
  0x000001ae5d920880 JavaThread "Unconstrained build operations Thread 48" [_thread_blocked, id=4204, stack(0x0000003807c00000,0x0000003807d00000)]
  0x000001ae5d924be0 JavaThread "Unconstrained build operations Thread 49" [_thread_blocked, id=22068, stack(0x0000003807d00000,0x0000003807e00000)]
  0x000001ae5d91f070 JavaThread "Unconstrained build operations Thread 50" [_thread_blocked, id=28368, stack(0x0000003807e00000,0x0000003807f00000)]
  0x000001ae5d9250b0 JavaThread "Unconstrained build operations Thread 51" [_thread_blocked, id=25400, stack(0x0000003807f00000,0x0000003808000000)]
  0x000001ae5d920d50 JavaThread "Unconstrained build operations Thread 52" [_thread_blocked, id=8156, stack(0x0000003808000000,0x0000003808100000)]
  0x000001ae5d925580 JavaThread "Unconstrained build operations Thread 53" [_thread_blocked, id=18832, stack(0x0000003808200000,0x0000003808300000)]
  0x000001ae5d921220 JavaThread "Unconstrained build operations Thread 54" [_thread_blocked, id=14448, stack(0x0000003808300000,0x0000003808400000)]
  0x000001ae5d9238a0 JavaThread "Unconstrained build operations Thread 55" [_thread_blocked, id=25324, stack(0x0000003808400000,0x0000003808500000)]
  0x000001ae5d922560 JavaThread "Unconstrained build operations Thread 56" [_thread_blocked, id=28032, stack(0x0000003808500000,0x0000003808600000)]
  0x000001ae5d925a50 JavaThread "Unconstrained build operations Thread 57" [_thread_blocked, id=26828, stack(0x0000003808600000,0x0000003808700000)]
  0x000001ae5d91e200 JavaThread "Unconstrained build operations Thread 58" [_thread_blocked, id=24444, stack(0x0000003808700000,0x0000003808800000)]
  0x000001ae5d923d70 JavaThread "Unconstrained build operations Thread 59" [_thread_blocked, id=23592, stack(0x0000003808800000,0x0000003808900000)]
  0x000001ae5d9233d0 JavaThread "Unconstrained build operations Thread 60" [_thread_blocked, id=28204, stack(0x0000003808900000,0x0000003808a00000)]
  0x000001ae5d922a30 JavaThread "Unconstrained build operations Thread 61" [_thread_blocked, id=25288, stack(0x0000003808a00000,0x0000003808b00000)]
  0x000001ae5d922f00 JavaThread "Unconstrained build operations Thread 62" [_thread_blocked, id=23624, stack(0x0000003808b00000,0x0000003808c00000)]
  0x000001ae5d91e6d0 JavaThread "Unconstrained build operations Thread 63" [_thread_blocked, id=23852, stack(0x0000003808c00000,0x0000003808d00000)]
  0x000001ae5d924240 JavaThread "Unconstrained build operations Thread 64" [_thread_blocked, id=1544, stack(0x0000003808d00000,0x0000003808e00000)]
  0x000001ae5d91eba0 JavaThread "Unconstrained build operations Thread 65" [_thread_blocked, id=27856, stack(0x0000003808e00000,0x0000003808f00000)]
  0x000001ae5d9216f0 JavaThread "Unconstrained build operations Thread 66" [_thread_blocked, id=20740, stack(0x0000003808f00000,0x0000003809000000)]
  0x000001ae5d924710 JavaThread "Unconstrained build operations Thread 67" [_thread_blocked, id=28348, stack(0x0000003809000000,0x0000003809100000)]
  0x000001ae5d91f540 JavaThread "Unconstrained build operations Thread 68" [_thread_blocked, id=15444, stack(0x0000003809100000,0x0000003809200000)]
  0x000001ae5d91fa10 JavaThread "Unconstrained build operations Thread 69" [_thread_blocked, id=20352, stack(0x0000003809200000,0x0000003809300000)]
  0x000001ae5d91fee0 JavaThread "Unconstrained build operations Thread 70" [_thread_blocked, id=10304, stack(0x0000003809300000,0x0000003809400000)]
  0x000001ae5d921bc0 JavaThread "Unconstrained build operations Thread 71" [_thread_blocked, id=28004, stack(0x0000003809400000,0x0000003809500000)]
  0x000001ae5d9203b0 JavaThread "Unconstrained build operations Thread 72" [_thread_blocked, id=21968, stack(0x0000003809500000,0x0000003809600000)]
  0x000001ae5d922090 JavaThread "Unconstrained build operations Thread 73" [_thread_blocked, id=25028, stack(0x0000003809600000,0x0000003809700000)]
  0x000001ae60527670 JavaThread "Unconstrained build operations Thread 74" [_thread_blocked, id=23928, stack(0x0000003809700000,0x0000003809800000)]
  0x000001ae60527b40 JavaThread "Unconstrained build operations Thread 75" [_thread_blocked, id=26340, stack(0x0000003809800000,0x0000003809900000)]
  0x000001ae605284e0 JavaThread "Unconstrained build operations Thread 76" [_thread_blocked, id=22856, stack(0x0000003809900000,0x0000003809a00000)]
  0x000001ae605254c0 JavaThread "Unconstrained build operations Thread 77" [_thread_blocked, id=1728, stack(0x0000003809a00000,0x0000003809b00000)]
  0x000001ae60526cd0 JavaThread "Unconstrained build operations Thread 78" [_thread_blocked, id=25192, stack(0x0000003809b00000,0x0000003809c00000)]
  0x000001ae605289b0 JavaThread "Unconstrained build operations Thread 79" [_thread_blocked, id=6892, stack(0x0000003809c00000,0x0000003809d00000)]
  0x000001ae6052a1c0 JavaThread "Unconstrained build operations Thread 80" [_thread_blocked, id=24820, stack(0x0000003809d00000,0x0000003809e00000)]
  0x000001ae6052b030 JavaThread "jar transforms Thread 6" [_thread_blocked, id=27536, stack(0x0000003809e00000,0x0000003809f00000)]
  0x000001ae6052a690 JavaThread "jar transforms Thread 7" [_thread_blocked, id=24412, stack(0x0000003809f00000,0x000000380a000000)]
  0x000001ae6052b500 JavaThread "jar transforms Thread 8" [_thread_blocked, id=21720, stack(0x000000380a000000,0x000000380a100000)]
  0x000001ae5e76c1a0 JavaThread "C2 CompilerThread1" daemon [_thread_in_native, id=4844, stack(0x000000380a100000,0x000000380a200000)]
  0x000001ae5d440c10 JavaThread "C2 CompilerThread2" daemon [_thread_in_native, id=20508, stack(0x000000380a200000,0x000000380a300000)]
  0x000001ae60529820 JavaThread "Memory manager" [_thread_blocked, id=6980, stack(0x000000380a300000,0x000000380a400000)]

Other Threads:
  0x000001ae5a24e8d0 VMThread "VM Thread" [stack: 0x0000003801a00000,0x0000003801b00000] [id=23436]
  0x000001ae5ae35440 WatcherThread [stack: 0x0000003802600000,0x0000003802700000] [id=23596]
  0x000001ae4174ffc0 GCTaskThread "GC Thread#0" [stack: 0x0000003801500000,0x0000003801600000] [id=15776]
  0x000001ae5be5ed50 GCTaskThread "GC Thread#1" [stack: 0x0000003802800000,0x0000003802900000] [id=22664]
  0x000001ae5baa5370 GCTaskThread "GC Thread#2" [stack: 0x0000003802900000,0x0000003802a00000] [id=21596]
  0x000001ae5baa5620 GCTaskThread "GC Thread#3" [stack: 0x0000003802a00000,0x0000003802b00000] [id=11876]
  0x000001ae5b8b3040 GCTaskThread "GC Thread#4" [stack: 0x0000003802b00000,0x0000003802c00000] [id=5240]
  0x000001ae5b8b32f0 GCTaskThread "GC Thread#5" [stack: 0x0000003802c00000,0x0000003802d00000] [id=26068]
  0x000001ae5db41620 GCTaskThread "GC Thread#6" [stack: 0x0000003803800000,0x0000003803900000] [id=28176]
  0x000001ae5db418d0 GCTaskThread "GC Thread#7" [stack: 0x0000003803900000,0x0000003803a00000] [id=25500]
  0x000001ae4175de20 ConcurrentGCThread "G1 Main Marker" [stack: 0x0000003801600000,0x0000003801700000] [id=2348]
  0x000001ae41760770 ConcurrentGCThread "G1 Conc#0" [stack: 0x0000003801700000,0x0000003801800000] [id=8864]
  0x000001ae5e3a3d10 ConcurrentGCThread "G1 Conc#1" [stack: 0x0000003803a00000,0x0000003803b00000] [id=2268]
  0x000001ae4178ec60 ConcurrentGCThread "G1 Refine#0" [stack: 0x0000003801800000,0x0000003801900000] [id=6660]
  0x000001ae5b5b9ec0 ConcurrentGCThread "G1 Refine#1" [stack: 0x0000003808100000,0x0000003808200000] [id=25380]
  0x000001ae5a0ff490 ConcurrentGCThread "G1 Service" [stack: 0x0000003801900000,0x0000003801a00000] [id=26236]

Threads with active compile tasks:
C2 CompilerThread0    26415 6479   !   4       com.google.common.reflect.TypeVisitor::visit (244 bytes)
C2 CompilerThread1    26415 6577       4       org.objectweb.asm.Frame::execute (2318 bytes)
C2 CompilerThread2    26415 6594       4       org.objectweb.asm.SymbolTable::addConstantUtf8 (98 bytes)

VM state: not at safepoint (normal execution)

VM Mutex/Monitor currently owned by a thread:  ([mutex/lock_event])
[0x000001ae41701080] Metaspace_lock - owner thread: 0x000001ae5df7e6e0

Heap address: 0x00000000a0000000, size: 1536 MB, Compressed Oops mode: 32-bit

CDS archive(s) not mapped
Compressed class space mapped at: 0x0000000100000000-0x0000000140000000, reserved size: 1073741824
Narrow klass base: 0x0000000000000000, Narrow klass shift: 3, Narrow klass range: 0x140000000

GC Precious Log:
 CPUs: 8 total, 8 available
 Memory: 16151M
 Large Page Support: Disabled
 NUMA Support: Disabled
 Compressed Oops: Enabled (32-bit)
 Heap Region Size: 1M
 Heap Min Capacity: 8M
 Heap Initial Capacity: 254M
 Heap Max Capacity: 1536M
 Pre-touch: Disabled
 Parallel Workers: 8
 Concurrent Workers: 2
 Concurrent Refinement Workers: 8
 Periodic GC: Disabled

Heap:
 garbage-first heap   total 160768K, used 53073K [0x00000000a0000000, 0x0000000100000000)
  region size 1024K, 5 young (5120K), 2 survivors (2048K)
 Metaspace       used 60418K, committed 60864K, reserved 1105920K
  class space    used 7908K, committed 8064K, reserved 1048576K

Heap Regions: E=young(eden), S=young(survivor), O=old, HS=humongous(starts), HC=humongous(continues), CS=collection set, F=free, OA=open archive, CA=closed archive, TAMS=top-at-mark-start (previous, next)
|   0|0x00000000a0000000, 0x00000000a0100000, 0x00000000a0100000|100%| O|  |TAMS 0x00000000a0100000, 0x00000000a0000000| Untracked 
|   1|0x00000000a0100000, 0x00000000a0200000, 0x00000000a0200000|100%| O|  |TAMS 0x00000000a0200000, 0x00000000a0100000| Untracked 
|   2|0x00000000a0200000, 0x00000000a0300000, 0x00000000a0300000|100%| O|  |TAMS 0x00000000a0300000, 0x00000000a0200000| Untracked 
|   3|0x00000000a0300000, 0x00000000a0400000, 0x00000000a0400000|100%|HS|  |TAMS 0x00000000a0400000, 0x00000000a0300000| Complete 
|   4|0x00000000a0400000, 0x00000000a0500000, 0x00000000a0500000|100%|HC|  |TAMS 0x00000000a0500000, 0x00000000a0400000| Complete 
|   5|0x00000000a0500000, 0x00000000a0600000, 0x00000000a0600000|100%|HC|  |TAMS 0x00000000a0600000, 0x00000000a0500000| Complete 
|   6|0x00000000a0600000, 0x00000000a0700000, 0x00000000a0700000|100%| O|  |TAMS 0x00000000a0700000, 0x00000000a0600000| Untracked 
|   7|0x00000000a0700000, 0x00000000a0800000, 0x00000000a0800000|100%| O|  |TAMS 0x00000000a0800000, 0x00000000a0700000| Untracked 
|   8|0x00000000a0800000, 0x00000000a0900000, 0x00000000a0900000|100%| O|  |TAMS 0x00000000a0900000, 0x00000000a0800000| Untracked 
|   9|0x00000000a0900000, 0x00000000a0a00000, 0x00000000a0a00000|100%| O|  |TAMS 0x00000000a0a00000, 0x00000000a0900000| Untracked 
|  10|0x00000000a0a00000, 0x00000000a0b00000, 0x00000000a0b00000|100%| O|  |TAMS 0x00000000a0b00000, 0x00000000a0a00000| Untracked 
|  11|0x00000000a0b00000, 0x00000000a0c00000, 0x00000000a0c00000|100%| O|  |TAMS 0x00000000a0c00000, 0x00000000a0b00000| Untracked 
|  12|0x00000000a0c00000, 0x00000000a0d00000, 0x00000000a0d00000|100%| O|  |TAMS 0x00000000a0d00000, 0x00000000a0c00000| Untracked 
|  13|0x00000000a0d00000, 0x00000000a0e00000, 0x00000000a0e00000|100%| O|  |TAMS 0x00000000a0e00000, 0x00000000a0d00000| Untracked 
|  14|0x00000000a0e00000, 0x00000000a0f00000, 0x00000000a0f00000|100%| O|  |TAMS 0x00000000a0f00000, 0x00000000a0e00000| Untracked 
|  15|0x00000000a0f00000, 0x00000000a1000000, 0x00000000a1000000|100%| O|  |TAMS 0x00000000a1000000, 0x00000000a0f00000| Untracked 
|  16|0x00000000a1000000, 0x00000000a1100000, 0x00000000a1100000|100%| O|  |TAMS 0x00000000a1100000, 0x00000000a1000000| Untracked 
|  17|0x00000000a1100000, 0x00000000a1200000, 0x00000000a1200000|100%| O|  |TAMS 0x00000000a1200000, 0x00000000a1100000| Untracked 
|  18|0x00000000a1200000, 0x00000000a1300000, 0x00000000a1300000|100%| O|  |TAMS 0x00000000a1300000, 0x00000000a1200000| Untracked 
|  19|0x00000000a1300000, 0x00000000a1400000, 0x00000000a1400000|100%|HS|  |TAMS 0x00000000a1400000, 0x00000000a1300000| Complete 
|  20|0x00000000a1400000, 0x00000000a1500000, 0x00000000a1500000|100%| O|  |TAMS 0x00000000a1500000, 0x00000000a1400000| Untracked 
|  21|0x00000000a1500000, 0x00000000a1600000, 0x00000000a1600000|100%| O|  |TAMS 0x00000000a1600000, 0x00000000a1500000| Untracked 
|  22|0x00000000a1600000, 0x00000000a1700000, 0x00000000a1700000|100%| O|  |TAMS 0x00000000a1700000, 0x00000000a1600000| Untracked 
|  23|0x00000000a1700000, 0x00000000a1800000, 0x00000000a1800000|100%| O|  |TAMS 0x00000000a1800000, 0x00000000a1700000| Untracked 
|  24|0x00000000a1800000, 0x00000000a1900000, 0x00000000a1900000|100%| O|  |TAMS 0x00000000a1900000, 0x00000000a1800000| Untracked 
|  25|0x00000000a1900000, 0x00000000a1a00000, 0x00000000a1a00000|100%| O|  |TAMS 0x00000000a1a00000, 0x00000000a1900000| Untracked 
|  26|0x00000000a1a00000, 0x00000000a1b00000, 0x00000000a1b00000|100%|HS|  |TAMS 0x00000000a1b00000, 0x00000000a1a00000| Complete 
|  27|0x00000000a1b00000, 0x00000000a1c00000, 0x00000000a1c00000|100%|HS|  |TAMS 0x00000000a1c00000, 0x00000000a1b00000| Complete 
|  28|0x00000000a1c00000, 0x00000000a1d00000, 0x00000000a1d00000|100%|HS|  |TAMS 0x00000000a1d00000, 0x00000000a1c00000| Complete 
|  29|0x00000000a1d00000, 0x00000000a1e00000, 0x00000000a1e00000|100%|HC|  |TAMS 0x00000000a1e00000, 0x00000000a1d00000| Complete 
|  30|0x00000000a1e00000, 0x00000000a1f00000, 0x00000000a1f00000|100%|HC|  |TAMS 0x00000000a1f00000, 0x00000000a1e00000| Complete 
|  31|0x00000000a1f00000, 0x00000000a2000000, 0x00000000a2000000|100%| O|  |TAMS 0x00000000a1f00000, 0x00000000a1f00000| Untracked 
|  32|0x00000000a2000000, 0x00000000a2100000, 0x00000000a2100000|100%|HS|  |TAMS 0x00000000a2100000, 0x00000000a2000000| Complete 
|  33|0x00000000a2100000, 0x00000000a2200000, 0x00000000a2200000|100%|HC|  |TAMS 0x00000000a2200000, 0x00000000a2100000| Complete 
|  34|0x00000000a2200000, 0x00000000a2300000, 0x00000000a2300000|100%| O|  |TAMS 0x00000000a2300000, 0x00000000a2200000| Untracked 
|  35|0x00000000a2300000, 0x00000000a2400000, 0x00000000a2400000|100%| O|  |TAMS 0x00000000a2400000, 0x00000000a2300000| Untracked 
|  36|0x00000000a2400000, 0x00000000a2500000, 0x00000000a2500000|100%| O|  |TAMS 0x00000000a2500000, 0x00000000a2400000| Untracked 
|  37|0x00000000a2500000, 0x00000000a2600000, 0x00000000a2600000|100%| O|  |TAMS 0x00000000a2600000, 0x00000000a2500000| Untracked 
|  38|0x00000000a2600000, 0x00000000a2700000, 0x00000000a2700000|100%| O|  |TAMS 0x00000000a2614600, 0x00000000a2600000| Untracked 
|  39|0x00000000a2700000, 0x00000000a2800000, 0x00000000a2800000|100%| O|  |TAMS 0x00000000a2700000, 0x00000000a2700000| Untracked 
|  40|0x00000000a2800000, 0x00000000a2900000, 0x00000000a2900000|100%| O|  |TAMS 0x00000000a2800000, 0x00000000a2800000| Untracked 
|  41|0x00000000a2900000, 0x00000000a2a00000, 0x00000000a2a00000|100%| O|  |TAMS 0x00000000a2900000, 0x00000000a2900000| Untracked 
|  42|0x00000000a2a00000, 0x00000000a2b00000, 0x00000000a2b00000|100%| O|  |TAMS 0x00000000a2a00000, 0x00000000a2a00000| Untracked 
|  43|0x00000000a2b00000, 0x00000000a2c00000, 0x00000000a2c00000|100%| O|  |TAMS 0x00000000a2b00000, 0x00000000a2b00000| Untracked 
|  44|0x00000000a2c00000, 0x00000000a2d00000, 0x00000000a2d00000|100%| O|  |TAMS 0x00000000a2c00000, 0x00000000a2c00000| Untracked 
|  45|0x00000000a2d00000, 0x00000000a2e00000, 0x00000000a2e00000|100%| O|  |TAMS 0x00000000a2d00000, 0x00000000a2d00000| Untracked 
|  46|0x00000000a2e00000, 0x00000000a2f00000, 0x00000000a2f00000|100%| O|  |TAMS 0x00000000a2e00000, 0x00000000a2e00000| Untracked 
|  47|0x00000000a2f00000, 0x00000000a2fd4400, 0x00000000a3000000| 82%| O|  |TAMS 0x00000000a2f00000, 0x00000000a2f00000| Untracked 
|  48|0x00000000a3000000, 0x00000000a3000000, 0x00000000a3100000|  0%| F|  |TAMS 0x00000000a3000000, 0x00000000a3000000| Untracked 
|  49|0x00000000a3100000, 0x00000000a3100000, 0x00000000a3200000|  0%| F|  |TAMS 0x00000000a3100000, 0x00000000a3100000| Untracked 
|  50|0x00000000a3200000, 0x00000000a3200000, 0x00000000a3300000|  0%| F|  |TAMS 0x00000000a3200000, 0x00000000a3200000| Untracked 
|  51|0x00000000a3300000, 0x00000000a3300000, 0x00000000a3400000|  0%| F|  |TAMS 0x00000000a3300000, 0x00000000a3300000| Untracked 
|  52|0x00000000a3400000, 0x00000000a3400000, 0x00000000a3500000|  0%| F|  |TAMS 0x00000000a3400000, 0x00000000a3400000| Untracked 
|  53|0x00000000a3500000, 0x00000000a3500000, 0x00000000a3600000|  0%| F|  |TAMS 0x00000000a3500000, 0x00000000a3500000| Untracked 
|  54|0x00000000a3600000, 0x00000000a3600000, 0x00000000a3700000|  0%| F|  |TAMS 0x00000000a3600000, 0x00000000a3600000| Untracked 
|  55|0x00000000a3700000, 0x00000000a3700000, 0x00000000a3800000|  0%| F|  |TAMS 0x00000000a3700000, 0x00000000a3700000| Untracked 
|  56|0x00000000a3800000, 0x00000000a3800000, 0x00000000a3900000|  0%| F|  |TAMS 0x00000000a3800000, 0x00000000a3800000| Untracked 
|  57|0x00000000a3900000, 0x00000000a3900000, 0x00000000a3a00000|  0%| F|  |TAMS 0x00000000a3900000, 0x00000000a3900000| Untracked 
|  58|0x00000000a3a00000, 0x00000000a3a00000, 0x00000000a3b00000|  0%| F|  |TAMS 0x00000000a3a00000, 0x00000000a3a00000| Untracked 
|  59|0x00000000a3b00000, 0x00000000a3b00000, 0x00000000a3c00000|  0%| F|  |TAMS 0x00000000a3b00000, 0x00000000a3b00000| Untracked 
|  60|0x00000000a3c00000, 0x00000000a3c00000, 0x00000000a3d00000|  0%| F|  |TAMS 0x00000000a3c00000, 0x00000000a3c00000| Untracked 
|  61|0x00000000a3d00000, 0x00000000a3d00000, 0x00000000a3e00000|  0%| F|  |TAMS 0x00000000a3d00000, 0x00000000a3d00000| Untracked 
|  62|0x00000000a3e00000, 0x00000000a3e00000, 0x00000000a3f00000|  0%| F|  |TAMS 0x00000000a3e00000, 0x00000000a3e00000| Untracked 
|  63|0x00000000a3f00000, 0x00000000a3f00000, 0x00000000a4000000|  0%| F|  |TAMS 0x00000000a3f00000, 0x00000000a3f00000| Untracked 
|  64|0x00000000a4000000, 0x00000000a4000000, 0x00000000a4100000|  0%| F|  |TAMS 0x00000000a4000000, 0x00000000a4000000| Untracked 
|  65|0x00000000a4100000, 0x00000000a4100000, 0x00000000a4200000|  0%| F|  |TAMS 0x00000000a4100000, 0x00000000a4100000| Untracked 
|  66|0x00000000a4200000, 0x00000000a4200000, 0x00000000a4300000|  0%| F|  |TAMS 0x00000000a4200000, 0x00000000a4200000| Untracked 
|  67|0x00000000a4300000, 0x00000000a4300000, 0x00000000a4400000|  0%| F|  |TAMS 0x00000000a4300000, 0x00000000a4300000| Untracked 
|  68|0x00000000a4400000, 0x00000000a4400000, 0x00000000a4500000|  0%| F|  |TAMS 0x00000000a4400000, 0x00000000a4400000| Untracked 
|  69|0x00000000a4500000, 0x00000000a4500000, 0x00000000a4600000|  0%| F|  |TAMS 0x00000000a4500000, 0x00000000a4500000| Untracked 
|  70|0x00000000a4600000, 0x00000000a4600000, 0x00000000a4700000|  0%| F|  |TAMS 0x00000000a4600000, 0x00000000a4600000| Untracked 
|  71|0x00000000a4700000, 0x00000000a4700000, 0x00000000a4800000|  0%| F|  |TAMS 0x00000000a4700000, 0x00000000a4700000| Untracked 
|  72|0x00000000a4800000, 0x00000000a4800000, 0x00000000a4900000|  0%| F|  |TAMS 0x00000000a4800000, 0x00000000a4800000| Untracked 
|  73|0x00000000a4900000, 0x00000000a4900000, 0x00000000a4a00000|  0%| F|  |TAMS 0x00000000a4900000, 0x00000000a4900000| Untracked 
|  74|0x00000000a4a00000, 0x00000000a4a00000, 0x00000000a4b00000|  0%| F|  |TAMS 0x00000000a4a00000, 0x00000000a4a00000| Untracked 
|  75|0x00000000a4b00000, 0x00000000a4b00000, 0x00000000a4c00000|  0%| F|  |TAMS 0x00000000a4b00000, 0x00000000a4b00000| Untracked 
|  76|0x00000000a4c00000, 0x00000000a4c00000, 0x00000000a4d00000|  0%| F|  |TAMS 0x00000000a4c00000, 0x00000000a4c00000| Untracked 
|  77|0x00000000a4d00000, 0x00000000a4d00000, 0x00000000a4e00000|  0%| F|  |TAMS 0x00000000a4d00000, 0x00000000a4d00000| Untracked 
|  78|0x00000000a4e00000, 0x00000000a4e00000, 0x00000000a4f00000|  0%| F|  |TAMS 0x00000000a4e00000, 0x00000000a4e00000| Untracked 
|  79|0x00000000a4f00000, 0x00000000a4f00000, 0x00000000a5000000|  0%| F|  |TAMS 0x00000000a4f00000, 0x00000000a4f00000| Untracked 
|  80|0x00000000a5000000, 0x00000000a5000000, 0x00000000a5100000|  0%| F|  |TAMS 0x00000000a5000000, 0x00000000a5000000| Untracked 
|  81|0x00000000a5100000, 0x00000000a5100000, 0x00000000a5200000|  0%| F|  |TAMS 0x00000000a5100000, 0x00000000a5100000| Untracked 
|  82|0x00000000a5200000, 0x00000000a5200000, 0x00000000a5300000|  0%| F|  |TAMS 0x00000000a5200000, 0x00000000a5200000| Untracked 
|  83|0x00000000a5300000, 0x00000000a5300000, 0x00000000a5400000|  0%| F|  |TAMS 0x00000000a5300000, 0x00000000a5300000| Untracked 
|  84|0x00000000a5400000, 0x00000000a5400000, 0x00000000a5500000|  0%| F|  |TAMS 0x00000000a5400000, 0x00000000a5400000| Untracked 
|  85|0x00000000a5500000, 0x00000000a5500000, 0x00000000a5600000|  0%| F|  |TAMS 0x00000000a5500000, 0x00000000a5500000| Untracked 
|  86|0x00000000a5600000, 0x00000000a5600000, 0x00000000a5700000|  0%| F|  |TAMS 0x00000000a5600000, 0x00000000a5600000| Untracked 
|  87|0x00000000a5700000, 0x00000000a5700000, 0x00000000a5800000|  0%| F|  |TAMS 0x00000000a5700000, 0x00000000a5700000| Untracked 
|  88|0x00000000a5800000, 0x00000000a5800000, 0x00000000a5900000|  0%| F|  |TAMS 0x00000000a5800000, 0x00000000a5800000| Untracked 
|  89|0x00000000a5900000, 0x00000000a5900000, 0x00000000a5a00000|  0%| F|  |TAMS 0x00000000a5900000, 0x00000000a5900000| Untracked 
|  90|0x00000000a5a00000, 0x00000000a5a00000, 0x00000000a5b00000|  0%| F|  |TAMS 0x00000000a5a00000, 0x00000000a5a00000| Untracked 
|  91|0x00000000a5b00000, 0x00000000a5b00000, 0x00000000a5c00000|  0%| F|  |TAMS 0x00000000a5b00000, 0x00000000a5b00000| Untracked 
|  92|0x00000000a5c00000, 0x00000000a5c00000, 0x00000000a5d00000|  0%| F|  |TAMS 0x00000000a5c00000, 0x00000000a5c00000| Untracked 
|  93|0x00000000a5d00000, 0x00000000a5d00000, 0x00000000a5e00000|  0%| F|  |TAMS 0x00000000a5d00000, 0x00000000a5d00000| Untracked 
|  94|0x00000000a5e00000, 0x00000000a5e00000, 0x00000000a5f00000|  0%| F|  |TAMS 0x00000000a5e00000, 0x00000000a5e00000| Untracked 
|  95|0x00000000a5f00000, 0x00000000a5f00000, 0x00000000a6000000|  0%| F|  |TAMS 0x00000000a5f00000, 0x00000000a5f00000| Untracked 
|  96|0x00000000a6000000, 0x00000000a6000000, 0x00000000a6100000|  0%| F|  |TAMS 0x00000000a6000000, 0x00000000a6000000| Untracked 
|  97|0x00000000a6100000, 0x00000000a6100000, 0x00000000a6200000|  0%| F|  |TAMS 0x00000000a6100000, 0x00000000a6100000| Untracked 
|  98|0x00000000a6200000, 0x00000000a6200000, 0x00000000a6300000|  0%| F|  |TAMS 0x00000000a6200000, 0x00000000a6200000| Untracked 
|  99|0x00000000a6300000, 0x00000000a6300000, 0x00000000a6400000|  0%| F|  |TAMS 0x00000000a6300000, 0x00000000a6300000| Untracked 
| 100|0x00000000a6400000, 0x00000000a6400000, 0x00000000a6500000|  0%| F|  |TAMS 0x00000000a6400000, 0x00000000a6400000| Untracked 
| 101|0x00000000a6500000, 0x00000000a6500000, 0x00000000a6600000|  0%| F|  |TAMS 0x00000000a6500000, 0x00000000a6500000| Untracked 
| 102|0x00000000a6600000, 0x00000000a6600000, 0x00000000a6700000|  0%| F|  |TAMS 0x00000000a6600000, 0x00000000a6600000| Untracked 
| 103|0x00000000a6700000, 0x00000000a6700000, 0x00000000a6800000|  0%| F|  |TAMS 0x00000000a6700000, 0x00000000a6700000| Untracked 
| 104|0x00000000a6800000, 0x00000000a6800000, 0x00000000a6900000|  0%| F|  |TAMS 0x00000000a6800000, 0x00000000a6800000| Untracked 
| 105|0x00000000a6900000, 0x00000000a6900000, 0x00000000a6a00000|  0%| F|  |TAMS 0x00000000a6900000, 0x00000000a6900000| Untracked 
| 106|0x00000000a6a00000, 0x00000000a6a00000, 0x00000000a6b00000|  0%| F|  |TAMS 0x00000000a6a00000, 0x00000000a6a00000| Untracked 
| 107|0x00000000a6b00000, 0x00000000a6b00000, 0x00000000a6c00000|  0%| F|  |TAMS 0x00000000a6b00000, 0x00000000a6b00000| Untracked 
| 108|0x00000000a6c00000, 0x00000000a6c00000, 0x00000000a6d00000|  0%| F|  |TAMS 0x00000000a6c00000, 0x00000000a6c00000| Untracked 
| 109|0x00000000a6d00000, 0x00000000a6d00000, 0x00000000a6e00000|  0%| F|  |TAMS 0x00000000a6d00000, 0x00000000a6d00000| Untracked 
| 110|0x00000000a6e00000, 0x00000000a6f00000, 0x00000000a6f00000|100%| S|CS|TAMS 0x00000000a6e00000, 0x00000000a6e00000| Complete 
| 111|0x00000000a6f00000, 0x00000000a7000000, 0x00000000a7000000|100%| S|CS|TAMS 0x00000000a6f00000, 0x00000000a6f00000| Complete 
| 112|0x00000000a7000000, 0x00000000a7000000, 0x00000000a7100000|  0%| F|  |TAMS 0x00000000a7000000, 0x00000000a7000000| Untracked 
| 113|0x00000000a7100000, 0x00000000a7100000, 0x00000000a7200000|  0%| F|  |TAMS 0x00000000a7100000, 0x00000000a7100000| Untracked 
| 114|0x00000000a7200000, 0x00000000a7200000, 0x00000000a7300000|  0%| F|  |TAMS 0x00000000a7200000, 0x00000000a7200000| Untracked 
| 115|0x00000000a7300000, 0x00000000a7300000, 0x00000000a7400000|  0%| F|  |TAMS 0x00000000a7300000, 0x00000000a7300000| Untracked 
| 116|0x00000000a7400000, 0x00000000a7400000, 0x00000000a7500000|  0%| F|  |TAMS 0x00000000a7400000, 0x00000000a7400000| Untracked 
| 117|0x00000000a7500000, 0x00000000a7500000, 0x00000000a7600000|  0%| F|  |TAMS 0x00000000a7500000, 0x00000000a7500000| Untracked 
| 118|0x00000000a7600000, 0x00000000a7600000, 0x00000000a7700000|  0%| F|  |TAMS 0x00000000a7600000, 0x00000000a7600000| Untracked 
| 119|0x00000000a7700000, 0x00000000a7700000, 0x00000000a7800000|  0%| F|  |TAMS 0x00000000a7700000, 0x00000000a7700000| Untracked 
| 120|0x00000000a7800000, 0x00000000a7800000, 0x00000000a7900000|  0%| F|  |TAMS 0x00000000a7800000, 0x00000000a7800000| Untracked 
| 121|0x00000000a7900000, 0x00000000a7900000, 0x00000000a7a00000|  0%| F|  |TAMS 0x00000000a7900000, 0x00000000a7900000| Untracked 
| 122|0x00000000a7a00000, 0x00000000a7a00000, 0x00000000a7b00000|  0%| F|  |TAMS 0x00000000a7a00000, 0x00000000a7a00000| Untracked 
| 123|0x00000000a7b00000, 0x00000000a7b00000, 0x00000000a7c00000|  0%| F|  |TAMS 0x00000000a7b00000, 0x00000000a7b00000| Untracked 
| 124|0x00000000a7c00000, 0x00000000a7c00000, 0x00000000a7d00000|  0%| F|  |TAMS 0x00000000a7c00000, 0x00000000a7c00000| Untracked 
| 125|0x00000000a7d00000, 0x00000000a7d00000, 0x00000000a7e00000|  0%| F|  |TAMS 0x00000000a7d00000, 0x00000000a7d00000| Untracked 
| 126|0x00000000a7e00000, 0x00000000a7e00000, 0x00000000a7f00000|  0%| F|  |TAMS 0x00000000a7e00000, 0x00000000a7e00000| Untracked 
| 127|0x00000000a7f00000, 0x00000000a7f00000, 0x00000000a8000000|  0%| F|  |TAMS 0x00000000a7f00000, 0x00000000a7f00000| Untracked 
| 128|0x00000000a8000000, 0x00000000a8000000, 0x00000000a8100000|  0%| F|  |TAMS 0x00000000a8000000, 0x00000000a8000000| Untracked 
| 129|0x00000000a8100000, 0x00000000a8100000, 0x00000000a8200000|  0%| F|  |TAMS 0x00000000a8100000, 0x00000000a8100000| Untracked 
| 130|0x00000000a8200000, 0x00000000a8200000, 0x00000000a8300000|  0%| F|  |TAMS 0x00000000a8200000, 0x00000000a8200000| Untracked 
| 131|0x00000000a8300000, 0x00000000a8300000, 0x00000000a8400000|  0%| F|  |TAMS 0x00000000a8300000, 0x00000000a8300000| Untracked 
| 132|0x00000000a8400000, 0x00000000a8400000, 0x00000000a8500000|  0%| F|  |TAMS 0x00000000a8400000, 0x00000000a8400000| Untracked 
| 133|0x00000000a8500000, 0x00000000a8500000, 0x00000000a8600000|  0%| F|  |TAMS 0x00000000a8500000, 0x00000000a8500000| Untracked 
| 134|0x00000000a8600000, 0x00000000a8600000, 0x00000000a8700000|  0%| F|  |TAMS 0x00000000a8600000, 0x00000000a8600000| Untracked 
| 135|0x00000000a8700000, 0x00000000a8700000, 0x00000000a8800000|  0%| F|  |TAMS 0x00000000a8700000, 0x00000000a8700000| Untracked 
| 136|0x00000000a8800000, 0x00000000a8800000, 0x00000000a8900000|  0%| F|  |TAMS 0x00000000a8800000, 0x00000000a8800000| Untracked 
| 137|0x00000000a8900000, 0x00000000a8900000, 0x00000000a8a00000|  0%| F|  |TAMS 0x00000000a8900000, 0x00000000a8900000| Untracked 
| 138|0x00000000a8a00000, 0x00000000a8a00000, 0x00000000a8b00000|  0%| F|  |TAMS 0x00000000a8a00000, 0x00000000a8a00000| Untracked 
| 139|0x00000000a8b00000, 0x00000000a8b00000, 0x00000000a8c00000|  0%| F|  |TAMS 0x00000000a8b00000, 0x00000000a8b00000| Untracked 
| 140|0x00000000a8c00000, 0x00000000a8c00000, 0x00000000a8d00000|  0%| F|  |TAMS 0x00000000a8c00000, 0x00000000a8c00000| Untracked 
| 141|0x00000000a8d00000, 0x00000000a8d00000, 0x00000000a8e00000|  0%| F|  |TAMS 0x00000000a8d00000, 0x00000000a8d00000| Untracked 
| 142|0x00000000a8e00000, 0x00000000a8e00000, 0x00000000a8f00000|  0%| F|  |TAMS 0x00000000a8e00000, 0x00000000a8e00000| Untracked 
| 143|0x00000000a8f00000, 0x00000000a8f00000, 0x00000000a9000000|  0%| F|  |TAMS 0x00000000a8f00000, 0x00000000a8f00000| Untracked 
| 144|0x00000000a9000000, 0x00000000a9000000, 0x00000000a9100000|  0%| F|  |TAMS 0x00000000a9000000, 0x00000000a9000000| Untracked 
| 145|0x00000000a9100000, 0x00000000a9100000, 0x00000000a9200000|  0%| F|  |TAMS 0x00000000a9100000, 0x00000000a9100000| Untracked 
| 146|0x00000000a9200000, 0x00000000a9200000, 0x00000000a9300000|  0%| F|  |TAMS 0x00000000a9200000, 0x00000000a9200000| Untracked 
| 147|0x00000000a9300000, 0x00000000a9300000, 0x00000000a9400000|  0%| F|  |TAMS 0x00000000a9300000, 0x00000000a9300000| Untracked 
| 199|0x00000000ac700000, 0x00000000ac700000, 0x00000000ac800000|  0%| F|  |TAMS 0x00000000ac700000, 0x00000000ac700000| Untracked 
| 200|0x00000000ac800000, 0x00000000ac800000, 0x00000000ac900000|  0%| F|  |TAMS 0x00000000ac800000, 0x00000000ac800000| Untracked 
| 201|0x00000000ac900000, 0x00000000ac900000, 0x00000000aca00000|  0%| F|  |TAMS 0x00000000ac900000, 0x00000000ac900000| Untracked 
| 202|0x00000000aca00000, 0x00000000aca00000, 0x00000000acb00000|  0%| F|  |TAMS 0x00000000aca00000, 0x00000000aca00000| Untracked 
| 203|0x00000000acb00000, 0x00000000acb00000, 0x00000000acc00000|  0%| F|  |TAMS 0x00000000acb00000, 0x00000000acb00000| Untracked 
| 204|0x00000000acc00000, 0x00000000acc00000, 0x00000000acd00000|  0%| F|  |TAMS 0x00000000acc00000, 0x00000000acc00000| Untracked 
| 205|0x00000000acd00000, 0x00000000acd80800, 0x00000000ace00000| 50%| E|  |TAMS 0x00000000acd00000, 0x00000000acd00000| Complete 
| 206|0x00000000ace00000, 0x00000000acf00000, 0x00000000acf00000|100%| E|CS|TAMS 0x00000000ace00000, 0x00000000ace00000| Complete 
| 253|0x00000000afd00000, 0x00000000afe00000, 0x00000000afe00000|100%| E|CS|TAMS 0x00000000afd00000, 0x00000000afd00000| Complete 

Card table byte_map: [0x000001ae541c0000,0x000001ae544c0000] _byte_map_base: 0x000001ae53cc0000

Marking Bits (Prev, Next): (CMBitMap*) 0x000001ae41750520, (CMBitMap*) 0x000001ae417504e0
 Prev Bits: [0x000001ae55fc0000, 0x000001ae577c0000)
 Next Bits: [0x000001ae547c0000, 0x000001ae55fc0000)

Polling page: 0x000001ae40750000

Metaspace:

Usage:
  Non-class:     51.28 MB used.
      Class:      7.72 MB used.
       Both:     59.00 MB used.

Virtual space:
  Non-class space:       56.00 MB reserved,      51.56 MB ( 92%) committed,  7 nodes.
      Class space:        1.00 GB reserved,       7.88 MB ( <1%) committed,  1 nodes.
             Both:        1.05 GB reserved,      59.44 MB (  6%) committed. 

Chunk freelists:
   Non-Class:  160.00 KB
       Class:  112.00 KB
        Both:  272.00 KB

MaxMetaspaceSize: unlimited
CompressedClassSpaceSize: 1.00 GB
Initial GC threshold: 21.00 MB
Current GC threshold: 98.12 MB
CDS: off
MetaspaceReclaimPolicy: balanced
 - commit_granule_bytes: 65536.
 - commit_granule_words: 8192.
 - virtual_space_node_default_size: 1048576.
 - enlarge_chunks_in_place: 1.
 - new_chunks_are_fully_committed: 0.
 - uncommit_free_chunks: 1.
 - use_allocation_guard: 0.
 - handle_deallocations: 1.


Internal statistics:

num_allocs_failed_limit: 9.
num_arena_births: 504.
num_arena_deaths: 0.
num_vsnodes_births: 8.
num_vsnodes_deaths: 0.
num_space_committed: 951.
num_space_uncommitted: 0.
num_chunks_returned_to_freelist: 9.
num_chunks_taken_from_freelist: 2393.
num_chunk_merges: 3.
num_chunk_splits: 1631.
num_chunks_enlarged: 1162.
num_purges: 0.
num_inconsistent_stats: 0.

CodeHeap 'non-profiled nmethods': size=120000Kb used=2954Kb max_used=3145Kb free=117045Kb
 bounds [0x000001ae4c660000, 0x000001ae4c980000, 0x000001ae53b90000]
CodeHeap 'profiled nmethods': size=120000Kb used=11384Kb max_used=11384Kb free=108615Kb
 bounds [0x000001ae44b90000, 0x000001ae456b0000, 0x000001ae4c0c0000]
CodeHeap 'non-nmethods': size=5760Kb used=2348Kb max_used=2371Kb free=3411Kb
 bounds [0x000001ae4c0c0000, 0x000001ae4c330000, 0x000001ae4c660000]
 total_blobs=6753 nmethods=5894 adapters=771
 compilation: enabled
              stopped_count=0, restarted_count=0
 full_count=0

Compilation events (20 events):
Event: 25.416 Thread 0x000001ae5acd2e20 6545       3       java.util.HashMap$EntrySet::size (8 bytes)
Event: 25.416 Thread 0x000001ae5acd2e20 nmethod 6545 0x000001ae4564e990 code [0x000001ae4564eb20, 0x000001ae4564ec38]
Event: 25.421 Thread 0x000001ae5acd2e20 6549       3       java.util.concurrent.atomic.AtomicReference::<init> (10 bytes)
Event: 25.422 Thread 0x000001ae5acd2e20 nmethod 6549 0x000001ae4564ed10 code [0x000001ae4564eea0, 0x000001ae4564f058]
Event: 25.448 Thread 0x000001ae5acd2e20 6550       3       java.lang.String::subSequence (7 bytes)
Event: 25.448 Thread 0x000001ae5acd2e20 nmethod 6550 0x000001ae4564f110 code [0x000001ae4564f2a0, 0x000001ae4564f3e8]
Event: 25.457 Thread 0x000001ae5acd2e20 6551       3       com.google.common.util.concurrent.AbstractFuture$UnsafeAtomicHelper::casWaiters (13 bytes)
Event: 25.457 Thread 0x000001ae5acd2e20 nmethod 6551 0x000001ae4564f490 code [0x000001ae4564f620, 0x000001ae4564f818]
Event: 25.457 Thread 0x000001ae5acd2e20 6554   !   3       com.google.common.cache.LocalCache$Segment::storeLoadedValue (371 bytes)
Event: 25.466 Thread 0x000001ae5acd2e20 nmethod 6554 0x000001ae4564f910 code [0x000001ae456500c0, 0x000001ae45654858]
Event: 25.466 Thread 0x000001ae5acd2e20 6552   !   3       com.google.common.util.concurrent.Uninterruptibles::getUninterruptibly (40 bytes)
Event: 25.467 Thread 0x000001ae5acd2e20 nmethod 6552 0x000001ae45656b90 code [0x000001ae45656d60, 0x000001ae45657208]
Event: 25.467 Thread 0x000001ae5acd2e20 6553       3       com.google.common.base.Stopwatch::elapsedNanos (32 bytes)
Event: 25.468 Thread 0x000001ae5acd2e20 nmethod 6553 0x000001ae45657410 code [0x000001ae456575c0, 0x000001ae45657828]
Event: 25.493 Thread 0x000001ae5acd2e20 6556       3       java.lang.reflect.Method::hashCode (19 bytes)
Event: 25.494 Thread 0x000001ae5acd2e20 nmethod 6556 0x000001ae45657910 code [0x000001ae45657ae0, 0x000001ae45657d88]
Event: 25.494 Thread 0x000001ae5acd2e20 6557       3       org.gradle.model.internal.asm.MethodVisitorScope::_AUTOBOX (35 bytes)
Event: 25.495 Thread 0x000001ae5acd2e20 nmethod 6557 0x000001ae45657f10 code [0x000001ae45658120, 0x000001ae456587c8]
Event: 25.495 Thread 0x000001ae5acd2e20 6558       3       org.gradle.model.internal.asm.MethodVisitorScope::_UNBOX (178 bytes)
Event: 25.498 Thread 0x000001ae5acd2e20 nmethod 6558 0x000001ae45658a10 code [0x000001ae45658e60, 0x000001ae4565aed8]

GC Heap History (20 events):
Event: 6.190 GC heap before
{Heap before GC invocations=4 (full 0):
 garbage-first heap   total 61440K, used 45832K [0x00000000a0000000, 0x0000000100000000)
  region size 1024K, 36 young (36864K), 8 survivors (8192K)
 Metaspace       used 26080K, committed 26304K, reserved 1073152K
  class space    used 3413K, committed 3520K, reserved 1048576K
}
Event: 6.198 GC heap after
{Heap after GC invocations=5 (full 0):
 garbage-first heap   total 61440K, used 18762K [0x00000000a0000000, 0x0000000100000000)
  region size 1024K, 2 young (2048K), 2 survivors (2048K)
 Metaspace       used 26080K, committed 26304K, reserved 1073152K
  class space    used 3413K, committed 3520K, reserved 1048576K
}
Event: 6.231 GC heap before
{Heap before GC invocations=5 (full 0):
 garbage-first heap   total 61440K, used 19786K [0x00000000a0000000, 0x0000000100000000)
  region size 1024K, 3 young (3072K), 2 survivors (2048K)
 Metaspace       used 26120K, committed 26368K, reserved 1073152K
  class space    used 3417K, committed 3520K, reserved 1048576K
}
Event: 6.237 GC heap after
{Heap after GC invocations=6 (full 0):
 garbage-first heap   total 61440K, used 19163K [0x00000000a0000000, 0x0000000100000000)
  region size 1024K, 1 young (1024K), 1 survivors (1024K)
 Metaspace       used 26120K, committed 26368K, reserved 1073152K
  class space    used 3417K, committed 3520K, reserved 1048576K
}
Event: 7.747 GC heap before
{Heap before GC invocations=6 (full 0):
 garbage-first heap   total 61440K, used 41691K [0x00000000a0000000, 0x0000000100000000)
  region size 1024K, 24 young (24576K), 1 survivors (1024K)
 Metaspace       used 29858K, committed 30144K, reserved 1081344K
  class space    used 4013K, committed 4160K, reserved 1048576K
}
Event: 7.751 GC heap after
{Heap after GC invocations=7 (full 0):
 garbage-first heap   total 61440K, used 20183K [0x00000000a0000000, 0x0000000100000000)
  region size 1024K, 2 young (2048K), 2 survivors (2048K)
 Metaspace       used 29858K, committed 30144K, reserved 1081344K
  class space    used 4013K, committed 4160K, reserved 1048576K
}
Event: 8.726 GC heap before
{Heap before GC invocations=7 (full 0):
 garbage-first heap   total 61440K, used 43735K [0x00000000a0000000, 0x0000000100000000)
  region size 1024K, 25 young (25600K), 2 survivors (2048K)
 Metaspace       used 33610K, committed 33920K, reserved 1081344K
  class space    used 4589K, committed 4672K, reserved 1048576K
}
Event: 8.731 GC heap after
{Heap after GC invocations=8 (full 0):
 garbage-first heap   total 61440K, used 21786K [0x00000000a0000000, 0x0000000100000000)
  region size 1024K, 3 young (3072K), 3 survivors (3072K)
 Metaspace       used 33610K, committed 33920K, reserved 1081344K
  class space    used 4589K, committed 4672K, reserved 1048576K
}
Event: 8.974 GC heap before
{Heap before GC invocations=8 (full 0):
 garbage-first heap   total 61440K, used 24858K [0x00000000a0000000, 0x0000000100000000)
  region size 1024K, 8 young (8192K), 3 survivors (3072K)
 Metaspace       used 35660K, committed 35968K, reserved 1081344K
  class space    used 4719K, committed 4864K, reserved 1048576K
}
Event: 8.979 GC heap after
{Heap after GC invocations=9 (full 0):
 garbage-first heap   total 61440K, used 22606K [0x00000000a0000000, 0x0000000100000000)
  region size 1024K, 3 young (3072K), 3 survivors (3072K)
 Metaspace       used 35660K, committed 35968K, reserved 1081344K
  class space    used 4719K, committed 4864K, reserved 1048576K
}
Event: 9.635 GC heap before
{Heap before GC invocations=10 (full 0):
 garbage-first heap   total 61440K, used 43086K [0x00000000a0000000, 0x0000000100000000)
  region size 1024K, 24 young (24576K), 3 survivors (3072K)
 Metaspace       used 38506K, committed 38848K, reserved 1089536K
  class space    used 5052K, committed 5184K, reserved 1048576K
}
Event: 9.642 GC heap after
{Heap after GC invocations=11 (full 0):
 garbage-first heap   total 61440K, used 25523K [0x00000000a0000000, 0x0000000100000000)
  region size 1024K, 3 young (3072K), 3 survivors (3072K)
 Metaspace       used 38506K, committed 38848K, reserved 1089536K
  class space    used 5052K, committed 5184K, reserved 1048576K
}
Event: 9.649 GC heap before
{Heap before GC invocations=11 (full 0):
 garbage-first heap   total 61440K, used 26547K [0x00000000a0000000, 0x0000000100000000)
  region size 1024K, 4 young (4096K), 3 survivors (3072K)
 Metaspace       used 38506K, committed 38848K, reserved 1089536K
  class space    used 5052K, committed 5184K, reserved 1048576K
}
Event: 9.653 GC heap after
{Heap after GC invocations=12 (full 0):
 garbage-first heap   total 61440K, used 25917K [0x00000000a0000000, 0x0000000100000000)
  region size 1024K, 1 young (1024K), 1 survivors (1024K)
 Metaspace       used 38506K, committed 38848K, reserved 1089536K
  class space    used 5052K, committed 5184K, reserved 1048576K
}
Event: 11.634 GC heap before
{Heap before GC invocations=12 (full 0):
 garbage-first heap   total 61440K, used 39229K [0x00000000a0000000, 0x0000000100000000)
  region size 1024K, 14 young (14336K), 1 survivors (1024K)
 Metaspace       used 39905K, committed 40192K, reserved 1089536K
  class space    used 5254K, committed 5376K, reserved 1048576K
}
Event: 11.641 GC heap after
{Heap after GC invocations=13 (full 0):
 garbage-first heap   total 160768K, used 27953K [0x00000000a0000000, 0x0000000100000000)
  region size 1024K, 2 young (2048K), 2 survivors (2048K)
 Metaspace       used 39905K, committed 40192K, reserved 1089536K
  class space    used 5254K, committed 5376K, reserved 1048576K
}
Event: 16.135 GC heap before
{Heap before GC invocations=13 (full 0):
 garbage-first heap   total 160768K, used 107825K [0x00000000a0000000, 0x0000000100000000)
  region size 1024K, 77 young (78848K), 2 survivors (2048K)
 Metaspace       used 48296K, committed 48704K, reserved 1097728K
  class space    used 6362K, committed 6528K, reserved 1048576K
}
Event: 16.144 GC heap after
{Heap after GC invocations=14 (full 0):
 garbage-first heap   total 160768K, used 32375K [0x00000000a0000000, 0x0000000100000000)
  region size 1024K, 7 young (7168K), 7 survivors (7168K)
 Metaspace       used 48296K, committed 48704K, reserved 1097728K
  class space    used 6362K, committed 6528K, reserved 1048576K
}
Event: 23.156 GC heap before
{Heap before GC invocations=14 (full 0):
 garbage-first heap   total 160768K, used 119415K [0x00000000a0000000, 0x0000000100000000)
  region size 1024K, 84 young (86016K), 7 survivors (7168K)
 Metaspace       used 52738K, committed 53184K, reserved 1097728K
  class space    used 6915K, committed 7104K, reserved 1048576K
}
Event: 23.170 GC heap after
{Heap after GC invocations=15 (full 0):
 garbage-first heap   total 160768K, used 49233K [0x00000000a0000000, 0x0000000100000000)
  region size 1024K, 11 young (11264K), 11 survivors (11264K)
 Metaspace       used 52738K, committed 53184K, reserved 1097728K
  class space    used 6915K, committed 7104K, reserved 1048576K
}

Dll operation events (2 events):
Event: 0.048 Loaded shared library C:\Program Files\Android\Android Studio\jbr\bin\java.dll
Event: 1.015 Loaded shared library C:\Program Files\Android\Android Studio\jbr\bin\verify.dll

Deoptimization events (20 events):
Event: 23.763 Thread 0x000001ae5df7e6e0 DEOPT PACKING pc=0x000001ae4c8f0534 sp=0x00000038032f2750
Event: 23.763 Thread 0x000001ae5df7e6e0 DEOPT UNPACKING pc=0x000001ae4c11a1a3 sp=0x00000038032f2668 mode 2
Event: 23.763 Thread 0x000001ae5df7e6e0 Uncommon trap: trap_request=0xffffffde fr.pc=0x000001ae4c8f0534 relative=0x00000000000009b4
Event: 23.763 Thread 0x000001ae5df7e6e0 Uncommon trap: reason=class_check action=maybe_recompile pc=0x000001ae4c8f0534 method=java.io.BufferedInputStream.read1([BII)I @ 39 c2
Event: 23.763 Thread 0x000001ae5df7e6e0 DEOPT PACKING pc=0x000001ae4c8f0534 sp=0x00000038032f2750
Event: 23.763 Thread 0x000001ae5df7e6e0 DEOPT UNPACKING pc=0x000001ae4c11a1a3 sp=0x00000038032f2668 mode 2
Event: 23.784 Thread 0x000001ae5df7e6e0 Uncommon trap: trap_request=0xffffffde fr.pc=0x000001ae4c8f0534 relative=0x00000000000009b4
Event: 23.784 Thread 0x000001ae5df7e6e0 Uncommon trap: reason=class_check action=maybe_recompile pc=0x000001ae4c8f0534 method=java.io.BufferedInputStream.read1([BII)I @ 39 c2
Event: 23.784 Thread 0x000001ae5df7e6e0 DEOPT PACKING pc=0x000001ae4c8f0534 sp=0x00000038032f31b0
Event: 23.784 Thread 0x000001ae5df7e6e0 DEOPT UNPACKING pc=0x000001ae4c11a1a3 sp=0x00000038032f30c8 mode 2
Event: 23.784 Thread 0x000001ae5df7e6e0 Uncommon trap: trap_request=0xffffffde fr.pc=0x000001ae4c87a114 relative=0x00000000000001d4
Event: 23.784 Thread 0x000001ae5df7e6e0 Uncommon trap: reason=class_check action=maybe_recompile pc=0x000001ae4c87a114 method=java.io.BufferedInputStream.read1([BII)I @ 39 c2
Event: 23.784 Thread 0x000001ae5df7e6e0 DEOPT PACKING pc=0x000001ae4c87a114 sp=0x00000038032f3110
Event: 23.784 Thread 0x000001ae5df7e6e0 DEOPT UNPACKING pc=0x000001ae4c11a1a3 sp=0x00000038032f30b8 mode 2
Event: 24.460 Thread 0x000001ae5df7e6e0 Uncommon trap: trap_request=0xffffff45 fr.pc=0x000001ae4c9171d8 relative=0x00000000000003d8
Event: 24.460 Thread 0x000001ae5df7e6e0 Uncommon trap: reason=unstable_if action=reinterpret pc=0x000001ae4c9171d8 method=org.gradle.internal.instantiation.generator.AbstractClassGenerator$InjectionAnnotationValidator.validateMethod(Ljava/lang/reflect/Method;Lorg/gradle/internal/reflect/Propert
Event: 24.460 Thread 0x000001ae5df7e6e0 DEOPT PACKING pc=0x000001ae4c9171d8 sp=0x00000038032f2a20
Event: 24.460 Thread 0x000001ae5df7e6e0 DEOPT UNPACKING pc=0x000001ae4c11a1a3 sp=0x00000038032f29c8 mode 2
Event: 25.078 Thread 0x000001ae5df7e6e0 DEOPT PACKING pc=0x000001ae44f7239b sp=0x00000038032f28f0
Event: 25.078 Thread 0x000001ae5df7e6e0 DEOPT UNPACKING pc=0x000001ae4c11ace3 sp=0x00000038032f1d60 mode 0

Classes unloaded (0 events):
No events

Classes redefined (0 events):
No events

Internal exceptions (20 events):
Event: 15.752 Thread 0x000001ae5df7e6e0 Exception <a 'java/lang/NoSuchMethodError'{0x00000000a5859508}: 'java.lang.Object java.lang.invoke.DirectMethodHandle$Holder.invokeStatic(java.lang.Object, java.lang.Object, java.lang.Object, java.lang.Object, java.lang.Object, java.lang.Object, java.lang.Object, java.lang.Object, java.lang.Object, java.lang.Object, java.lang.Object, java.lang.Object, java.lang.Object, java.lang.Object, java.lang.Object, java.lang.Object, java.lang.Object, java.lang.Object, java.lang.Object, java.lang.Object)'> (0x00000000
Event: 15.760 Thread 0x000001ae5df7e6e0 Exception <a 'java/lang/NoSuchMethodError'{0x00000000a5886190}: 'java.lang.Object java.lang.invoke.DirectMethodHandle$Holder.invokeStatic(java.lang.Object, java.lang.Object, java.lang.Object, java.lang.Object, java.lang.Object, java.lang.Object, java.lang.Object, java.lang.Object, java.lang.Object, java.lang.Object, java.lang.Object, java.lang.Object, java.lang.Object, java.lang.Object, java.lang.Object, java.lang.Object, java.lang.Object, java.lang.Object, java.lang.Object, java.lang.Object, java.lang.Obj
Event: 15.771 Thread 0x000001ae5df7e6e0 Exception <a 'java/lang/NoSuchMethodError'{0x00000000a58b19e8}: 'java.lang.Object java.lang.invoke.DirectMethodHandle$Holder.invokeStatic(java.lang.Object, java.lang.Object, java.lang.Object, java.lang.Object, java.lang.Object, java.lang.Object, java.lang.Object, java.lang.Object, java.lang.Object, java.lang.Object, java.lang.Object, java.lang.Object, java.lang.Object, java.lang.Object, java.lang.Object, java.lang.Object, java.lang.Object, java.lang.Object, java.lang.Object, java.lang.Object, java.lang.Obj
Event: 15.775 Thread 0x000001ae5df7e6e0 Exception <a 'java/lang/NoSuchMethodError'{0x00000000a58decd8}: 'java.lang.Object java.lang.invoke.DirectMethodHandle$Holder.invokeStatic(java.lang.Object, java.lang.Object, java.lang.Object, java.lang.Object, java.lang.Object, java.lang.Object, java.lang.Object, java.lang.Object, java.lang.Object, java.lang.Object, java.lang.Object, java.lang.Object, java.lang.Object, java.lang.Object, java.lang.Object, java.lang.Object, java.lang.Object, java.lang.Object, java.lang.Object, java.lang.Object, java.lang.Obj
Event: 15.780 Thread 0x000001ae5df7e6e0 Exception <a 'java/lang/NoSuchMethodError'{0x00000000a570de48}: 'java.lang.Object java.lang.invoke.DirectMethodHandle$Holder.invokeStatic(java.lang.Object, java.lang.Object, java.lang.Object, java.lang.Object, java.lang.Object, java.lang.Object, java.lang.Object, java.lang.Object, java.lang.Object, java.lang.Object, java.lang.Object, java.lang.Object, java.lang.Object, java.lang.Object, java.lang.Object, java.lang.Object, java.lang.Object, java.lang.Object, java.lang.Object, java.lang.Object, java.lang.Obj
Event: 15.881 Thread 0x000001ae5df7e6e0 Exception <a 'java/lang/IncompatibleClassChangeError'{0x00000000a552b938}: Found class java.lang.Object, but interface was expected> (0x00000000a552b938) 
thrown [s\src\hotspot\share\interpreter\linkResolver.cpp, line 838]
Event: 15.884 Thread 0x000001ae5df7e6e0 Exception <a 'java/lang/NoSuchMethodError'{0x00000000a55333e8}: 'int java.lang.invoke.DirectMethodHandle$Holder.invokeSpecialIFC(java.lang.Object, java.lang.Object, java.lang.Object, java.lang.Object, java.lang.Object)'> (0x00000000a55333e8) 
thrown [s\src\hotspot\share\interpreter\linkResolver.cpp, line 771]
Event: 16.574 Thread 0x000001ae5df7e6e0 Exception <a 'java/lang/NoSuchMethodError'{0x00000000aca6ef18}: 'int java.lang.invoke.DirectMethodHandle$Holder.invokeStatic(java.lang.Object)'> (0x00000000aca6ef18) 
thrown [s\src\hotspot\share\interpreter\linkResolver.cpp, line 771]
Event: 16.575 Thread 0x000001ae5df7e6e0 Exception <a 'java/lang/NoSuchMethodError'{0x00000000aca73308}: 'int java.lang.invoke.DirectMethodHandle$Holder.invokeStaticInit(java.lang.Object)'> (0x00000000aca73308) 
thrown [s\src\hotspot\share\interpreter\linkResolver.cpp, line 771]
Event: 18.299 Thread 0x000001ae5df7e6e0 Exception <a 'java/lang/NoSuchMethodError'{0x00000000a8c11690}: 'void java.lang.invoke.DirectMethodHandle$Holder.invokeStatic(java.lang.Object, java.lang.Object, java.lang.Object, java.lang.Object, java.lang.Object, java.lang.Object)'> (0x00000000a8c11690) 
thrown [s\src\hotspot\share\interpreter\linkResolver.cpp, line 771]
Event: 18.772 Thread 0x000001ae5df7e6e0 Exception <a 'java/lang/NoSuchMethodError'{0x00000000a8afc970}: 'void java.lang.invoke.DirectMethodHandle$Holder.invokeStatic(java.lang.Object, java.lang.Object, java.lang.Object, int, java.lang.Object)'> (0x00000000a8afc970) 
thrown [s\src\hotspot\share\interpreter\linkResolver.cpp, line 771]
Event: 21.309 Thread 0x000001ae5df7e6e0 Exception <a 'java/lang/ClassNotFoundException'{0x00000000a6a29e40}: build_9cwkd985x21u99hbukb91lkyjBeanInfo> (0x00000000a6a29e40) 
thrown [s\src\hotspot\share\classfile\systemDictionary.cpp, line 256]
Event: 21.310 Thread 0x000001ae5df7e6e0 Exception <a 'java/lang/ClassNotFoundException'{0x00000000a6a30660}: build_9cwkd985x21u99hbukb91lkyjCustomizer> (0x00000000a6a30660) 
thrown [s\src\hotspot\share\classfile\systemDictionary.cpp, line 256]
Event: 22.001 Thread 0x000001ae5df7e6e0 Exception <a 'java/lang/ClassNotFoundException'{0x00000000a6052788}: build_5jvytn4cqw562xaigb7u1wsoBeanInfo> (0x00000000a6052788) 
thrown [s\src\hotspot\share\classfile\systemDictionary.cpp, line 256]
Event: 22.002 Thread 0x000001ae5df7e6e0 Exception <a 'java/lang/ClassNotFoundException'{0x00000000a605daa8}: build_5jvytn4cqw562xaigb7u1wsoCustomizer> (0x00000000a605daa8) 
thrown [s\src\hotspot\share\classfile\systemDictionary.cpp, line 256]
Event: 22.801 Thread 0x000001ae5df7e6e0 Exception <a 'java/lang/NoSuchMethodError'{0x00000000a54c6778}: 'java.lang.Object java.lang.invoke.DirectMethodHandle$Holder.newInvokeSpecial(java.lang.Object, java.lang.Object, java.lang.Object, java.lang.Object, int)'> (0x00000000a54c6778) 
thrown [s\src\hotspot\share\interpreter\linkResolver.cpp, line 771]
Event: 22.804 Thread 0x000001ae5df7e6e0 Exception <a 'java/lang/NoSuchMethodError'{0x00000000a54cc540}: 'java.lang.Object java.lang.invoke.DirectMethodHandle$Holder.invokeSpecial(java.lang.Object, java.lang.Object, java.lang.Object, java.lang.Object, java.lang.Object, int)'> (0x00000000a54cc540) 
thrown [s\src\hotspot\share\interpreter\linkResolver.cpp, line 771]
Event: 22.805 Thread 0x000001ae5df7e6e0 Exception <a 'java/lang/NoSuchMethodError'{0x00000000a54d1cb8}: 'java.lang.Object java.lang.invoke.Invokers$Holder.linkToTargetMethod(java.lang.Object, java.lang.Object, java.lang.Object, int, java.lang.Object)'> (0x00000000a54d1cb8) 
thrown [s\src\hotspot\share\interpreter\linkResolver.cpp, line 771]
Event: 22.861 Thread 0x000001ae5df7e6e0 Exception <a 'java/lang/NoSuchMethodError'{0x00000000a5398b90}: 'java.lang.Object java.lang.invoke.DirectMethodHandle$Holder.newInvokeSpecial(java.lang.Object, java.lang.Object, int, int)'> (0x00000000a5398b90) 
thrown [s\src\hotspot\share\interpreter\linkResolver.cpp, line 771]
Event: 24.403 Thread 0x000001ae5df7e6e0 Exception <a 'java/lang/NoSuchMethodError'{0x00000000a87330d0}: 'int java.lang.invoke.DirectMethodHandle$Holder.invokeInterface(java.lang.Object, java.lang.Object, java.lang.Object, java.lang.Object)'> (0x00000000a87330d0) 
thrown [s\src\hotspot\share\interpreter\linkResolver.cpp, line 771]

VM Operations (20 events):
Event: 20.008 Executing VM operation: Cleanup
Event: 20.009 Executing VM operation: Cleanup done
Event: 21.021 Executing VM operation: Cleanup
Event: 21.021 Executing VM operation: Cleanup done
Event: 22.022 Executing VM operation: Cleanup
Event: 22.022 Executing VM operation: Cleanup done
Event: 23.036 Executing VM operation: Cleanup
Event: 23.103 Executing VM operation: Cleanup done
Event: 23.156 Executing VM operation: G1CollectForAllocation
Event: 23.172 Executing VM operation: G1CollectForAllocation done
Event: 23.924 Executing VM operation: HandshakeAllThreads
Event: 23.924 Executing VM operation: HandshakeAllThreads done
Event: 24.379 Executing VM operation: HandshakeAllThreads
Event: 24.380 Executing VM operation: HandshakeAllThreads done
Event: 24.380 Executing VM operation: Cleanup
Event: 24.380 Executing VM operation: Cleanup done
Event: 24.397 Executing VM operation: HandshakeAllThreads
Event: 24.398 Executing VM operation: HandshakeAllThreads done
Event: 25.408 Executing VM operation: Cleanup
Event: 25.409 Executing VM operation: Cleanup done

Events (20 events):
Event: 24.989 loading class java/time/format/DateTimeFormatterBuilder$ZoneIdPrinterParser
Event: 24.991 loading class java/time/format/DateTimeFormatterBuilder$ZoneIdPrinterParser done
Event: 24.997 loading class java/time/format/DateTimeFormatterBuilder$StringLiteralPrinterParser
Event: 24.999 loading class java/time/format/DateTimeFormatterBuilder$StringLiteralPrinterParser done
Event: 24.999 loading class java/time/format/DateTimeFormatterBuilder$InstantPrinterParser
Event: 25.000 loading class java/time/format/DateTimeFormatterBuilder$InstantPrinterParser done
Event: 25.000 loading class java/time/format/DateTimeTextProvider$LocaleStore
Event: 25.001 loading class java/time/format/DateTimeTextProvider$LocaleStore done
Event: 25.001 loading class java/time/format/DateTimeTextProvider
Event: 25.001 loading class java/time/format/DateTimeTextProvider done
Event: 25.001 loading class java/time/format/DateTimeTextProvider$1
Event: 25.002 loading class java/time/format/DateTimeTextProvider$1 done
Event: 25.002 loading class java/time/format/DateTimeFormatterBuilder$1
Event: 25.005 loading class java/time/format/DateTimeFormatterBuilder$1 done
Event: 25.005 loading class java/time/format/DateTimeFormatterBuilder$TextPrinterParser
Event: 25.005 loading class java/time/format/DateTimeFormatterBuilder$TextPrinterParser done
Event: 25.008 loading class java/util/concurrent/Executors$DefaultThreadFactory
Event: 25.008 loading class java/util/concurrent/Executors$DefaultThreadFactory done
Event: 25.447 loading class java/util/regex/Pattern$1
Event: 25.447 loading class java/util/regex/Pattern$1 done


Dynamic libraries:
0x00007ff7f92a0000 - 0x00007ff7f92aa000 	C:\Program Files\Android\Android Studio\jbr\bin\java.exe
0x00007ff8db9d0000 - 0x00007ff8dbbc8000 	C:\Windows\SYSTEM32\ntdll.dll
0x00007ff8db8c0000 - 0x00007ff8db981000 	C:\Windows\System32\KERNEL32.DLL
0x00007ff8d9650000 - 0x00007ff8d994d000 	C:\Windows\System32\KERNELBASE.dll
0x00007ff8d91e0000 - 0x00007ff8d92e0000 	C:\Windows\System32\ucrtbase.dll
0x00007ff8cb0e0000 - 0x00007ff8cb0fb000 	C:\Program Files\Android\Android Studio\jbr\bin\VCRUNTIME140.dll
0x00007ff8cb2d0000 - 0x00007ff8cb2e7000 	C:\Program Files\Android\Android Studio\jbr\bin\jli.dll
0x00007ff8dae20000 - 0x00007ff8dafbd000 	C:\Windows\System32\USER32.dll
0x00007ff8d95f0000 - 0x00007ff8d9612000 	C:\Windows\System32\win32u.dll
0x00007ff8d9b70000 - 0x00007ff8d9b9b000 	C:\Windows\System32\GDI32.dll
0x00007ff8d94d0000 - 0x00007ff8d95e7000 	C:\Windows\System32\gdi32full.dll
0x00007ff8d90f0000 - 0x00007ff8d918d000 	C:\Windows\System32\msvcp_win.dll
0x00007ff8c3ed0000 - 0x00007ff8c416a000 	C:\Windows\WinSxS\amd64_microsoft.windows.common-controls_6595b64144ccf1df_6.0.19041.4355_none_60b8b9eb71f62e16\COMCTL32.dll
0x00007ff8da910000 - 0x00007ff8da9ae000 	C:\Windows\System32\msvcrt.dll
0x00007ff8d9b40000 - 0x00007ff8d9b6f000 	C:\Windows\System32\IMM32.DLL
0x00007ff8ce790000 - 0x00007ff8ce8ea000 	\\?\AruDhfBJVPjMvBFyibAohKQ\GLOBAL??\C:\Windows\system32\tmumh\20019\AddOn\8.55.0.1333\TmUmEvt64.dll
0x00007ff8db550000 - 0x00007ff8db558000 	C:\Windows\System32\PSAPI.DLL
0x00007ff8dacd0000 - 0x00007ff8dad80000 	C:\Windows\System32\ADVAPI32.dll
0x00007ff8dad80000 - 0x00007ff8dae20000 	C:\Windows\System32\sechost.dll
0x00007ff8da3a0000 - 0x00007ff8da4c3000 	C:\Windows\System32\RPCRT4.dll
0x00007ff8d9620000 - 0x00007ff8d9647000 	C:\Windows\System32\bcrypt.dll
0x0000000060480000 - 0x00000000605fe000 	\\?\AruDhfBJVPjMvBFyibAohKQ\GLOBAL??\C:\Windows\system32\tmumh\20019\TmMon\2.9.0.1176\tmmon64.dll
0x00007ff8cba80000 - 0x00007ff8cba8c000 	C:\Program Files\Android\Android Studio\jbr\bin\vcruntime140_1.dll
0x00007ff8c92e0000 - 0x00007ff8c936d000 	C:\Program Files\Android\Android Studio\jbr\bin\msvcp140.dll
0x00007ff82f2f0000 - 0x00007ff82ff5e000 	C:\Program Files\Android\Android Studio\jbr\bin\server\jvm.dll
0x00007ff8be9d0000 - 0x00007ff8be9d9000 	C:\Windows\SYSTEM32\WSOCK32.dll
0x00007ff8da840000 - 0x00007ff8da8ab000 	C:\Windows\System32\WS2_32.dll
0x00007ff8cfc80000 - 0x00007ff8cfca7000 	C:\Windows\SYSTEM32\WINMM.dll
0x00007ff8d1530000 - 0x00007ff8d153a000 	C:\Windows\SYSTEM32\VERSION.dll
0x00007ff8d76b0000 - 0x00007ff8d76c2000 	C:\Windows\SYSTEM32\kernel.appcore.dll
0x00007ff8d3790000 - 0x00007ff8d379a000 	C:\Program Files\Android\Android Studio\jbr\bin\jimage.dll
0x00007ff8d6ab0000 - 0x00007ff8d6c94000 	C:\Windows\SYSTEM32\DBGHELP.DLL
0x00007ff8cc3e0000 - 0x00007ff8cc414000 	C:\Windows\SYSTEM32\dbgcore.DLL
0x00007ff8d92e0000 - 0x00007ff8d9362000 	C:\Windows\System32\bcryptPrimitives.dll
0x00007ff8cb350000 - 0x00007ff8cb375000 	C:\Program Files\Android\Android Studio\jbr\bin\java.dll
0x00007ff8cb330000 - 0x00007ff8cb348000 	C:\Program Files\Android\Android Studio\jbr\bin\zip.dll
0x00007ff8d9c30000 - 0x00007ff8da39f000 	C:\Windows\System32\SHELL32.dll
0x00007ff8d6f00000 - 0x00007ff8d769f000 	C:\Windows\SYSTEM32\windows.storage.dll
0x00007ff8db560000 - 0x00007ff8db8b3000 	C:\Windows\System32\combase.dll
0x00007ff8d8aa0000 - 0x00007ff8d8ace000 	C:\Windows\SYSTEM32\Wldp.dll
0x00007ff8d9a00000 - 0x00007ff8d9acd000 	C:\Windows\System32\OLEAUT32.dll
0x00007ff8daa10000 - 0x00007ff8daabd000 	C:\Windows\System32\SHCORE.dll
0x00007ff8d9ae0000 - 0x00007ff8d9b35000 	C:\Windows\System32\shlwapi.dll
0x00007ff8d8fb0000 - 0x00007ff8d8fd4000 	C:\Windows\SYSTEM32\profapi.dll
0x00007ff8cb310000 - 0x00007ff8cb329000 	C:\Program Files\Android\Android Studio\jbr\bin\net.dll
0x00007ff8d23d0000 - 0x00007ff8d24dd000 	C:\Windows\SYSTEM32\WINHTTP.dll
0x00007ff8d8800000 - 0x00007ff8d886a000 	C:\Windows\system32\mswsock.dll
0x00007ff8cb2f0000 - 0x00007ff8cb306000 	C:\Program Files\Android\Android Studio\jbr\bin\nio.dll
0x00007ff8d1560000 - 0x00007ff8d1570000 	C:\Program Files\Android\Android Studio\jbr\bin\verify.dll
0x00007ff89aff0000 - 0x00007ff89b017000 	C:\Users\javedmughal\.gradle\native\e1d6ef7f7dcc3fd88c89a11ec53ec762bb8ba0a96d01ffa2cd45eb1d1d8dd5c5\windows-amd64\native-platform.dll
0x00007ff88cd10000 - 0x00007ff88ce54000 	C:\Users\javedmughal\.gradle\native\0d407fdbe67a94daf76414ababcb853783967236a71b16ec16e742cd7a986fd3\windows-amd64\native-platform-file-events.dll
0x00007ff8cfc50000 - 0x00007ff8cfc59000 	C:\Program Files\Android\Android Studio\jbr\bin\management.dll
0x00007ff8cc4d0000 - 0x00007ff8cc4db000 	C:\Program Files\Android\Android Studio\jbr\bin\management_ext.dll
0x00007ff8d8a00000 - 0x00007ff8d8a18000 	C:\Windows\SYSTEM32\CRYPTSP.dll
0x00007ff8d80b0000 - 0x00007ff8d80e4000 	C:\Windows\system32\rsaenh.dll
0x00007ff8d8f20000 - 0x00007ff8d8f4e000 	C:\Windows\SYSTEM32\USERENV.dll
0x00007ff8d89f0000 - 0x00007ff8d89fc000 	C:\Windows\SYSTEM32\CRYPTBASE.dll
0x00007ff8d8490000 - 0x00007ff8d84cb000 	C:\Windows\SYSTEM32\IPHLPAPI.DLL
0x00007ff8d9ad0000 - 0x00007ff8d9ad8000 	C:\Windows\System32\NSI.dll
0x00007ff8d4f10000 - 0x00007ff8d4f27000 	C:\Windows\SYSTEM32\dhcpcsvc6.DLL
0x00007ff8d4d80000 - 0x00007ff8d4d9d000 	C:\Windows\SYSTEM32\dhcpcsvc.DLL
0x00007ff8d84d0000 - 0x00007ff8d859a000 	C:\Windows\SYSTEM32\DNSAPI.dll
0x00007ff8cc500000 - 0x00007ff8cc507000 	C:\Windows\system32\wshunix.dll

dbghelp: loaded successfully - version: 4.0.5 - missing functions: none
symbol engine: initialized successfully - sym options: 0x614 - pdb path: .;C:\Program Files\Android\Android Studio\jbr\bin;C:\Windows\SYSTEM32;C:\Windows\WinSxS\amd64_microsoft.windows.common-controls_6595b64144ccf1df_6.0.19041.4355_none_60b8b9eb71f62e16;\\?\AruDhfBJVPjMvBFyibAohKQ\GLOBAL??\C:\Windows\system32\tmumh\20019\AddOn\8.55.0.1333;\\?\AruDhfBJVPjMvBFyibAohKQ\GLOBAL??\C:\Windows\system32\tmumh\20019\TmMon\2.9.0.1176;C:\Program Files\Android\Android Studio\jbr\bin\server;C:\Users\javedmughal\.gradle\native\e1d6ef7f7dcc3fd88c89a11ec53ec762bb8ba0a96d01ffa2cd45eb1d1d8dd5c5\windows-amd64;C:\Users\javedmughal\.gradle\native\0d407fdbe67a94daf76414ababcb853783967236a71b16ec16e742cd7a986fd3\windows-amd64

VM Arguments:
jvm_args: --add-opens=java.base/java.util=ALL-UNNAMED --add-opens=java.base/java.lang=ALL-UNNAMED --add-opens=java.base/java.lang.invoke=ALL-UNNAMED --add-opens=java.base/java.util=ALL-UNNAMED --add-opens=java.prefs/java.util.prefs=ALL-UNNAMED --add-opens=java.prefs/java.util.prefs=ALL-UNNAMED --add-opens=java.base/java.nio.charset=ALL-UNNAMED --add-opens=java.base/java.net=ALL-UNNAMED --add-opens=java.base/java.util.concurrent.atomic=ALL-UNNAMED -Xmx1536M -Dfile.encoding=windows-1252 -Duser.country=US -Duser.language=en -Duser.variant 
java_command: org.gradle.launcher.daemon.bootstrap.GradleDaemon 7.5
java_class_path (initial): C:\Users\javedmughal\.gradle\wrapper\dists\gradle-7.5-all\6qsw290k5lz422uaf8jf6m7co\gradle-7.5\lib\gradle-launcher-7.5.jar
Launcher Type: SUN_STANDARD

[Global flags]
     intx CICompilerCount                          = 4                                         {product} {ergonomic}
     uint ConcGCThreads                            = 2                                         {product} {ergonomic}
     uint G1ConcRefinementThreads                  = 8                                         {product} {ergonomic}
   size_t G1HeapRegionSize                         = 1048576                                   {product} {ergonomic}
    uintx GCDrainStackTargetSize                   = 64                                        {product} {ergonomic}
   size_t InitialHeapSize                          = 266338304                                 {product} {ergonomic}
   size_t MarkStackSize                            = 4194304                                   {product} {ergonomic}
   size_t MaxHeapSize                              = 1610612736                                {product} {command line}
   size_t MaxNewSize                               = 965738496                                 {product} {ergonomic}
   size_t MinHeapDeltaBytes                        = 1048576                                   {product} {ergonomic}
   size_t MinHeapSize                              = 8388608                                   {product} {ergonomic}
    uintx NonNMethodCodeHeapSize                   = 5839372                                {pd product} {ergonomic}
    uintx NonProfiledCodeHeapSize                  = 122909434                              {pd product} {ergonomic}
    uintx ProfiledCodeHeapSize                     = 122909434                              {pd product} {ergonomic}
    uintx ReservedCodeCacheSize                    = 251658240                              {pd product} {ergonomic}
     bool SegmentedCodeCache                       = true                                      {product} {ergonomic}
   size_t SoftMaxHeapSize                          = 1610612736                             {manageable} {ergonomic}
     bool UseCompressedClassPointers               = true                           {product lp64_product} {ergonomic}
     bool UseCompressedOops                        = true                           {product lp64_product} {ergonomic}
     bool UseG1GC                                  = true                                      {product} {ergonomic}
     bool UseLargePagesIndividualAllocation        = false                                  {pd product} {ergonomic}

Logging:
Log output configuration:
 #0: stdout all=warning uptime,level,tags
 #1: stderr all=off uptime,level,tags

Environment Variables:
JAVA_HOME=C:\Program Files\Android\Android Studio\jbr
CLASSPATH=D:\javed_mughal\my_work\personal\Github_Projects\barcode_scanner_app\android\\gradle\wrapper\gradle-wrapper.jar
PATH=C:\Python312\Scripts\;C:\Python312\;D:\app\client\javedmughal\product\19.0.0\client_1\bin;C:\Program Files\Common Files\Oracle\Java\javapath;C:\Program Files (x86)\Common Files\Oracle\Java\javapath;E:\OraHome_1\bin;E:\OraHome_1\jre\1.4.2\bin\client;E:\OraHome_1\jre\1.4.2\bin;C:\DevSuiteHome_1\jdk\jre\bin\classic;C:\DevSuiteHome_1\jdk\jre\bin;C:\DevSuiteHome_1\jdk\jre\bin\client;C:\DevSuiteHome_1\jlib;C:\DevSuiteHome_1\bin;C:\DevSuiteHome_1\jre\1.4.2\bin\client;C:\DevSuiteHome_1\jre\1.4.2\bin;C:\Windows\system32;C:\Windows;C:\Windows\System32\Wbem;C:\Windows\System32\WindowsPowerShell\v1.0\;C:\Windows\System32\OpenSSH\;C:\Program Files\TortoiseSVN\bin;C:\Program Files (x86)\NVIDIA Corporation\PhysX\Common;C:\Program Files\NVIDIA Corporation\NVIDIA NvDLISR;C:\Program Files\Git\cmd;C:\Program Files (x86)\Java\jre1.8.0_341\bin;C:\Program Files\nodejs\;C:\ProgramData\chocolatey\bin;C:\Users\javedmughal\AppData\Local\Android\Sdk\platform-tools;C:\Program Files\MongoDB\Server\7.0\bin;C:\mongosh-2.0.2-win32-x64\bin;C:\src\flutter\.pub-cache\bin;C:\src\flutter\bin;C:\xampp\php;C:\composer;C:\Program Files\dotnet\;C:\Users\javedmughal\AppData\Local\Android\Sdk\emulator;C:\src\flutter\.pub-cache\bin;C:\Users\javedmughal\AppData\Local\Programs\Microsoft VS Code\bin;C:\Users\javedmughal\AppData\Local\GitHubDesktop\bin;C:\Users\javedmughal\AppData\Roaming\Composer\vendor\bin;C:\xampp\php;;C:\Program Files\JetBrains\PhpStorm 2024.1.2\bin;;D:\sdk\flutter3.10.2\bin\mingit\cmd
USERNAME=javedmughal
OS=Windows_NT
PROCESSOR_IDENTIFIER=Intel64 Family 6 Model 126 Stepping 5, GenuineIntel
TMP=C:\Users\JAVEDM~1\AppData\Local\Temp
TEMP=C:\Users\JAVEDM~1\AppData\Local\Temp


JNI global refs:
JNI global refs: 26, weak refs: 4

JNI global refs memory usage: 843, weak refs: 841


---------------  S Y S T E M  ---------------

OS:
 Windows 10 , 64 bit Build 19041 (10.0.19041.4717)
OS uptime: 1 days 5:47 hours

CPU: total 8 (initial active 8) (4 cores per cpu, 2 threads per core) family 6 model 126 stepping 5 microcode 0xc2, cx8, cmov, fxsr, ht, mmx, 3dnowpref, sse, sse2, sse3, ssse3, sse4.1, sse4.2, popcnt, lzcnt, tsc, tscinvbit, avx, avx2, aes, erms, clmul, bmi1, bmi2, adx, avx512f, avx512dq, avx512cd, avx512bw, avx512vl, sha, fma, vzeroupper, avx512_vpopcntdq, avx512_vpclmulqdq, avx512_vaes, avx512_vnni, clflush, clflushopt, avx512_vbmi2, avx512_vbmi

Memory: 4k page, system-wide physical 16151M (706M free)
TotalPageFile size 23151M (AvailPageFile size 0M)
current process WorkingSet (physical memory assigned to process): 338M, peak: 338M
current process commit charge ("private bytes"): 386M, peak: 397M

vm_info: OpenJDK 64-Bit Server VM (17.0.6+0-b2043.56-10027231) for windows-amd64 JRE (17.0.6+0-b2043.56-10027231), built on Apr 28 2023 00:43:19 by "androidbuild" with MS VC++ 16.10 / 16.11 (VS2019)

END.
